<?xml version="1.0"?>
<source xmlns="http://xml.phpdox.net/token">
  <file xmlns="http://xml.phpdox.net/src" path="/home/robert/Desktop/Hogeschool/2ejaars Development/DevBOpdrachten/project56/http/laravel/vendor/phpunit/phpunit/src/Util/Log" file="JUnit.php" realpath="/home/robert/Desktop/Hogeschool/2ejaars Development/DevBOpdrachten/project56/http/laravel/vendor/phpunit/phpunit/src/Util/Log/JUnit.php" size="12979" time="2015-12-17T18:44:10+00:00" unixtime="1450377850" sha1="e10975e2b2ece853ac5ccbbb46f98d8c39836aca" relative="vendor/phpunit/phpunit/src/Util/Log/JUnit.php"/>
  <line no="1">
    <token name="T_OPEN_TAG">&lt;?php</token>
  </line>
  <line no="2">
    <token name="T_COMMENT">/*</token>
  </line>
  <line no="3">
    <token name="T_COMMENT"> * This file is part of PHPUnit.</token>
  </line>
  <line no="4">
    <token name="T_COMMENT"> *</token>
  </line>
  <line no="5">
    <token name="T_COMMENT"> * (c) Sebastian Bergmann &lt;sebastian@phpunit.de&gt;</token>
  </line>
  <line no="6">
    <token name="T_COMMENT"> *</token>
  </line>
  <line no="7">
    <token name="T_COMMENT"> * For the full copyright and license information, please view the LICENSE</token>
  </line>
  <line no="8">
    <token name="T_COMMENT"> * file that was distributed with this source code.</token>
  </line>
  <line no="9">
    <token name="T_COMMENT"> */</token>
  </line>
  <line no="10"/>
  <line no="11">
    <token name="T_DOC_COMMENT">/**</token>
  </line>
  <line no="12">
    <token name="T_DOC_COMMENT"> * A TestListener that generates a logfile of the test execution in XML markup.</token>
  </line>
  <line no="13">
    <token name="T_DOC_COMMENT"> *</token>
  </line>
  <line no="14">
    <token name="T_DOC_COMMENT"> * The XML markup used is the same as the one that is used by the JUnit Ant task.</token>
  </line>
  <line no="15">
    <token name="T_DOC_COMMENT"> *</token>
  </line>
  <line no="16">
    <token name="T_DOC_COMMENT"> * @since Class available since Release 2.1.0</token>
  </line>
  <line no="17">
    <token name="T_DOC_COMMENT"> */</token>
  </line>
  <line no="18">
    <token name="T_CLASS">class</token>
    <token name="T_WHITESPACE"> </token>
    <token name="T_STRING">PHPUnit_Util_Log_JUnit</token>
    <token name="T_WHITESPACE"> </token>
    <token name="T_EXTENDS">extends</token>
    <token name="T_WHITESPACE"> </token>
    <token name="T_STRING">PHPUnit_Util_Printer</token>
    <token name="T_WHITESPACE"> </token>
    <token name="T_IMPLEMENTS">implements</token>
    <token name="T_WHITESPACE"> </token>
    <token name="T_STRING">PHPUnit_Framework_TestListener</token>
  </line>
  <line no="19">
    <token name="T_PHPDOX_OPEN_CURLY">{</token>
  </line>
  <line no="20">
    <token name="T_WHITESPACE">    </token>
    <token name="T_DOC_COMMENT">/**</token>
  </line>
  <line no="21">
    <token name="T_DOC_COMMENT">     * @var DOMDocument</token>
  </line>
  <line no="22">
    <token name="T_DOC_COMMENT">     */</token>
  </line>
  <line no="23">
    <token name="T_WHITESPACE">    </token>
    <token name="T_PROTECTED">protected</token>
    <token name="T_WHITESPACE"> </token>
    <token name="T_VARIABLE">$document</token>
    <token name="T_PHPDOX_SEMICOLON">;</token>
  </line>
  <line no="24"/>
  <line no="25">
    <token name="T_WHITESPACE">    </token>
    <token name="T_DOC_COMMENT">/**</token>
  </line>
  <line no="26">
    <token name="T_DOC_COMMENT">     * @var DOMElement</token>
  </line>
  <line no="27">
    <token name="T_DOC_COMMENT">     */</token>
  </line>
  <line no="28">
    <token name="T_WHITESPACE">    </token>
    <token name="T_PROTECTED">protected</token>
    <token name="T_WHITESPACE"> </token>
    <token name="T_VARIABLE">$root</token>
    <token name="T_PHPDOX_SEMICOLON">;</token>
  </line>
  <line no="29"/>
  <line no="30">
    <token name="T_WHITESPACE">    </token>
    <token name="T_DOC_COMMENT">/**</token>
  </line>
  <line no="31">
    <token name="T_DOC_COMMENT">     * @var bool</token>
  </line>
  <line no="32">
    <token name="T_DOC_COMMENT">     */</token>
  </line>
  <line no="33">
    <token name="T_WHITESPACE">    </token>
    <token name="T_PROTECTED">protected</token>
    <token name="T_WHITESPACE"> </token>
    <token name="T_VARIABLE">$logIncompleteSkipped</token>
    <token name="T_WHITESPACE"> </token>
    <token name="T_PHPDOX_EQUAL">=</token>
    <token name="T_WHITESPACE"> </token>
    <token name="T_STRING">false</token>
    <token name="T_PHPDOX_SEMICOLON">;</token>
  </line>
  <line no="34"/>
  <line no="35">
    <token name="T_WHITESPACE">    </token>
    <token name="T_DOC_COMMENT">/**</token>
  </line>
  <line no="36">
    <token name="T_DOC_COMMENT">     * @var bool</token>
  </line>
  <line no="37">
    <token name="T_DOC_COMMENT">     */</token>
  </line>
  <line no="38">
    <token name="T_WHITESPACE">    </token>
    <token name="T_PROTECTED">protected</token>
    <token name="T_WHITESPACE"> </token>
    <token name="T_VARIABLE">$writeDocument</token>
    <token name="T_WHITESPACE"> </token>
    <token name="T_PHPDOX_EQUAL">=</token>
    <token name="T_WHITESPACE"> </token>
    <token name="T_STRING">true</token>
    <token name="T_PHPDOX_SEMICOLON">;</token>
  </line>
  <line no="39"/>
  <line no="40">
    <token name="T_WHITESPACE">    </token>
    <token name="T_DOC_COMMENT">/**</token>
  </line>
  <line no="41">
    <token name="T_DOC_COMMENT">     * @var DOMElement[]</token>
  </line>
  <line no="42">
    <token name="T_DOC_COMMENT">     */</token>
  </line>
  <line no="43">
    <token name="T_WHITESPACE">    </token>
    <token name="T_PROTECTED">protected</token>
    <token name="T_WHITESPACE"> </token>
    <token name="T_VARIABLE">$testSuites</token>
    <token name="T_WHITESPACE"> </token>
    <token name="T_PHPDOX_EQUAL">=</token>
    <token name="T_WHITESPACE"> </token>
    <token name="T_ARRAY">array</token>
    <token name="T_PHPDOX_OPEN_BRACKET">(</token>
    <token name="T_PHPDOX_CLOSE_BRACKET">)</token>
    <token name="T_PHPDOX_SEMICOLON">;</token>
  </line>
  <line no="44"/>
  <line no="45">
    <token name="T_WHITESPACE">    </token>
    <token name="T_DOC_COMMENT">/**</token>
  </line>
  <line no="46">
    <token name="T_DOC_COMMENT">     * @var int[]</token>
  </line>
  <line no="47">
    <token name="T_DOC_COMMENT">     */</token>
  </line>
  <line no="48">
    <token name="T_WHITESPACE">    </token>
    <token name="T_PROTECTED">protected</token>
    <token name="T_WHITESPACE"> </token>
    <token name="T_VARIABLE">$testSuiteTests</token>
    <token name="T_WHITESPACE"> </token>
    <token name="T_PHPDOX_EQUAL">=</token>
    <token name="T_WHITESPACE"> </token>
    <token name="T_ARRAY">array</token>
    <token name="T_PHPDOX_OPEN_BRACKET">(</token>
    <token name="T_LNUMBER">0</token>
    <token name="T_PHPDOX_CLOSE_BRACKET">)</token>
    <token name="T_PHPDOX_SEMICOLON">;</token>
  </line>
  <line no="49"/>
  <line no="50">
    <token name="T_WHITESPACE">    </token>
    <token name="T_DOC_COMMENT">/**</token>
  </line>
  <line no="51">
    <token name="T_DOC_COMMENT">     * @var int[]</token>
  </line>
  <line no="52">
    <token name="T_DOC_COMMENT">     */</token>
  </line>
  <line no="53">
    <token name="T_WHITESPACE">    </token>
    <token name="T_PROTECTED">protected</token>
    <token name="T_WHITESPACE"> </token>
    <token name="T_VARIABLE">$testSuiteAssertions</token>
    <token name="T_WHITESPACE"> </token>
    <token name="T_PHPDOX_EQUAL">=</token>
    <token name="T_WHITESPACE"> </token>
    <token name="T_ARRAY">array</token>
    <token name="T_PHPDOX_OPEN_BRACKET">(</token>
    <token name="T_LNUMBER">0</token>
    <token name="T_PHPDOX_CLOSE_BRACKET">)</token>
    <token name="T_PHPDOX_SEMICOLON">;</token>
  </line>
  <line no="54"/>
  <line no="55">
    <token name="T_WHITESPACE">    </token>
    <token name="T_DOC_COMMENT">/**</token>
  </line>
  <line no="56">
    <token name="T_DOC_COMMENT">     * @var int[]</token>
  </line>
  <line no="57">
    <token name="T_DOC_COMMENT">     */</token>
  </line>
  <line no="58">
    <token name="T_WHITESPACE">    </token>
    <token name="T_PROTECTED">protected</token>
    <token name="T_WHITESPACE"> </token>
    <token name="T_VARIABLE">$testSuiteErrors</token>
    <token name="T_WHITESPACE"> </token>
    <token name="T_PHPDOX_EQUAL">=</token>
    <token name="T_WHITESPACE"> </token>
    <token name="T_ARRAY">array</token>
    <token name="T_PHPDOX_OPEN_BRACKET">(</token>
    <token name="T_LNUMBER">0</token>
    <token name="T_PHPDOX_CLOSE_BRACKET">)</token>
    <token name="T_PHPDOX_SEMICOLON">;</token>
  </line>
  <line no="59"/>
  <line no="60">
    <token name="T_WHITESPACE">    </token>
    <token name="T_DOC_COMMENT">/**</token>
  </line>
  <line no="61">
    <token name="T_DOC_COMMENT">     * @var int[]</token>
  </line>
  <line no="62">
    <token name="T_DOC_COMMENT">     */</token>
  </line>
  <line no="63">
    <token name="T_WHITESPACE">    </token>
    <token name="T_PROTECTED">protected</token>
    <token name="T_WHITESPACE"> </token>
    <token name="T_VARIABLE">$testSuiteFailures</token>
    <token name="T_WHITESPACE"> </token>
    <token name="T_PHPDOX_EQUAL">=</token>
    <token name="T_WHITESPACE"> </token>
    <token name="T_ARRAY">array</token>
    <token name="T_PHPDOX_OPEN_BRACKET">(</token>
    <token name="T_LNUMBER">0</token>
    <token name="T_PHPDOX_CLOSE_BRACKET">)</token>
    <token name="T_PHPDOX_SEMICOLON">;</token>
  </line>
  <line no="64"/>
  <line no="65">
    <token name="T_WHITESPACE">    </token>
    <token name="T_DOC_COMMENT">/**</token>
  </line>
  <line no="66">
    <token name="T_DOC_COMMENT">     * @var int[]</token>
  </line>
  <line no="67">
    <token name="T_DOC_COMMENT">     */</token>
  </line>
  <line no="68">
    <token name="T_WHITESPACE">    </token>
    <token name="T_PROTECTED">protected</token>
    <token name="T_WHITESPACE"> </token>
    <token name="T_VARIABLE">$testSuiteTimes</token>
    <token name="T_WHITESPACE"> </token>
    <token name="T_PHPDOX_EQUAL">=</token>
    <token name="T_WHITESPACE"> </token>
    <token name="T_ARRAY">array</token>
    <token name="T_PHPDOX_OPEN_BRACKET">(</token>
    <token name="T_LNUMBER">0</token>
    <token name="T_PHPDOX_CLOSE_BRACKET">)</token>
    <token name="T_PHPDOX_SEMICOLON">;</token>
  </line>
  <line no="69"/>
  <line no="70">
    <token name="T_WHITESPACE">    </token>
    <token name="T_DOC_COMMENT">/**</token>
  </line>
  <line no="71">
    <token name="T_DOC_COMMENT">     * @var int</token>
  </line>
  <line no="72">
    <token name="T_DOC_COMMENT">     */</token>
  </line>
  <line no="73">
    <token name="T_WHITESPACE">    </token>
    <token name="T_PROTECTED">protected</token>
    <token name="T_WHITESPACE"> </token>
    <token name="T_VARIABLE">$testSuiteLevel</token>
    <token name="T_WHITESPACE"> </token>
    <token name="T_PHPDOX_EQUAL">=</token>
    <token name="T_WHITESPACE"> </token>
    <token name="T_LNUMBER">0</token>
    <token name="T_PHPDOX_SEMICOLON">;</token>
  </line>
  <line no="74"/>
  <line no="75">
    <token name="T_WHITESPACE">    </token>
    <token name="T_DOC_COMMENT">/**</token>
  </line>
  <line no="76">
    <token name="T_DOC_COMMENT">     * @var DOMElement</token>
  </line>
  <line no="77">
    <token name="T_DOC_COMMENT">     */</token>
  </line>
  <line no="78">
    <token name="T_WHITESPACE">    </token>
    <token name="T_PROTECTED">protected</token>
    <token name="T_WHITESPACE"> </token>
    <token name="T_VARIABLE">$currentTestCase</token>
    <token name="T_WHITESPACE"> </token>
    <token name="T_PHPDOX_EQUAL">=</token>
    <token name="T_WHITESPACE"> </token>
    <token name="T_STRING">null</token>
    <token name="T_PHPDOX_SEMICOLON">;</token>
  </line>
  <line no="79"/>
  <line no="80">
    <token name="T_WHITESPACE">    </token>
    <token name="T_DOC_COMMENT">/**</token>
  </line>
  <line no="81">
    <token name="T_DOC_COMMENT">     * @var bool</token>
  </line>
  <line no="82">
    <token name="T_DOC_COMMENT">     */</token>
  </line>
  <line no="83">
    <token name="T_WHITESPACE">    </token>
    <token name="T_PROTECTED">protected</token>
    <token name="T_WHITESPACE"> </token>
    <token name="T_VARIABLE">$attachCurrentTestCase</token>
    <token name="T_WHITESPACE"> </token>
    <token name="T_PHPDOX_EQUAL">=</token>
    <token name="T_WHITESPACE"> </token>
    <token name="T_STRING">true</token>
    <token name="T_PHPDOX_SEMICOLON">;</token>
  </line>
  <line no="84"/>
  <line no="85">
    <token name="T_WHITESPACE">    </token>
    <token name="T_DOC_COMMENT">/**</token>
  </line>
  <line no="86">
    <token name="T_DOC_COMMENT">     * Constructor.</token>
  </line>
  <line no="87">
    <token name="T_DOC_COMMENT">     *</token>
  </line>
  <line no="88">
    <token name="T_DOC_COMMENT">     * @param mixed $out</token>
  </line>
  <line no="89">
    <token name="T_DOC_COMMENT">     * @param bool  $logIncompleteSkipped</token>
  </line>
  <line no="90">
    <token name="T_DOC_COMMENT">     */</token>
  </line>
  <line no="91">
    <token name="T_WHITESPACE">    </token>
    <token name="T_PUBLIC">public</token>
    <token name="T_WHITESPACE"> </token>
    <token name="T_FUNCTION">function</token>
    <token name="T_WHITESPACE"> </token>
    <token name="T_STRING">__construct</token>
    <token name="T_PHPDOX_OPEN_BRACKET">(</token>
    <token name="T_VARIABLE">$out</token>
    <token name="T_WHITESPACE"> </token>
    <token name="T_PHPDOX_EQUAL">=</token>
    <token name="T_WHITESPACE"> </token>
    <token name="T_STRING">null</token>
    <token name="T_PHPDOX_COMMA">,</token>
    <token name="T_WHITESPACE"> </token>
    <token name="T_VARIABLE">$logIncompleteSkipped</token>
    <token name="T_WHITESPACE"> </token>
    <token name="T_PHPDOX_EQUAL">=</token>
    <token name="T_WHITESPACE"> </token>
    <token name="T_STRING">false</token>
    <token name="T_PHPDOX_CLOSE_BRACKET">)</token>
  </line>
  <line no="92">
    <token name="T_WHITESPACE">    </token>
    <token name="T_PHPDOX_OPEN_CURLY">{</token>
  </line>
  <line no="93">
    <token name="T_WHITESPACE">        </token>
    <token name="T_VARIABLE">$this</token>
    <token name="T_OBJECT_OPERATOR">-&gt;</token>
    <token name="T_STRING">document</token>
    <token name="T_WHITESPACE">               </token>
    <token name="T_PHPDOX_EQUAL">=</token>
    <token name="T_WHITESPACE"> </token>
    <token name="T_NEW">new</token>
    <token name="T_WHITESPACE"> </token>
    <token name="T_STRING">DOMDocument</token>
    <token name="T_PHPDOX_OPEN_BRACKET">(</token>
    <token name="T_CONSTANT_ENCAPSED_STRING">'1.0'</token>
    <token name="T_PHPDOX_COMMA">,</token>
    <token name="T_WHITESPACE"> </token>
    <token name="T_CONSTANT_ENCAPSED_STRING">'UTF-8'</token>
    <token name="T_PHPDOX_CLOSE_BRACKET">)</token>
    <token name="T_PHPDOX_SEMICOLON">;</token>
  </line>
  <line no="94">
    <token name="T_WHITESPACE">        </token>
    <token name="T_VARIABLE">$this</token>
    <token name="T_OBJECT_OPERATOR">-&gt;</token>
    <token name="T_STRING">document</token>
    <token name="T_OBJECT_OPERATOR">-&gt;</token>
    <token name="T_STRING">formatOutput</token>
    <token name="T_WHITESPACE"> </token>
    <token name="T_PHPDOX_EQUAL">=</token>
    <token name="T_WHITESPACE"> </token>
    <token name="T_STRING">true</token>
    <token name="T_PHPDOX_SEMICOLON">;</token>
  </line>
  <line no="95"/>
  <line no="96">
    <token name="T_WHITESPACE">        </token>
    <token name="T_VARIABLE">$this</token>
    <token name="T_OBJECT_OPERATOR">-&gt;</token>
    <token name="T_STRING">root</token>
    <token name="T_WHITESPACE"> </token>
    <token name="T_PHPDOX_EQUAL">=</token>
    <token name="T_WHITESPACE"> </token>
    <token name="T_VARIABLE">$this</token>
    <token name="T_OBJECT_OPERATOR">-&gt;</token>
    <token name="T_STRING">document</token>
    <token name="T_OBJECT_OPERATOR">-&gt;</token>
    <token name="T_STRING">createElement</token>
    <token name="T_PHPDOX_OPEN_BRACKET">(</token>
    <token name="T_CONSTANT_ENCAPSED_STRING">'testsuites'</token>
    <token name="T_PHPDOX_CLOSE_BRACKET">)</token>
    <token name="T_PHPDOX_SEMICOLON">;</token>
  </line>
  <line no="97">
    <token name="T_WHITESPACE">        </token>
    <token name="T_VARIABLE">$this</token>
    <token name="T_OBJECT_OPERATOR">-&gt;</token>
    <token name="T_STRING">document</token>
    <token name="T_OBJECT_OPERATOR">-&gt;</token>
    <token name="T_STRING">appendChild</token>
    <token name="T_PHPDOX_OPEN_BRACKET">(</token>
    <token name="T_VARIABLE">$this</token>
    <token name="T_OBJECT_OPERATOR">-&gt;</token>
    <token name="T_STRING">root</token>
    <token name="T_PHPDOX_CLOSE_BRACKET">)</token>
    <token name="T_PHPDOX_SEMICOLON">;</token>
  </line>
  <line no="98"/>
  <line no="99">
    <token name="T_WHITESPACE">        </token>
    <token name="T_STRING">parent</token>
    <token name="T_DOUBLE_COLON">::</token>
    <token name="T_STRING">__construct</token>
    <token name="T_PHPDOX_OPEN_BRACKET">(</token>
    <token name="T_VARIABLE">$out</token>
    <token name="T_PHPDOX_CLOSE_BRACKET">)</token>
    <token name="T_PHPDOX_SEMICOLON">;</token>
  </line>
  <line no="100"/>
  <line no="101">
    <token name="T_WHITESPACE">        </token>
    <token name="T_VARIABLE">$this</token>
    <token name="T_OBJECT_OPERATOR">-&gt;</token>
    <token name="T_STRING">logIncompleteSkipped</token>
    <token name="T_WHITESPACE"> </token>
    <token name="T_PHPDOX_EQUAL">=</token>
    <token name="T_WHITESPACE"> </token>
    <token name="T_VARIABLE">$logIncompleteSkipped</token>
    <token name="T_PHPDOX_SEMICOLON">;</token>
  </line>
  <line no="102">
    <token name="T_WHITESPACE">    </token>
    <token name="T_PHPDOX_CLOSE_CURLY">}</token>
  </line>
  <line no="103"/>
  <line no="104">
    <token name="T_WHITESPACE">    </token>
    <token name="T_DOC_COMMENT">/**</token>
  </line>
  <line no="105">
    <token name="T_DOC_COMMENT">     * Flush buffer and close output.</token>
  </line>
  <line no="106">
    <token name="T_DOC_COMMENT">     */</token>
  </line>
  <line no="107">
    <token name="T_WHITESPACE">    </token>
    <token name="T_PUBLIC">public</token>
    <token name="T_WHITESPACE"> </token>
    <token name="T_FUNCTION">function</token>
    <token name="T_WHITESPACE"> </token>
    <token name="T_STRING">flush</token>
    <token name="T_PHPDOX_OPEN_BRACKET">(</token>
    <token name="T_PHPDOX_CLOSE_BRACKET">)</token>
  </line>
  <line no="108">
    <token name="T_WHITESPACE">    </token>
    <token name="T_PHPDOX_OPEN_CURLY">{</token>
  </line>
  <line no="109">
    <token name="T_WHITESPACE">        </token>
    <token name="T_IF">if</token>
    <token name="T_WHITESPACE"> </token>
    <token name="T_PHPDOX_OPEN_BRACKET">(</token>
    <token name="T_VARIABLE">$this</token>
    <token name="T_OBJECT_OPERATOR">-&gt;</token>
    <token name="T_STRING">writeDocument</token>
    <token name="T_WHITESPACE"> </token>
    <token name="T_IS_IDENTICAL">===</token>
    <token name="T_WHITESPACE"> </token>
    <token name="T_STRING">true</token>
    <token name="T_PHPDOX_CLOSE_BRACKET">)</token>
    <token name="T_WHITESPACE"> </token>
    <token name="T_PHPDOX_OPEN_CURLY">{</token>
  </line>
  <line no="110">
    <token name="T_WHITESPACE">            </token>
    <token name="T_VARIABLE">$this</token>
    <token name="T_OBJECT_OPERATOR">-&gt;</token>
    <token name="T_STRING">write</token>
    <token name="T_PHPDOX_OPEN_BRACKET">(</token>
    <token name="T_VARIABLE">$this</token>
    <token name="T_OBJECT_OPERATOR">-&gt;</token>
    <token name="T_STRING">getXML</token>
    <token name="T_PHPDOX_OPEN_BRACKET">(</token>
    <token name="T_PHPDOX_CLOSE_BRACKET">)</token>
    <token name="T_PHPDOX_CLOSE_BRACKET">)</token>
    <token name="T_PHPDOX_SEMICOLON">;</token>
  </line>
  <line no="111">
    <token name="T_WHITESPACE">        </token>
    <token name="T_PHPDOX_CLOSE_CURLY">}</token>
  </line>
  <line no="112"/>
  <line no="113">
    <token name="T_WHITESPACE">        </token>
    <token name="T_STRING">parent</token>
    <token name="T_DOUBLE_COLON">::</token>
    <token name="T_STRING">flush</token>
    <token name="T_PHPDOX_OPEN_BRACKET">(</token>
    <token name="T_PHPDOX_CLOSE_BRACKET">)</token>
    <token name="T_PHPDOX_SEMICOLON">;</token>
  </line>
  <line no="114">
    <token name="T_WHITESPACE">    </token>
    <token name="T_PHPDOX_CLOSE_CURLY">}</token>
  </line>
  <line no="115"/>
  <line no="116">
    <token name="T_WHITESPACE">    </token>
    <token name="T_DOC_COMMENT">/**</token>
  </line>
  <line no="117">
    <token name="T_DOC_COMMENT">     * An error occurred.</token>
  </line>
  <line no="118">
    <token name="T_DOC_COMMENT">     *</token>
  </line>
  <line no="119">
    <token name="T_DOC_COMMENT">     * @param PHPUnit_Framework_Test $test</token>
  </line>
  <line no="120">
    <token name="T_DOC_COMMENT">     * @param Exception              $e</token>
  </line>
  <line no="121">
    <token name="T_DOC_COMMENT">     * @param float                  $time</token>
  </line>
  <line no="122">
    <token name="T_DOC_COMMENT">     */</token>
  </line>
  <line no="123">
    <token name="T_WHITESPACE">    </token>
    <token name="T_PUBLIC">public</token>
    <token name="T_WHITESPACE"> </token>
    <token name="T_FUNCTION">function</token>
    <token name="T_WHITESPACE"> </token>
    <token name="T_STRING">addError</token>
    <token name="T_PHPDOX_OPEN_BRACKET">(</token>
    <token name="T_STRING">PHPUnit_Framework_Test</token>
    <token name="T_WHITESPACE"> </token>
    <token name="T_VARIABLE">$test</token>
    <token name="T_PHPDOX_COMMA">,</token>
    <token name="T_WHITESPACE"> </token>
    <token name="T_STRING">Exception</token>
    <token name="T_WHITESPACE"> </token>
    <token name="T_VARIABLE">$e</token>
    <token name="T_PHPDOX_COMMA">,</token>
    <token name="T_WHITESPACE"> </token>
    <token name="T_VARIABLE">$time</token>
    <token name="T_PHPDOX_CLOSE_BRACKET">)</token>
  </line>
  <line no="124">
    <token name="T_WHITESPACE">    </token>
    <token name="T_PHPDOX_OPEN_CURLY">{</token>
  </line>
  <line no="125">
    <token name="T_WHITESPACE">        </token>
    <token name="T_IF">if</token>
    <token name="T_WHITESPACE"> </token>
    <token name="T_PHPDOX_OPEN_BRACKET">(</token>
    <token name="T_VARIABLE">$this</token>
    <token name="T_OBJECT_OPERATOR">-&gt;</token>
    <token name="T_STRING">currentTestCase</token>
    <token name="T_WHITESPACE"> </token>
    <token name="T_IS_IDENTICAL">===</token>
    <token name="T_WHITESPACE"> </token>
    <token name="T_STRING">null</token>
    <token name="T_PHPDOX_CLOSE_BRACKET">)</token>
    <token name="T_WHITESPACE"> </token>
    <token name="T_PHPDOX_OPEN_CURLY">{</token>
  </line>
  <line no="126">
    <token name="T_WHITESPACE">            </token>
    <token name="T_RETURN">return</token>
    <token name="T_PHPDOX_SEMICOLON">;</token>
  </line>
  <line no="127">
    <token name="T_WHITESPACE">        </token>
    <token name="T_PHPDOX_CLOSE_CURLY">}</token>
  </line>
  <line no="128"/>
  <line no="129">
    <token name="T_WHITESPACE">        </token>
    <token name="T_IF">if</token>
    <token name="T_WHITESPACE"> </token>
    <token name="T_PHPDOX_OPEN_BRACKET">(</token>
    <token name="T_VARIABLE">$test</token>
    <token name="T_WHITESPACE"> </token>
    <token name="T_INSTANCEOF">instanceof</token>
    <token name="T_WHITESPACE"> </token>
    <token name="T_STRING">PHPUnit_Framework_SelfDescribing</token>
    <token name="T_PHPDOX_CLOSE_BRACKET">)</token>
    <token name="T_WHITESPACE"> </token>
    <token name="T_PHPDOX_OPEN_CURLY">{</token>
  </line>
  <line no="130">
    <token name="T_WHITESPACE">            </token>
    <token name="T_VARIABLE">$buffer</token>
    <token name="T_WHITESPACE"> </token>
    <token name="T_PHPDOX_EQUAL">=</token>
    <token name="T_WHITESPACE"> </token>
    <token name="T_VARIABLE">$test</token>
    <token name="T_OBJECT_OPERATOR">-&gt;</token>
    <token name="T_STRING">toString</token>
    <token name="T_PHPDOX_OPEN_BRACKET">(</token>
    <token name="T_PHPDOX_CLOSE_BRACKET">)</token>
    <token name="T_WHITESPACE"> </token>
    <token name="T_PHPDOX_DOT">.</token>
    <token name="T_WHITESPACE"> </token>
    <token name="T_CONSTANT_ENCAPSED_STRING">"\n"</token>
    <token name="T_PHPDOX_SEMICOLON">;</token>
  </line>
  <line no="131">
    <token name="T_WHITESPACE">        </token>
    <token name="T_PHPDOX_CLOSE_CURLY">}</token>
    <token name="T_WHITESPACE"> </token>
    <token name="T_ELSE">else</token>
    <token name="T_WHITESPACE"> </token>
    <token name="T_PHPDOX_OPEN_CURLY">{</token>
  </line>
  <line no="132">
    <token name="T_WHITESPACE">            </token>
    <token name="T_VARIABLE">$buffer</token>
    <token name="T_WHITESPACE"> </token>
    <token name="T_PHPDOX_EQUAL">=</token>
    <token name="T_WHITESPACE"> </token>
    <token name="T_CONSTANT_ENCAPSED_STRING">''</token>
    <token name="T_PHPDOX_SEMICOLON">;</token>
  </line>
  <line no="133">
    <token name="T_WHITESPACE">        </token>
    <token name="T_PHPDOX_CLOSE_CURLY">}</token>
  </line>
  <line no="134"/>
  <line no="135">
    <token name="T_WHITESPACE">        </token>
    <token name="T_VARIABLE">$buffer</token>
    <token name="T_WHITESPACE"> </token>
    <token name="T_CONCAT_EQUAL">.=</token>
    <token name="T_WHITESPACE"> </token>
    <token name="T_STRING">PHPUnit_Framework_TestFailure</token>
    <token name="T_DOUBLE_COLON">::</token>
    <token name="T_STRING">exceptionToString</token>
    <token name="T_PHPDOX_OPEN_BRACKET">(</token>
    <token name="T_VARIABLE">$e</token>
    <token name="T_PHPDOX_CLOSE_BRACKET">)</token>
    <token name="T_WHITESPACE"> </token>
    <token name="T_PHPDOX_DOT">.</token>
  </line>
  <line no="136">
    <token name="T_WHITESPACE">                   </token>
    <token name="T_CONSTANT_ENCAPSED_STRING">"\n"</token>
    <token name="T_WHITESPACE"> </token>
    <token name="T_PHPDOX_DOT">.</token>
  </line>
  <line no="137">
    <token name="T_WHITESPACE">                   </token>
    <token name="T_STRING">PHPUnit_Util_Filter</token>
    <token name="T_DOUBLE_COLON">::</token>
    <token name="T_STRING">getFilteredStacktrace</token>
    <token name="T_PHPDOX_OPEN_BRACKET">(</token>
    <token name="T_VARIABLE">$e</token>
    <token name="T_PHPDOX_CLOSE_BRACKET">)</token>
    <token name="T_PHPDOX_SEMICOLON">;</token>
  </line>
  <line no="138"/>
  <line no="139">
    <token name="T_WHITESPACE">        </token>
    <token name="T_VARIABLE">$error</token>
    <token name="T_WHITESPACE"> </token>
    <token name="T_PHPDOX_EQUAL">=</token>
    <token name="T_WHITESPACE"> </token>
    <token name="T_VARIABLE">$this</token>
    <token name="T_OBJECT_OPERATOR">-&gt;</token>
    <token name="T_STRING">document</token>
    <token name="T_OBJECT_OPERATOR">-&gt;</token>
    <token name="T_STRING">createElement</token>
    <token name="T_PHPDOX_OPEN_BRACKET">(</token>
  </line>
  <line no="140">
    <token name="T_WHITESPACE">            </token>
    <token name="T_CONSTANT_ENCAPSED_STRING">'error'</token>
    <token name="T_PHPDOX_COMMA">,</token>
  </line>
  <line no="141">
    <token name="T_WHITESPACE">            </token>
    <token name="T_STRING">PHPUnit_Util_XML</token>
    <token name="T_DOUBLE_COLON">::</token>
    <token name="T_STRING">prepareString</token>
    <token name="T_PHPDOX_OPEN_BRACKET">(</token>
    <token name="T_VARIABLE">$buffer</token>
    <token name="T_PHPDOX_CLOSE_BRACKET">)</token>
  </line>
  <line no="142">
    <token name="T_WHITESPACE">        </token>
    <token name="T_PHPDOX_CLOSE_BRACKET">)</token>
    <token name="T_PHPDOX_SEMICOLON">;</token>
  </line>
  <line no="143"/>
  <line no="144">
    <token name="T_WHITESPACE">        </token>
    <token name="T_VARIABLE">$error</token>
    <token name="T_OBJECT_OPERATOR">-&gt;</token>
    <token name="T_STRING">setAttribute</token>
    <token name="T_PHPDOX_OPEN_BRACKET">(</token>
    <token name="T_CONSTANT_ENCAPSED_STRING">'type'</token>
    <token name="T_PHPDOX_COMMA">,</token>
    <token name="T_WHITESPACE"> </token>
    <token name="T_STRING">get_class</token>
    <token name="T_PHPDOX_OPEN_BRACKET">(</token>
    <token name="T_VARIABLE">$e</token>
    <token name="T_PHPDOX_CLOSE_BRACKET">)</token>
    <token name="T_PHPDOX_CLOSE_BRACKET">)</token>
    <token name="T_PHPDOX_SEMICOLON">;</token>
  </line>
  <line no="145"/>
  <line no="146">
    <token name="T_WHITESPACE">        </token>
    <token name="T_VARIABLE">$this</token>
    <token name="T_OBJECT_OPERATOR">-&gt;</token>
    <token name="T_STRING">currentTestCase</token>
    <token name="T_OBJECT_OPERATOR">-&gt;</token>
    <token name="T_STRING">appendChild</token>
    <token name="T_PHPDOX_OPEN_BRACKET">(</token>
    <token name="T_VARIABLE">$error</token>
    <token name="T_PHPDOX_CLOSE_BRACKET">)</token>
    <token name="T_PHPDOX_SEMICOLON">;</token>
  </line>
  <line no="147"/>
  <line no="148">
    <token name="T_WHITESPACE">        </token>
    <token name="T_VARIABLE">$this</token>
    <token name="T_OBJECT_OPERATOR">-&gt;</token>
    <token name="T_STRING">testSuiteErrors</token>
    <token name="T_PHPDOX_OPEN_SQUARE">[</token>
    <token name="T_VARIABLE">$this</token>
    <token name="T_OBJECT_OPERATOR">-&gt;</token>
    <token name="T_STRING">testSuiteLevel</token>
    <token name="T_PHPDOX_CLOSE_SQUARE">]</token>
    <token name="T_INC">++</token>
    <token name="T_PHPDOX_SEMICOLON">;</token>
  </line>
  <line no="149">
    <token name="T_WHITESPACE">    </token>
    <token name="T_PHPDOX_CLOSE_CURLY">}</token>
  </line>
  <line no="150"/>
  <line no="151">
    <token name="T_WHITESPACE">    </token>
    <token name="T_DOC_COMMENT">/**</token>
  </line>
  <line no="152">
    <token name="T_DOC_COMMENT">     * A failure occurred.</token>
  </line>
  <line no="153">
    <token name="T_DOC_COMMENT">     *</token>
  </line>
  <line no="154">
    <token name="T_DOC_COMMENT">     * @param PHPUnit_Framework_Test                 $test</token>
  </line>
  <line no="155">
    <token name="T_DOC_COMMENT">     * @param PHPUnit_Framework_AssertionFailedError $e</token>
  </line>
  <line no="156">
    <token name="T_DOC_COMMENT">     * @param float                                  $time</token>
  </line>
  <line no="157">
    <token name="T_DOC_COMMENT">     */</token>
  </line>
  <line no="158">
    <token name="T_WHITESPACE">    </token>
    <token name="T_PUBLIC">public</token>
    <token name="T_WHITESPACE"> </token>
    <token name="T_FUNCTION">function</token>
    <token name="T_WHITESPACE"> </token>
    <token name="T_STRING">addFailure</token>
    <token name="T_PHPDOX_OPEN_BRACKET">(</token>
    <token name="T_STRING">PHPUnit_Framework_Test</token>
    <token name="T_WHITESPACE"> </token>
    <token name="T_VARIABLE">$test</token>
    <token name="T_PHPDOX_COMMA">,</token>
    <token name="T_WHITESPACE"> </token>
    <token name="T_STRING">PHPUnit_Framework_AssertionFailedError</token>
    <token name="T_WHITESPACE"> </token>
    <token name="T_VARIABLE">$e</token>
    <token name="T_PHPDOX_COMMA">,</token>
    <token name="T_WHITESPACE"> </token>
    <token name="T_VARIABLE">$time</token>
    <token name="T_PHPDOX_CLOSE_BRACKET">)</token>
  </line>
  <line no="159">
    <token name="T_WHITESPACE">    </token>
    <token name="T_PHPDOX_OPEN_CURLY">{</token>
  </line>
  <line no="160">
    <token name="T_WHITESPACE">        </token>
    <token name="T_IF">if</token>
    <token name="T_WHITESPACE"> </token>
    <token name="T_PHPDOX_OPEN_BRACKET">(</token>
    <token name="T_VARIABLE">$this</token>
    <token name="T_OBJECT_OPERATOR">-&gt;</token>
    <token name="T_STRING">currentTestCase</token>
    <token name="T_WHITESPACE"> </token>
    <token name="T_IS_IDENTICAL">===</token>
    <token name="T_WHITESPACE"> </token>
    <token name="T_STRING">null</token>
    <token name="T_PHPDOX_CLOSE_BRACKET">)</token>
    <token name="T_WHITESPACE"> </token>
    <token name="T_PHPDOX_OPEN_CURLY">{</token>
  </line>
  <line no="161">
    <token name="T_WHITESPACE">            </token>
    <token name="T_RETURN">return</token>
    <token name="T_PHPDOX_SEMICOLON">;</token>
  </line>
  <line no="162">
    <token name="T_WHITESPACE">        </token>
    <token name="T_PHPDOX_CLOSE_CURLY">}</token>
  </line>
  <line no="163"/>
  <line no="164">
    <token name="T_WHITESPACE">        </token>
    <token name="T_IF">if</token>
    <token name="T_WHITESPACE"> </token>
    <token name="T_PHPDOX_OPEN_BRACKET">(</token>
    <token name="T_VARIABLE">$test</token>
    <token name="T_WHITESPACE"> </token>
    <token name="T_INSTANCEOF">instanceof</token>
    <token name="T_WHITESPACE"> </token>
    <token name="T_STRING">PHPUnit_Framework_SelfDescribing</token>
    <token name="T_PHPDOX_CLOSE_BRACKET">)</token>
    <token name="T_WHITESPACE"> </token>
    <token name="T_PHPDOX_OPEN_CURLY">{</token>
  </line>
  <line no="165">
    <token name="T_WHITESPACE">            </token>
    <token name="T_VARIABLE">$buffer</token>
    <token name="T_WHITESPACE"> </token>
    <token name="T_PHPDOX_EQUAL">=</token>
    <token name="T_WHITESPACE"> </token>
    <token name="T_VARIABLE">$test</token>
    <token name="T_OBJECT_OPERATOR">-&gt;</token>
    <token name="T_STRING">toString</token>
    <token name="T_PHPDOX_OPEN_BRACKET">(</token>
    <token name="T_PHPDOX_CLOSE_BRACKET">)</token>
    <token name="T_WHITESPACE"> </token>
    <token name="T_PHPDOX_DOT">.</token>
    <token name="T_WHITESPACE"> </token>
    <token name="T_CONSTANT_ENCAPSED_STRING">"\n"</token>
    <token name="T_PHPDOX_SEMICOLON">;</token>
  </line>
  <line no="166">
    <token name="T_WHITESPACE">        </token>
    <token name="T_PHPDOX_CLOSE_CURLY">}</token>
    <token name="T_WHITESPACE"> </token>
    <token name="T_ELSE">else</token>
    <token name="T_WHITESPACE"> </token>
    <token name="T_PHPDOX_OPEN_CURLY">{</token>
  </line>
  <line no="167">
    <token name="T_WHITESPACE">            </token>
    <token name="T_VARIABLE">$buffer</token>
    <token name="T_WHITESPACE"> </token>
    <token name="T_PHPDOX_EQUAL">=</token>
    <token name="T_WHITESPACE"> </token>
    <token name="T_CONSTANT_ENCAPSED_STRING">''</token>
    <token name="T_PHPDOX_SEMICOLON">;</token>
  </line>
  <line no="168">
    <token name="T_WHITESPACE">        </token>
    <token name="T_PHPDOX_CLOSE_CURLY">}</token>
  </line>
  <line no="169"/>
  <line no="170">
    <token name="T_WHITESPACE">        </token>
    <token name="T_VARIABLE">$buffer</token>
    <token name="T_WHITESPACE"> </token>
    <token name="T_CONCAT_EQUAL">.=</token>
    <token name="T_WHITESPACE"> </token>
    <token name="T_STRING">PHPUnit_Framework_TestFailure</token>
    <token name="T_DOUBLE_COLON">::</token>
    <token name="T_STRING">exceptionToString</token>
    <token name="T_PHPDOX_OPEN_BRACKET">(</token>
    <token name="T_VARIABLE">$e</token>
    <token name="T_PHPDOX_CLOSE_BRACKET">)</token>
    <token name="T_WHITESPACE"> </token>
    <token name="T_PHPDOX_DOT">.</token>
  </line>
  <line no="171">
    <token name="T_WHITESPACE">                   </token>
    <token name="T_CONSTANT_ENCAPSED_STRING">"\n"</token>
    <token name="T_WHITESPACE"> </token>
    <token name="T_PHPDOX_DOT">.</token>
  </line>
  <line no="172">
    <token name="T_WHITESPACE">                   </token>
    <token name="T_STRING">PHPUnit_Util_Filter</token>
    <token name="T_DOUBLE_COLON">::</token>
    <token name="T_STRING">getFilteredStacktrace</token>
    <token name="T_PHPDOX_OPEN_BRACKET">(</token>
    <token name="T_VARIABLE">$e</token>
    <token name="T_PHPDOX_CLOSE_BRACKET">)</token>
    <token name="T_PHPDOX_SEMICOLON">;</token>
  </line>
  <line no="173"/>
  <line no="174">
    <token name="T_WHITESPACE">        </token>
    <token name="T_VARIABLE">$failure</token>
    <token name="T_WHITESPACE"> </token>
    <token name="T_PHPDOX_EQUAL">=</token>
    <token name="T_WHITESPACE"> </token>
    <token name="T_VARIABLE">$this</token>
    <token name="T_OBJECT_OPERATOR">-&gt;</token>
    <token name="T_STRING">document</token>
    <token name="T_OBJECT_OPERATOR">-&gt;</token>
    <token name="T_STRING">createElement</token>
    <token name="T_PHPDOX_OPEN_BRACKET">(</token>
  </line>
  <line no="175">
    <token name="T_WHITESPACE">            </token>
    <token name="T_CONSTANT_ENCAPSED_STRING">'failure'</token>
    <token name="T_PHPDOX_COMMA">,</token>
  </line>
  <line no="176">
    <token name="T_WHITESPACE">            </token>
    <token name="T_STRING">PHPUnit_Util_XML</token>
    <token name="T_DOUBLE_COLON">::</token>
    <token name="T_STRING">prepareString</token>
    <token name="T_PHPDOX_OPEN_BRACKET">(</token>
    <token name="T_VARIABLE">$buffer</token>
    <token name="T_PHPDOX_CLOSE_BRACKET">)</token>
  </line>
  <line no="177">
    <token name="T_WHITESPACE">        </token>
    <token name="T_PHPDOX_CLOSE_BRACKET">)</token>
    <token name="T_PHPDOX_SEMICOLON">;</token>
  </line>
  <line no="178"/>
  <line no="179">
    <token name="T_WHITESPACE">        </token>
    <token name="T_VARIABLE">$failure</token>
    <token name="T_OBJECT_OPERATOR">-&gt;</token>
    <token name="T_STRING">setAttribute</token>
    <token name="T_PHPDOX_OPEN_BRACKET">(</token>
    <token name="T_CONSTANT_ENCAPSED_STRING">'type'</token>
    <token name="T_PHPDOX_COMMA">,</token>
    <token name="T_WHITESPACE"> </token>
    <token name="T_STRING">get_class</token>
    <token name="T_PHPDOX_OPEN_BRACKET">(</token>
    <token name="T_VARIABLE">$e</token>
    <token name="T_PHPDOX_CLOSE_BRACKET">)</token>
    <token name="T_PHPDOX_CLOSE_BRACKET">)</token>
    <token name="T_PHPDOX_SEMICOLON">;</token>
  </line>
  <line no="180"/>
  <line no="181">
    <token name="T_WHITESPACE">        </token>
    <token name="T_VARIABLE">$this</token>
    <token name="T_OBJECT_OPERATOR">-&gt;</token>
    <token name="T_STRING">currentTestCase</token>
    <token name="T_OBJECT_OPERATOR">-&gt;</token>
    <token name="T_STRING">appendChild</token>
    <token name="T_PHPDOX_OPEN_BRACKET">(</token>
    <token name="T_VARIABLE">$failure</token>
    <token name="T_PHPDOX_CLOSE_BRACKET">)</token>
    <token name="T_PHPDOX_SEMICOLON">;</token>
  </line>
  <line no="182"/>
  <line no="183">
    <token name="T_WHITESPACE">        </token>
    <token name="T_VARIABLE">$this</token>
    <token name="T_OBJECT_OPERATOR">-&gt;</token>
    <token name="T_STRING">testSuiteFailures</token>
    <token name="T_PHPDOX_OPEN_SQUARE">[</token>
    <token name="T_VARIABLE">$this</token>
    <token name="T_OBJECT_OPERATOR">-&gt;</token>
    <token name="T_STRING">testSuiteLevel</token>
    <token name="T_PHPDOX_CLOSE_SQUARE">]</token>
    <token name="T_INC">++</token>
    <token name="T_PHPDOX_SEMICOLON">;</token>
  </line>
  <line no="184">
    <token name="T_WHITESPACE">    </token>
    <token name="T_PHPDOX_CLOSE_CURLY">}</token>
  </line>
  <line no="185"/>
  <line no="186">
    <token name="T_WHITESPACE">    </token>
    <token name="T_DOC_COMMENT">/**</token>
  </line>
  <line no="187">
    <token name="T_DOC_COMMENT">     * Incomplete test.</token>
  </line>
  <line no="188">
    <token name="T_DOC_COMMENT">     *</token>
  </line>
  <line no="189">
    <token name="T_DOC_COMMENT">     * @param PHPUnit_Framework_Test $test</token>
  </line>
  <line no="190">
    <token name="T_DOC_COMMENT">     * @param Exception              $e</token>
  </line>
  <line no="191">
    <token name="T_DOC_COMMENT">     * @param float                  $time</token>
  </line>
  <line no="192">
    <token name="T_DOC_COMMENT">     */</token>
  </line>
  <line no="193">
    <token name="T_WHITESPACE">    </token>
    <token name="T_PUBLIC">public</token>
    <token name="T_WHITESPACE"> </token>
    <token name="T_FUNCTION">function</token>
    <token name="T_WHITESPACE"> </token>
    <token name="T_STRING">addIncompleteTest</token>
    <token name="T_PHPDOX_OPEN_BRACKET">(</token>
    <token name="T_STRING">PHPUnit_Framework_Test</token>
    <token name="T_WHITESPACE"> </token>
    <token name="T_VARIABLE">$test</token>
    <token name="T_PHPDOX_COMMA">,</token>
    <token name="T_WHITESPACE"> </token>
    <token name="T_STRING">Exception</token>
    <token name="T_WHITESPACE"> </token>
    <token name="T_VARIABLE">$e</token>
    <token name="T_PHPDOX_COMMA">,</token>
    <token name="T_WHITESPACE"> </token>
    <token name="T_VARIABLE">$time</token>
    <token name="T_PHPDOX_CLOSE_BRACKET">)</token>
  </line>
  <line no="194">
    <token name="T_WHITESPACE">    </token>
    <token name="T_PHPDOX_OPEN_CURLY">{</token>
  </line>
  <line no="195">
    <token name="T_WHITESPACE">        </token>
    <token name="T_IF">if</token>
    <token name="T_WHITESPACE"> </token>
    <token name="T_PHPDOX_OPEN_BRACKET">(</token>
    <token name="T_VARIABLE">$this</token>
    <token name="T_OBJECT_OPERATOR">-&gt;</token>
    <token name="T_STRING">logIncompleteSkipped</token>
    <token name="T_WHITESPACE"> </token>
    <token name="T_BOOLEAN_AND">&amp;&amp;</token>
    <token name="T_WHITESPACE"> </token>
    <token name="T_VARIABLE">$this</token>
    <token name="T_OBJECT_OPERATOR">-&gt;</token>
    <token name="T_STRING">currentTestCase</token>
    <token name="T_WHITESPACE"> </token>
    <token name="T_IS_NOT_IDENTICAL">!==</token>
    <token name="T_WHITESPACE"> </token>
    <token name="T_STRING">null</token>
    <token name="T_PHPDOX_CLOSE_BRACKET">)</token>
    <token name="T_WHITESPACE"> </token>
    <token name="T_PHPDOX_OPEN_CURLY">{</token>
  </line>
  <line no="196">
    <token name="T_WHITESPACE">            </token>
    <token name="T_VARIABLE">$error</token>
    <token name="T_WHITESPACE"> </token>
    <token name="T_PHPDOX_EQUAL">=</token>
    <token name="T_WHITESPACE"> </token>
    <token name="T_VARIABLE">$this</token>
    <token name="T_OBJECT_OPERATOR">-&gt;</token>
    <token name="T_STRING">document</token>
    <token name="T_OBJECT_OPERATOR">-&gt;</token>
    <token name="T_STRING">createElement</token>
    <token name="T_PHPDOX_OPEN_BRACKET">(</token>
  </line>
  <line no="197">
    <token name="T_WHITESPACE">                </token>
    <token name="T_CONSTANT_ENCAPSED_STRING">'error'</token>
    <token name="T_PHPDOX_COMMA">,</token>
  </line>
  <line no="198">
    <token name="T_WHITESPACE">                </token>
    <token name="T_STRING">PHPUnit_Util_XML</token>
    <token name="T_DOUBLE_COLON">::</token>
    <token name="T_STRING">prepareString</token>
    <token name="T_PHPDOX_OPEN_BRACKET">(</token>
  </line>
  <line no="199">
    <token name="T_WHITESPACE">                    </token>
    <token name="T_CONSTANT_ENCAPSED_STRING">"Incomplete Test\n"</token>
    <token name="T_WHITESPACE"> </token>
    <token name="T_PHPDOX_DOT">.</token>
  </line>
  <line no="200">
    <token name="T_WHITESPACE">                    </token>
    <token name="T_STRING">PHPUnit_Util_Filter</token>
    <token name="T_DOUBLE_COLON">::</token>
    <token name="T_STRING">getFilteredStacktrace</token>
    <token name="T_PHPDOX_OPEN_BRACKET">(</token>
    <token name="T_VARIABLE">$e</token>
    <token name="T_PHPDOX_CLOSE_BRACKET">)</token>
  </line>
  <line no="201">
    <token name="T_WHITESPACE">                </token>
    <token name="T_PHPDOX_CLOSE_BRACKET">)</token>
  </line>
  <line no="202">
    <token name="T_WHITESPACE">            </token>
    <token name="T_PHPDOX_CLOSE_BRACKET">)</token>
    <token name="T_PHPDOX_SEMICOLON">;</token>
  </line>
  <line no="203"/>
  <line no="204">
    <token name="T_WHITESPACE">            </token>
    <token name="T_VARIABLE">$error</token>
    <token name="T_OBJECT_OPERATOR">-&gt;</token>
    <token name="T_STRING">setAttribute</token>
    <token name="T_PHPDOX_OPEN_BRACKET">(</token>
    <token name="T_CONSTANT_ENCAPSED_STRING">'type'</token>
    <token name="T_PHPDOX_COMMA">,</token>
    <token name="T_WHITESPACE"> </token>
    <token name="T_STRING">get_class</token>
    <token name="T_PHPDOX_OPEN_BRACKET">(</token>
    <token name="T_VARIABLE">$e</token>
    <token name="T_PHPDOX_CLOSE_BRACKET">)</token>
    <token name="T_PHPDOX_CLOSE_BRACKET">)</token>
    <token name="T_PHPDOX_SEMICOLON">;</token>
  </line>
  <line no="205"/>
  <line no="206">
    <token name="T_WHITESPACE">            </token>
    <token name="T_VARIABLE">$this</token>
    <token name="T_OBJECT_OPERATOR">-&gt;</token>
    <token name="T_STRING">currentTestCase</token>
    <token name="T_OBJECT_OPERATOR">-&gt;</token>
    <token name="T_STRING">appendChild</token>
    <token name="T_PHPDOX_OPEN_BRACKET">(</token>
    <token name="T_VARIABLE">$error</token>
    <token name="T_PHPDOX_CLOSE_BRACKET">)</token>
    <token name="T_PHPDOX_SEMICOLON">;</token>
  </line>
  <line no="207"/>
  <line no="208">
    <token name="T_WHITESPACE">            </token>
    <token name="T_VARIABLE">$this</token>
    <token name="T_OBJECT_OPERATOR">-&gt;</token>
    <token name="T_STRING">testSuiteErrors</token>
    <token name="T_PHPDOX_OPEN_SQUARE">[</token>
    <token name="T_VARIABLE">$this</token>
    <token name="T_OBJECT_OPERATOR">-&gt;</token>
    <token name="T_STRING">testSuiteLevel</token>
    <token name="T_PHPDOX_CLOSE_SQUARE">]</token>
    <token name="T_INC">++</token>
    <token name="T_PHPDOX_SEMICOLON">;</token>
  </line>
  <line no="209">
    <token name="T_WHITESPACE">        </token>
    <token name="T_PHPDOX_CLOSE_CURLY">}</token>
    <token name="T_WHITESPACE"> </token>
    <token name="T_ELSE">else</token>
    <token name="T_WHITESPACE"> </token>
    <token name="T_PHPDOX_OPEN_CURLY">{</token>
  </line>
  <line no="210">
    <token name="T_WHITESPACE">            </token>
    <token name="T_VARIABLE">$this</token>
    <token name="T_OBJECT_OPERATOR">-&gt;</token>
    <token name="T_STRING">attachCurrentTestCase</token>
    <token name="T_WHITESPACE"> </token>
    <token name="T_PHPDOX_EQUAL">=</token>
    <token name="T_WHITESPACE"> </token>
    <token name="T_STRING">false</token>
    <token name="T_PHPDOX_SEMICOLON">;</token>
  </line>
  <line no="211">
    <token name="T_WHITESPACE">        </token>
    <token name="T_PHPDOX_CLOSE_CURLY">}</token>
  </line>
  <line no="212">
    <token name="T_WHITESPACE">    </token>
    <token name="T_PHPDOX_CLOSE_CURLY">}</token>
  </line>
  <line no="213"/>
  <line no="214">
    <token name="T_WHITESPACE">    </token>
    <token name="T_DOC_COMMENT">/**</token>
  </line>
  <line no="215">
    <token name="T_DOC_COMMENT">     * Risky test.</token>
  </line>
  <line no="216">
    <token name="T_DOC_COMMENT">     *</token>
  </line>
  <line no="217">
    <token name="T_DOC_COMMENT">     * @param PHPUnit_Framework_Test $test</token>
  </line>
  <line no="218">
    <token name="T_DOC_COMMENT">     * @param Exception              $e</token>
  </line>
  <line no="219">
    <token name="T_DOC_COMMENT">     * @param float                  $time</token>
  </line>
  <line no="220">
    <token name="T_DOC_COMMENT">     *</token>
  </line>
  <line no="221">
    <token name="T_DOC_COMMENT">     * @since  Method available since Release 4.0.0</token>
  </line>
  <line no="222">
    <token name="T_DOC_COMMENT">     */</token>
  </line>
  <line no="223">
    <token name="T_WHITESPACE">    </token>
    <token name="T_PUBLIC">public</token>
    <token name="T_WHITESPACE"> </token>
    <token name="T_FUNCTION">function</token>
    <token name="T_WHITESPACE"> </token>
    <token name="T_STRING">addRiskyTest</token>
    <token name="T_PHPDOX_OPEN_BRACKET">(</token>
    <token name="T_STRING">PHPUnit_Framework_Test</token>
    <token name="T_WHITESPACE"> </token>
    <token name="T_VARIABLE">$test</token>
    <token name="T_PHPDOX_COMMA">,</token>
    <token name="T_WHITESPACE"> </token>
    <token name="T_STRING">Exception</token>
    <token name="T_WHITESPACE"> </token>
    <token name="T_VARIABLE">$e</token>
    <token name="T_PHPDOX_COMMA">,</token>
    <token name="T_WHITESPACE"> </token>
    <token name="T_VARIABLE">$time</token>
    <token name="T_PHPDOX_CLOSE_BRACKET">)</token>
  </line>
  <line no="224">
    <token name="T_WHITESPACE">    </token>
    <token name="T_PHPDOX_OPEN_CURLY">{</token>
  </line>
  <line no="225">
    <token name="T_WHITESPACE">        </token>
    <token name="T_IF">if</token>
    <token name="T_WHITESPACE"> </token>
    <token name="T_PHPDOX_OPEN_BRACKET">(</token>
    <token name="T_VARIABLE">$this</token>
    <token name="T_OBJECT_OPERATOR">-&gt;</token>
    <token name="T_STRING">logIncompleteSkipped</token>
    <token name="T_WHITESPACE"> </token>
    <token name="T_BOOLEAN_AND">&amp;&amp;</token>
    <token name="T_WHITESPACE"> </token>
    <token name="T_VARIABLE">$this</token>
    <token name="T_OBJECT_OPERATOR">-&gt;</token>
    <token name="T_STRING">currentTestCase</token>
    <token name="T_WHITESPACE"> </token>
    <token name="T_IS_NOT_IDENTICAL">!==</token>
    <token name="T_WHITESPACE"> </token>
    <token name="T_STRING">null</token>
    <token name="T_PHPDOX_CLOSE_BRACKET">)</token>
    <token name="T_WHITESPACE"> </token>
    <token name="T_PHPDOX_OPEN_CURLY">{</token>
  </line>
  <line no="226">
    <token name="T_WHITESPACE">            </token>
    <token name="T_VARIABLE">$error</token>
    <token name="T_WHITESPACE"> </token>
    <token name="T_PHPDOX_EQUAL">=</token>
    <token name="T_WHITESPACE"> </token>
    <token name="T_VARIABLE">$this</token>
    <token name="T_OBJECT_OPERATOR">-&gt;</token>
    <token name="T_STRING">document</token>
    <token name="T_OBJECT_OPERATOR">-&gt;</token>
    <token name="T_STRING">createElement</token>
    <token name="T_PHPDOX_OPEN_BRACKET">(</token>
  </line>
  <line no="227">
    <token name="T_WHITESPACE">                </token>
    <token name="T_CONSTANT_ENCAPSED_STRING">'error'</token>
    <token name="T_PHPDOX_COMMA">,</token>
  </line>
  <line no="228">
    <token name="T_WHITESPACE">                </token>
    <token name="T_STRING">PHPUnit_Util_XML</token>
    <token name="T_DOUBLE_COLON">::</token>
    <token name="T_STRING">prepareString</token>
    <token name="T_PHPDOX_OPEN_BRACKET">(</token>
  </line>
  <line no="229">
    <token name="T_WHITESPACE">                    </token>
    <token name="T_CONSTANT_ENCAPSED_STRING">"Risky Test\n"</token>
    <token name="T_WHITESPACE"> </token>
    <token name="T_PHPDOX_DOT">.</token>
  </line>
  <line no="230">
    <token name="T_WHITESPACE">                    </token>
    <token name="T_STRING">PHPUnit_Util_Filter</token>
    <token name="T_DOUBLE_COLON">::</token>
    <token name="T_STRING">getFilteredStacktrace</token>
    <token name="T_PHPDOX_OPEN_BRACKET">(</token>
    <token name="T_VARIABLE">$e</token>
    <token name="T_PHPDOX_CLOSE_BRACKET">)</token>
  </line>
  <line no="231">
    <token name="T_WHITESPACE">                </token>
    <token name="T_PHPDOX_CLOSE_BRACKET">)</token>
  </line>
  <line no="232">
    <token name="T_WHITESPACE">            </token>
    <token name="T_PHPDOX_CLOSE_BRACKET">)</token>
    <token name="T_PHPDOX_SEMICOLON">;</token>
  </line>
  <line no="233"/>
  <line no="234">
    <token name="T_WHITESPACE">            </token>
    <token name="T_VARIABLE">$error</token>
    <token name="T_OBJECT_OPERATOR">-&gt;</token>
    <token name="T_STRING">setAttribute</token>
    <token name="T_PHPDOX_OPEN_BRACKET">(</token>
    <token name="T_CONSTANT_ENCAPSED_STRING">'type'</token>
    <token name="T_PHPDOX_COMMA">,</token>
    <token name="T_WHITESPACE"> </token>
    <token name="T_STRING">get_class</token>
    <token name="T_PHPDOX_OPEN_BRACKET">(</token>
    <token name="T_VARIABLE">$e</token>
    <token name="T_PHPDOX_CLOSE_BRACKET">)</token>
    <token name="T_PHPDOX_CLOSE_BRACKET">)</token>
    <token name="T_PHPDOX_SEMICOLON">;</token>
  </line>
  <line no="235"/>
  <line no="236">
    <token name="T_WHITESPACE">            </token>
    <token name="T_VARIABLE">$this</token>
    <token name="T_OBJECT_OPERATOR">-&gt;</token>
    <token name="T_STRING">currentTestCase</token>
    <token name="T_OBJECT_OPERATOR">-&gt;</token>
    <token name="T_STRING">appendChild</token>
    <token name="T_PHPDOX_OPEN_BRACKET">(</token>
    <token name="T_VARIABLE">$error</token>
    <token name="T_PHPDOX_CLOSE_BRACKET">)</token>
    <token name="T_PHPDOX_SEMICOLON">;</token>
  </line>
  <line no="237"/>
  <line no="238">
    <token name="T_WHITESPACE">            </token>
    <token name="T_VARIABLE">$this</token>
    <token name="T_OBJECT_OPERATOR">-&gt;</token>
    <token name="T_STRING">testSuiteErrors</token>
    <token name="T_PHPDOX_OPEN_SQUARE">[</token>
    <token name="T_VARIABLE">$this</token>
    <token name="T_OBJECT_OPERATOR">-&gt;</token>
    <token name="T_STRING">testSuiteLevel</token>
    <token name="T_PHPDOX_CLOSE_SQUARE">]</token>
    <token name="T_INC">++</token>
    <token name="T_PHPDOX_SEMICOLON">;</token>
  </line>
  <line no="239">
    <token name="T_WHITESPACE">        </token>
    <token name="T_PHPDOX_CLOSE_CURLY">}</token>
    <token name="T_WHITESPACE"> </token>
    <token name="T_ELSE">else</token>
    <token name="T_WHITESPACE"> </token>
    <token name="T_PHPDOX_OPEN_CURLY">{</token>
  </line>
  <line no="240">
    <token name="T_WHITESPACE">            </token>
    <token name="T_VARIABLE">$this</token>
    <token name="T_OBJECT_OPERATOR">-&gt;</token>
    <token name="T_STRING">attachCurrentTestCase</token>
    <token name="T_WHITESPACE"> </token>
    <token name="T_PHPDOX_EQUAL">=</token>
    <token name="T_WHITESPACE"> </token>
    <token name="T_STRING">false</token>
    <token name="T_PHPDOX_SEMICOLON">;</token>
  </line>
  <line no="241">
    <token name="T_WHITESPACE">        </token>
    <token name="T_PHPDOX_CLOSE_CURLY">}</token>
  </line>
  <line no="242">
    <token name="T_WHITESPACE">    </token>
    <token name="T_PHPDOX_CLOSE_CURLY">}</token>
  </line>
  <line no="243"/>
  <line no="244">
    <token name="T_WHITESPACE">    </token>
    <token name="T_DOC_COMMENT">/**</token>
  </line>
  <line no="245">
    <token name="T_DOC_COMMENT">     * Skipped test.</token>
  </line>
  <line no="246">
    <token name="T_DOC_COMMENT">     *</token>
  </line>
  <line no="247">
    <token name="T_DOC_COMMENT">     * @param PHPUnit_Framework_Test $test</token>
  </line>
  <line no="248">
    <token name="T_DOC_COMMENT">     * @param Exception              $e</token>
  </line>
  <line no="249">
    <token name="T_DOC_COMMENT">     * @param float                  $time</token>
  </line>
  <line no="250">
    <token name="T_DOC_COMMENT">     *</token>
  </line>
  <line no="251">
    <token name="T_DOC_COMMENT">     * @since  Method available since Release 3.0.0</token>
  </line>
  <line no="252">
    <token name="T_DOC_COMMENT">     */</token>
  </line>
  <line no="253">
    <token name="T_WHITESPACE">    </token>
    <token name="T_PUBLIC">public</token>
    <token name="T_WHITESPACE"> </token>
    <token name="T_FUNCTION">function</token>
    <token name="T_WHITESPACE"> </token>
    <token name="T_STRING">addSkippedTest</token>
    <token name="T_PHPDOX_OPEN_BRACKET">(</token>
    <token name="T_STRING">PHPUnit_Framework_Test</token>
    <token name="T_WHITESPACE"> </token>
    <token name="T_VARIABLE">$test</token>
    <token name="T_PHPDOX_COMMA">,</token>
    <token name="T_WHITESPACE"> </token>
    <token name="T_STRING">Exception</token>
    <token name="T_WHITESPACE"> </token>
    <token name="T_VARIABLE">$e</token>
    <token name="T_PHPDOX_COMMA">,</token>
    <token name="T_WHITESPACE"> </token>
    <token name="T_VARIABLE">$time</token>
    <token name="T_PHPDOX_CLOSE_BRACKET">)</token>
  </line>
  <line no="254">
    <token name="T_WHITESPACE">    </token>
    <token name="T_PHPDOX_OPEN_CURLY">{</token>
  </line>
  <line no="255">
    <token name="T_WHITESPACE">        </token>
    <token name="T_IF">if</token>
    <token name="T_WHITESPACE"> </token>
    <token name="T_PHPDOX_OPEN_BRACKET">(</token>
    <token name="T_VARIABLE">$this</token>
    <token name="T_OBJECT_OPERATOR">-&gt;</token>
    <token name="T_STRING">logIncompleteSkipped</token>
    <token name="T_WHITESPACE"> </token>
    <token name="T_BOOLEAN_AND">&amp;&amp;</token>
    <token name="T_WHITESPACE"> </token>
    <token name="T_VARIABLE">$this</token>
    <token name="T_OBJECT_OPERATOR">-&gt;</token>
    <token name="T_STRING">currentTestCase</token>
    <token name="T_WHITESPACE"> </token>
    <token name="T_IS_NOT_IDENTICAL">!==</token>
    <token name="T_WHITESPACE"> </token>
    <token name="T_STRING">null</token>
    <token name="T_PHPDOX_CLOSE_BRACKET">)</token>
    <token name="T_WHITESPACE"> </token>
    <token name="T_PHPDOX_OPEN_CURLY">{</token>
  </line>
  <line no="256">
    <token name="T_WHITESPACE">            </token>
    <token name="T_VARIABLE">$error</token>
    <token name="T_WHITESPACE"> </token>
    <token name="T_PHPDOX_EQUAL">=</token>
    <token name="T_WHITESPACE"> </token>
    <token name="T_VARIABLE">$this</token>
    <token name="T_OBJECT_OPERATOR">-&gt;</token>
    <token name="T_STRING">document</token>
    <token name="T_OBJECT_OPERATOR">-&gt;</token>
    <token name="T_STRING">createElement</token>
    <token name="T_PHPDOX_OPEN_BRACKET">(</token>
  </line>
  <line no="257">
    <token name="T_WHITESPACE">                </token>
    <token name="T_CONSTANT_ENCAPSED_STRING">'error'</token>
    <token name="T_PHPDOX_COMMA">,</token>
  </line>
  <line no="258">
    <token name="T_WHITESPACE">                </token>
    <token name="T_STRING">PHPUnit_Util_XML</token>
    <token name="T_DOUBLE_COLON">::</token>
    <token name="T_STRING">prepareString</token>
    <token name="T_PHPDOX_OPEN_BRACKET">(</token>
  </line>
  <line no="259">
    <token name="T_WHITESPACE">                    </token>
    <token name="T_CONSTANT_ENCAPSED_STRING">"Skipped Test\n"</token>
    <token name="T_WHITESPACE"> </token>
    <token name="T_PHPDOX_DOT">.</token>
  </line>
  <line no="260">
    <token name="T_WHITESPACE">                    </token>
    <token name="T_STRING">PHPUnit_Util_Filter</token>
    <token name="T_DOUBLE_COLON">::</token>
    <token name="T_STRING">getFilteredStacktrace</token>
    <token name="T_PHPDOX_OPEN_BRACKET">(</token>
    <token name="T_VARIABLE">$e</token>
    <token name="T_PHPDOX_CLOSE_BRACKET">)</token>
  </line>
  <line no="261">
    <token name="T_WHITESPACE">                </token>
    <token name="T_PHPDOX_CLOSE_BRACKET">)</token>
  </line>
  <line no="262">
    <token name="T_WHITESPACE">            </token>
    <token name="T_PHPDOX_CLOSE_BRACKET">)</token>
    <token name="T_PHPDOX_SEMICOLON">;</token>
  </line>
  <line no="263"/>
  <line no="264">
    <token name="T_WHITESPACE">            </token>
    <token name="T_VARIABLE">$error</token>
    <token name="T_OBJECT_OPERATOR">-&gt;</token>
    <token name="T_STRING">setAttribute</token>
    <token name="T_PHPDOX_OPEN_BRACKET">(</token>
    <token name="T_CONSTANT_ENCAPSED_STRING">'type'</token>
    <token name="T_PHPDOX_COMMA">,</token>
    <token name="T_WHITESPACE"> </token>
    <token name="T_STRING">get_class</token>
    <token name="T_PHPDOX_OPEN_BRACKET">(</token>
    <token name="T_VARIABLE">$e</token>
    <token name="T_PHPDOX_CLOSE_BRACKET">)</token>
    <token name="T_PHPDOX_CLOSE_BRACKET">)</token>
    <token name="T_PHPDOX_SEMICOLON">;</token>
  </line>
  <line no="265"/>
  <line no="266">
    <token name="T_WHITESPACE">            </token>
    <token name="T_VARIABLE">$this</token>
    <token name="T_OBJECT_OPERATOR">-&gt;</token>
    <token name="T_STRING">currentTestCase</token>
    <token name="T_OBJECT_OPERATOR">-&gt;</token>
    <token name="T_STRING">appendChild</token>
    <token name="T_PHPDOX_OPEN_BRACKET">(</token>
    <token name="T_VARIABLE">$error</token>
    <token name="T_PHPDOX_CLOSE_BRACKET">)</token>
    <token name="T_PHPDOX_SEMICOLON">;</token>
  </line>
  <line no="267"/>
  <line no="268">
    <token name="T_WHITESPACE">            </token>
    <token name="T_VARIABLE">$this</token>
    <token name="T_OBJECT_OPERATOR">-&gt;</token>
    <token name="T_STRING">testSuiteErrors</token>
    <token name="T_PHPDOX_OPEN_SQUARE">[</token>
    <token name="T_VARIABLE">$this</token>
    <token name="T_OBJECT_OPERATOR">-&gt;</token>
    <token name="T_STRING">testSuiteLevel</token>
    <token name="T_PHPDOX_CLOSE_SQUARE">]</token>
    <token name="T_INC">++</token>
    <token name="T_PHPDOX_SEMICOLON">;</token>
  </line>
  <line no="269">
    <token name="T_WHITESPACE">        </token>
    <token name="T_PHPDOX_CLOSE_CURLY">}</token>
    <token name="T_WHITESPACE"> </token>
    <token name="T_ELSE">else</token>
    <token name="T_WHITESPACE"> </token>
    <token name="T_PHPDOX_OPEN_CURLY">{</token>
  </line>
  <line no="270">
    <token name="T_WHITESPACE">            </token>
    <token name="T_VARIABLE">$this</token>
    <token name="T_OBJECT_OPERATOR">-&gt;</token>
    <token name="T_STRING">attachCurrentTestCase</token>
    <token name="T_WHITESPACE"> </token>
    <token name="T_PHPDOX_EQUAL">=</token>
    <token name="T_WHITESPACE"> </token>
    <token name="T_STRING">false</token>
    <token name="T_PHPDOX_SEMICOLON">;</token>
  </line>
  <line no="271">
    <token name="T_WHITESPACE">        </token>
    <token name="T_PHPDOX_CLOSE_CURLY">}</token>
  </line>
  <line no="272">
    <token name="T_WHITESPACE">    </token>
    <token name="T_PHPDOX_CLOSE_CURLY">}</token>
  </line>
  <line no="273"/>
  <line no="274">
    <token name="T_WHITESPACE">    </token>
    <token name="T_DOC_COMMENT">/**</token>
  </line>
  <line no="275">
    <token name="T_DOC_COMMENT">     * A testsuite started.</token>
  </line>
  <line no="276">
    <token name="T_DOC_COMMENT">     *</token>
  </line>
  <line no="277">
    <token name="T_DOC_COMMENT">     * @param PHPUnit_Framework_TestSuite $suite</token>
  </line>
  <line no="278">
    <token name="T_DOC_COMMENT">     *</token>
  </line>
  <line no="279">
    <token name="T_DOC_COMMENT">     * @since  Method available since Release 2.2.0</token>
  </line>
  <line no="280">
    <token name="T_DOC_COMMENT">     */</token>
  </line>
  <line no="281">
    <token name="T_WHITESPACE">    </token>
    <token name="T_PUBLIC">public</token>
    <token name="T_WHITESPACE"> </token>
    <token name="T_FUNCTION">function</token>
    <token name="T_WHITESPACE"> </token>
    <token name="T_STRING">startTestSuite</token>
    <token name="T_PHPDOX_OPEN_BRACKET">(</token>
    <token name="T_STRING">PHPUnit_Framework_TestSuite</token>
    <token name="T_WHITESPACE"> </token>
    <token name="T_VARIABLE">$suite</token>
    <token name="T_PHPDOX_CLOSE_BRACKET">)</token>
  </line>
  <line no="282">
    <token name="T_WHITESPACE">    </token>
    <token name="T_PHPDOX_OPEN_CURLY">{</token>
  </line>
  <line no="283">
    <token name="T_WHITESPACE">        </token>
    <token name="T_VARIABLE">$testSuite</token>
    <token name="T_WHITESPACE"> </token>
    <token name="T_PHPDOX_EQUAL">=</token>
    <token name="T_WHITESPACE"> </token>
    <token name="T_VARIABLE">$this</token>
    <token name="T_OBJECT_OPERATOR">-&gt;</token>
    <token name="T_STRING">document</token>
    <token name="T_OBJECT_OPERATOR">-&gt;</token>
    <token name="T_STRING">createElement</token>
    <token name="T_PHPDOX_OPEN_BRACKET">(</token>
    <token name="T_CONSTANT_ENCAPSED_STRING">'testsuite'</token>
    <token name="T_PHPDOX_CLOSE_BRACKET">)</token>
    <token name="T_PHPDOX_SEMICOLON">;</token>
  </line>
  <line no="284">
    <token name="T_WHITESPACE">        </token>
    <token name="T_VARIABLE">$testSuite</token>
    <token name="T_OBJECT_OPERATOR">-&gt;</token>
    <token name="T_STRING">setAttribute</token>
    <token name="T_PHPDOX_OPEN_BRACKET">(</token>
    <token name="T_CONSTANT_ENCAPSED_STRING">'name'</token>
    <token name="T_PHPDOX_COMMA">,</token>
    <token name="T_WHITESPACE"> </token>
    <token name="T_VARIABLE">$suite</token>
    <token name="T_OBJECT_OPERATOR">-&gt;</token>
    <token name="T_STRING">getName</token>
    <token name="T_PHPDOX_OPEN_BRACKET">(</token>
    <token name="T_PHPDOX_CLOSE_BRACKET">)</token>
    <token name="T_PHPDOX_CLOSE_BRACKET">)</token>
    <token name="T_PHPDOX_SEMICOLON">;</token>
  </line>
  <line no="285"/>
  <line no="286">
    <token name="T_WHITESPACE">        </token>
    <token name="T_IF">if</token>
    <token name="T_WHITESPACE"> </token>
    <token name="T_PHPDOX_OPEN_BRACKET">(</token>
    <token name="T_STRING">class_exists</token>
    <token name="T_PHPDOX_OPEN_BRACKET">(</token>
    <token name="T_VARIABLE">$suite</token>
    <token name="T_OBJECT_OPERATOR">-&gt;</token>
    <token name="T_STRING">getName</token>
    <token name="T_PHPDOX_OPEN_BRACKET">(</token>
    <token name="T_PHPDOX_CLOSE_BRACKET">)</token>
    <token name="T_PHPDOX_COMMA">,</token>
    <token name="T_WHITESPACE"> </token>
    <token name="T_STRING">false</token>
    <token name="T_PHPDOX_CLOSE_BRACKET">)</token>
    <token name="T_PHPDOX_CLOSE_BRACKET">)</token>
    <token name="T_WHITESPACE"> </token>
    <token name="T_PHPDOX_OPEN_CURLY">{</token>
  </line>
  <line no="287">
    <token name="T_WHITESPACE">            </token>
    <token name="T_TRY">try</token>
    <token name="T_WHITESPACE"> </token>
    <token name="T_PHPDOX_OPEN_CURLY">{</token>
  </line>
  <line no="288">
    <token name="T_WHITESPACE">                </token>
    <token name="T_VARIABLE">$class</token>
    <token name="T_WHITESPACE"> </token>
    <token name="T_PHPDOX_EQUAL">=</token>
    <token name="T_WHITESPACE"> </token>
    <token name="T_NEW">new</token>
    <token name="T_WHITESPACE"> </token>
    <token name="T_STRING">ReflectionClass</token>
    <token name="T_PHPDOX_OPEN_BRACKET">(</token>
    <token name="T_VARIABLE">$suite</token>
    <token name="T_OBJECT_OPERATOR">-&gt;</token>
    <token name="T_STRING">getName</token>
    <token name="T_PHPDOX_OPEN_BRACKET">(</token>
    <token name="T_PHPDOX_CLOSE_BRACKET">)</token>
    <token name="T_PHPDOX_CLOSE_BRACKET">)</token>
    <token name="T_PHPDOX_SEMICOLON">;</token>
  </line>
  <line no="289"/>
  <line no="290">
    <token name="T_WHITESPACE">                </token>
    <token name="T_VARIABLE">$testSuite</token>
    <token name="T_OBJECT_OPERATOR">-&gt;</token>
    <token name="T_STRING">setAttribute</token>
    <token name="T_PHPDOX_OPEN_BRACKET">(</token>
    <token name="T_CONSTANT_ENCAPSED_STRING">'file'</token>
    <token name="T_PHPDOX_COMMA">,</token>
    <token name="T_WHITESPACE"> </token>
    <token name="T_VARIABLE">$class</token>
    <token name="T_OBJECT_OPERATOR">-&gt;</token>
    <token name="T_STRING">getFileName</token>
    <token name="T_PHPDOX_OPEN_BRACKET">(</token>
    <token name="T_PHPDOX_CLOSE_BRACKET">)</token>
    <token name="T_PHPDOX_CLOSE_BRACKET">)</token>
    <token name="T_PHPDOX_SEMICOLON">;</token>
  </line>
  <line no="291">
    <token name="T_WHITESPACE">            </token>
    <token name="T_PHPDOX_CLOSE_CURLY">}</token>
    <token name="T_WHITESPACE"> </token>
    <token name="T_CATCH">catch</token>
    <token name="T_WHITESPACE"> </token>
    <token name="T_PHPDOX_OPEN_BRACKET">(</token>
    <token name="T_STRING">ReflectionException</token>
    <token name="T_WHITESPACE"> </token>
    <token name="T_VARIABLE">$e</token>
    <token name="T_PHPDOX_CLOSE_BRACKET">)</token>
    <token name="T_WHITESPACE"> </token>
    <token name="T_PHPDOX_OPEN_CURLY">{</token>
  </line>
  <line no="292">
    <token name="T_WHITESPACE">            </token>
    <token name="T_PHPDOX_CLOSE_CURLY">}</token>
  </line>
  <line no="293">
    <token name="T_WHITESPACE">        </token>
    <token name="T_PHPDOX_CLOSE_CURLY">}</token>
  </line>
  <line no="294"/>
  <line no="295">
    <token name="T_WHITESPACE">        </token>
    <token name="T_IF">if</token>
    <token name="T_WHITESPACE"> </token>
    <token name="T_PHPDOX_OPEN_BRACKET">(</token>
    <token name="T_VARIABLE">$this</token>
    <token name="T_OBJECT_OPERATOR">-&gt;</token>
    <token name="T_STRING">testSuiteLevel</token>
    <token name="T_WHITESPACE"> </token>
    <token name="T_PHPDOX_GT">&gt;</token>
    <token name="T_WHITESPACE"> </token>
    <token name="T_LNUMBER">0</token>
    <token name="T_PHPDOX_CLOSE_BRACKET">)</token>
    <token name="T_WHITESPACE"> </token>
    <token name="T_PHPDOX_OPEN_CURLY">{</token>
  </line>
  <line no="296">
    <token name="T_WHITESPACE">            </token>
    <token name="T_VARIABLE">$this</token>
    <token name="T_OBJECT_OPERATOR">-&gt;</token>
    <token name="T_STRING">testSuites</token>
    <token name="T_PHPDOX_OPEN_SQUARE">[</token>
    <token name="T_VARIABLE">$this</token>
    <token name="T_OBJECT_OPERATOR">-&gt;</token>
    <token name="T_STRING">testSuiteLevel</token>
    <token name="T_PHPDOX_CLOSE_SQUARE">]</token>
    <token name="T_OBJECT_OPERATOR">-&gt;</token>
    <token name="T_STRING">appendChild</token>
    <token name="T_PHPDOX_OPEN_BRACKET">(</token>
    <token name="T_VARIABLE">$testSuite</token>
    <token name="T_PHPDOX_CLOSE_BRACKET">)</token>
    <token name="T_PHPDOX_SEMICOLON">;</token>
  </line>
  <line no="297">
    <token name="T_WHITESPACE">        </token>
    <token name="T_PHPDOX_CLOSE_CURLY">}</token>
    <token name="T_WHITESPACE"> </token>
    <token name="T_ELSE">else</token>
    <token name="T_WHITESPACE"> </token>
    <token name="T_PHPDOX_OPEN_CURLY">{</token>
  </line>
  <line no="298">
    <token name="T_WHITESPACE">            </token>
    <token name="T_VARIABLE">$this</token>
    <token name="T_OBJECT_OPERATOR">-&gt;</token>
    <token name="T_STRING">root</token>
    <token name="T_OBJECT_OPERATOR">-&gt;</token>
    <token name="T_STRING">appendChild</token>
    <token name="T_PHPDOX_OPEN_BRACKET">(</token>
    <token name="T_VARIABLE">$testSuite</token>
    <token name="T_PHPDOX_CLOSE_BRACKET">)</token>
    <token name="T_PHPDOX_SEMICOLON">;</token>
  </line>
  <line no="299">
    <token name="T_WHITESPACE">        </token>
    <token name="T_PHPDOX_CLOSE_CURLY">}</token>
  </line>
  <line no="300"/>
  <line no="301">
    <token name="T_WHITESPACE">        </token>
    <token name="T_VARIABLE">$this</token>
    <token name="T_OBJECT_OPERATOR">-&gt;</token>
    <token name="T_STRING">testSuiteLevel</token>
    <token name="T_INC">++</token>
    <token name="T_PHPDOX_SEMICOLON">;</token>
  </line>
  <line no="302">
    <token name="T_WHITESPACE">        </token>
    <token name="T_VARIABLE">$this</token>
    <token name="T_OBJECT_OPERATOR">-&gt;</token>
    <token name="T_STRING">testSuites</token>
    <token name="T_PHPDOX_OPEN_SQUARE">[</token>
    <token name="T_VARIABLE">$this</token>
    <token name="T_OBJECT_OPERATOR">-&gt;</token>
    <token name="T_STRING">testSuiteLevel</token>
    <token name="T_PHPDOX_CLOSE_SQUARE">]</token>
    <token name="T_WHITESPACE">          </token>
    <token name="T_PHPDOX_EQUAL">=</token>
    <token name="T_WHITESPACE"> </token>
    <token name="T_VARIABLE">$testSuite</token>
    <token name="T_PHPDOX_SEMICOLON">;</token>
  </line>
  <line no="303">
    <token name="T_WHITESPACE">        </token>
    <token name="T_VARIABLE">$this</token>
    <token name="T_OBJECT_OPERATOR">-&gt;</token>
    <token name="T_STRING">testSuiteTests</token>
    <token name="T_PHPDOX_OPEN_SQUARE">[</token>
    <token name="T_VARIABLE">$this</token>
    <token name="T_OBJECT_OPERATOR">-&gt;</token>
    <token name="T_STRING">testSuiteLevel</token>
    <token name="T_PHPDOX_CLOSE_SQUARE">]</token>
    <token name="T_WHITESPACE">      </token>
    <token name="T_PHPDOX_EQUAL">=</token>
    <token name="T_WHITESPACE"> </token>
    <token name="T_LNUMBER">0</token>
    <token name="T_PHPDOX_SEMICOLON">;</token>
  </line>
  <line no="304">
    <token name="T_WHITESPACE">        </token>
    <token name="T_VARIABLE">$this</token>
    <token name="T_OBJECT_OPERATOR">-&gt;</token>
    <token name="T_STRING">testSuiteAssertions</token>
    <token name="T_PHPDOX_OPEN_SQUARE">[</token>
    <token name="T_VARIABLE">$this</token>
    <token name="T_OBJECT_OPERATOR">-&gt;</token>
    <token name="T_STRING">testSuiteLevel</token>
    <token name="T_PHPDOX_CLOSE_SQUARE">]</token>
    <token name="T_WHITESPACE"> </token>
    <token name="T_PHPDOX_EQUAL">=</token>
    <token name="T_WHITESPACE"> </token>
    <token name="T_LNUMBER">0</token>
    <token name="T_PHPDOX_SEMICOLON">;</token>
  </line>
  <line no="305">
    <token name="T_WHITESPACE">        </token>
    <token name="T_VARIABLE">$this</token>
    <token name="T_OBJECT_OPERATOR">-&gt;</token>
    <token name="T_STRING">testSuiteErrors</token>
    <token name="T_PHPDOX_OPEN_SQUARE">[</token>
    <token name="T_VARIABLE">$this</token>
    <token name="T_OBJECT_OPERATOR">-&gt;</token>
    <token name="T_STRING">testSuiteLevel</token>
    <token name="T_PHPDOX_CLOSE_SQUARE">]</token>
    <token name="T_WHITESPACE">     </token>
    <token name="T_PHPDOX_EQUAL">=</token>
    <token name="T_WHITESPACE"> </token>
    <token name="T_LNUMBER">0</token>
    <token name="T_PHPDOX_SEMICOLON">;</token>
  </line>
  <line no="306">
    <token name="T_WHITESPACE">        </token>
    <token name="T_VARIABLE">$this</token>
    <token name="T_OBJECT_OPERATOR">-&gt;</token>
    <token name="T_STRING">testSuiteFailures</token>
    <token name="T_PHPDOX_OPEN_SQUARE">[</token>
    <token name="T_VARIABLE">$this</token>
    <token name="T_OBJECT_OPERATOR">-&gt;</token>
    <token name="T_STRING">testSuiteLevel</token>
    <token name="T_PHPDOX_CLOSE_SQUARE">]</token>
    <token name="T_WHITESPACE">   </token>
    <token name="T_PHPDOX_EQUAL">=</token>
    <token name="T_WHITESPACE"> </token>
    <token name="T_LNUMBER">0</token>
    <token name="T_PHPDOX_SEMICOLON">;</token>
  </line>
  <line no="307">
    <token name="T_WHITESPACE">        </token>
    <token name="T_VARIABLE">$this</token>
    <token name="T_OBJECT_OPERATOR">-&gt;</token>
    <token name="T_STRING">testSuiteTimes</token>
    <token name="T_PHPDOX_OPEN_SQUARE">[</token>
    <token name="T_VARIABLE">$this</token>
    <token name="T_OBJECT_OPERATOR">-&gt;</token>
    <token name="T_STRING">testSuiteLevel</token>
    <token name="T_PHPDOX_CLOSE_SQUARE">]</token>
    <token name="T_WHITESPACE">      </token>
    <token name="T_PHPDOX_EQUAL">=</token>
    <token name="T_WHITESPACE"> </token>
    <token name="T_LNUMBER">0</token>
    <token name="T_PHPDOX_SEMICOLON">;</token>
  </line>
  <line no="308">
    <token name="T_WHITESPACE">    </token>
    <token name="T_PHPDOX_CLOSE_CURLY">}</token>
  </line>
  <line no="309"/>
  <line no="310">
    <token name="T_WHITESPACE">    </token>
    <token name="T_DOC_COMMENT">/**</token>
  </line>
  <line no="311">
    <token name="T_DOC_COMMENT">     * A testsuite ended.</token>
  </line>
  <line no="312">
    <token name="T_DOC_COMMENT">     *</token>
  </line>
  <line no="313">
    <token name="T_DOC_COMMENT">     * @param PHPUnit_Framework_TestSuite $suite</token>
  </line>
  <line no="314">
    <token name="T_DOC_COMMENT">     *</token>
  </line>
  <line no="315">
    <token name="T_DOC_COMMENT">     * @since  Method available since Release 2.2.0</token>
  </line>
  <line no="316">
    <token name="T_DOC_COMMENT">     */</token>
  </line>
  <line no="317">
    <token name="T_WHITESPACE">    </token>
    <token name="T_PUBLIC">public</token>
    <token name="T_WHITESPACE"> </token>
    <token name="T_FUNCTION">function</token>
    <token name="T_WHITESPACE"> </token>
    <token name="T_STRING">endTestSuite</token>
    <token name="T_PHPDOX_OPEN_BRACKET">(</token>
    <token name="T_STRING">PHPUnit_Framework_TestSuite</token>
    <token name="T_WHITESPACE"> </token>
    <token name="T_VARIABLE">$suite</token>
    <token name="T_PHPDOX_CLOSE_BRACKET">)</token>
  </line>
  <line no="318">
    <token name="T_WHITESPACE">    </token>
    <token name="T_PHPDOX_OPEN_CURLY">{</token>
  </line>
  <line no="319">
    <token name="T_WHITESPACE">        </token>
    <token name="T_VARIABLE">$this</token>
    <token name="T_OBJECT_OPERATOR">-&gt;</token>
    <token name="T_STRING">testSuites</token>
    <token name="T_PHPDOX_OPEN_SQUARE">[</token>
    <token name="T_VARIABLE">$this</token>
    <token name="T_OBJECT_OPERATOR">-&gt;</token>
    <token name="T_STRING">testSuiteLevel</token>
    <token name="T_PHPDOX_CLOSE_SQUARE">]</token>
    <token name="T_OBJECT_OPERATOR">-&gt;</token>
    <token name="T_STRING">setAttribute</token>
    <token name="T_PHPDOX_OPEN_BRACKET">(</token>
  </line>
  <line no="320">
    <token name="T_WHITESPACE">            </token>
    <token name="T_CONSTANT_ENCAPSED_STRING">'tests'</token>
    <token name="T_PHPDOX_COMMA">,</token>
  </line>
  <line no="321">
    <token name="T_WHITESPACE">            </token>
    <token name="T_VARIABLE">$this</token>
    <token name="T_OBJECT_OPERATOR">-&gt;</token>
    <token name="T_STRING">testSuiteTests</token>
    <token name="T_PHPDOX_OPEN_SQUARE">[</token>
    <token name="T_VARIABLE">$this</token>
    <token name="T_OBJECT_OPERATOR">-&gt;</token>
    <token name="T_STRING">testSuiteLevel</token>
    <token name="T_PHPDOX_CLOSE_SQUARE">]</token>
  </line>
  <line no="322">
    <token name="T_WHITESPACE">        </token>
    <token name="T_PHPDOX_CLOSE_BRACKET">)</token>
    <token name="T_PHPDOX_SEMICOLON">;</token>
  </line>
  <line no="323"/>
  <line no="324">
    <token name="T_WHITESPACE">        </token>
    <token name="T_VARIABLE">$this</token>
    <token name="T_OBJECT_OPERATOR">-&gt;</token>
    <token name="T_STRING">testSuites</token>
    <token name="T_PHPDOX_OPEN_SQUARE">[</token>
    <token name="T_VARIABLE">$this</token>
    <token name="T_OBJECT_OPERATOR">-&gt;</token>
    <token name="T_STRING">testSuiteLevel</token>
    <token name="T_PHPDOX_CLOSE_SQUARE">]</token>
    <token name="T_OBJECT_OPERATOR">-&gt;</token>
    <token name="T_STRING">setAttribute</token>
    <token name="T_PHPDOX_OPEN_BRACKET">(</token>
  </line>
  <line no="325">
    <token name="T_WHITESPACE">            </token>
    <token name="T_CONSTANT_ENCAPSED_STRING">'assertions'</token>
    <token name="T_PHPDOX_COMMA">,</token>
  </line>
  <line no="326">
    <token name="T_WHITESPACE">            </token>
    <token name="T_VARIABLE">$this</token>
    <token name="T_OBJECT_OPERATOR">-&gt;</token>
    <token name="T_STRING">testSuiteAssertions</token>
    <token name="T_PHPDOX_OPEN_SQUARE">[</token>
    <token name="T_VARIABLE">$this</token>
    <token name="T_OBJECT_OPERATOR">-&gt;</token>
    <token name="T_STRING">testSuiteLevel</token>
    <token name="T_PHPDOX_CLOSE_SQUARE">]</token>
  </line>
  <line no="327">
    <token name="T_WHITESPACE">        </token>
    <token name="T_PHPDOX_CLOSE_BRACKET">)</token>
    <token name="T_PHPDOX_SEMICOLON">;</token>
  </line>
  <line no="328"/>
  <line no="329">
    <token name="T_WHITESPACE">        </token>
    <token name="T_VARIABLE">$this</token>
    <token name="T_OBJECT_OPERATOR">-&gt;</token>
    <token name="T_STRING">testSuites</token>
    <token name="T_PHPDOX_OPEN_SQUARE">[</token>
    <token name="T_VARIABLE">$this</token>
    <token name="T_OBJECT_OPERATOR">-&gt;</token>
    <token name="T_STRING">testSuiteLevel</token>
    <token name="T_PHPDOX_CLOSE_SQUARE">]</token>
    <token name="T_OBJECT_OPERATOR">-&gt;</token>
    <token name="T_STRING">setAttribute</token>
    <token name="T_PHPDOX_OPEN_BRACKET">(</token>
  </line>
  <line no="330">
    <token name="T_WHITESPACE">            </token>
    <token name="T_CONSTANT_ENCAPSED_STRING">'failures'</token>
    <token name="T_PHPDOX_COMMA">,</token>
  </line>
  <line no="331">
    <token name="T_WHITESPACE">            </token>
    <token name="T_VARIABLE">$this</token>
    <token name="T_OBJECT_OPERATOR">-&gt;</token>
    <token name="T_STRING">testSuiteFailures</token>
    <token name="T_PHPDOX_OPEN_SQUARE">[</token>
    <token name="T_VARIABLE">$this</token>
    <token name="T_OBJECT_OPERATOR">-&gt;</token>
    <token name="T_STRING">testSuiteLevel</token>
    <token name="T_PHPDOX_CLOSE_SQUARE">]</token>
  </line>
  <line no="332">
    <token name="T_WHITESPACE">        </token>
    <token name="T_PHPDOX_CLOSE_BRACKET">)</token>
    <token name="T_PHPDOX_SEMICOLON">;</token>
  </line>
  <line no="333"/>
  <line no="334">
    <token name="T_WHITESPACE">        </token>
    <token name="T_VARIABLE">$this</token>
    <token name="T_OBJECT_OPERATOR">-&gt;</token>
    <token name="T_STRING">testSuites</token>
    <token name="T_PHPDOX_OPEN_SQUARE">[</token>
    <token name="T_VARIABLE">$this</token>
    <token name="T_OBJECT_OPERATOR">-&gt;</token>
    <token name="T_STRING">testSuiteLevel</token>
    <token name="T_PHPDOX_CLOSE_SQUARE">]</token>
    <token name="T_OBJECT_OPERATOR">-&gt;</token>
    <token name="T_STRING">setAttribute</token>
    <token name="T_PHPDOX_OPEN_BRACKET">(</token>
  </line>
  <line no="335">
    <token name="T_WHITESPACE">            </token>
    <token name="T_CONSTANT_ENCAPSED_STRING">'errors'</token>
    <token name="T_PHPDOX_COMMA">,</token>
  </line>
  <line no="336">
    <token name="T_WHITESPACE">            </token>
    <token name="T_VARIABLE">$this</token>
    <token name="T_OBJECT_OPERATOR">-&gt;</token>
    <token name="T_STRING">testSuiteErrors</token>
    <token name="T_PHPDOX_OPEN_SQUARE">[</token>
    <token name="T_VARIABLE">$this</token>
    <token name="T_OBJECT_OPERATOR">-&gt;</token>
    <token name="T_STRING">testSuiteLevel</token>
    <token name="T_PHPDOX_CLOSE_SQUARE">]</token>
  </line>
  <line no="337">
    <token name="T_WHITESPACE">        </token>
    <token name="T_PHPDOX_CLOSE_BRACKET">)</token>
    <token name="T_PHPDOX_SEMICOLON">;</token>
  </line>
  <line no="338"/>
  <line no="339">
    <token name="T_WHITESPACE">        </token>
    <token name="T_VARIABLE">$this</token>
    <token name="T_OBJECT_OPERATOR">-&gt;</token>
    <token name="T_STRING">testSuites</token>
    <token name="T_PHPDOX_OPEN_SQUARE">[</token>
    <token name="T_VARIABLE">$this</token>
    <token name="T_OBJECT_OPERATOR">-&gt;</token>
    <token name="T_STRING">testSuiteLevel</token>
    <token name="T_PHPDOX_CLOSE_SQUARE">]</token>
    <token name="T_OBJECT_OPERATOR">-&gt;</token>
    <token name="T_STRING">setAttribute</token>
    <token name="T_PHPDOX_OPEN_BRACKET">(</token>
  </line>
  <line no="340">
    <token name="T_WHITESPACE">            </token>
    <token name="T_CONSTANT_ENCAPSED_STRING">'time'</token>
    <token name="T_PHPDOX_COMMA">,</token>
  </line>
  <line no="341">
    <token name="T_WHITESPACE">            </token>
    <token name="T_STRING">sprintf</token>
    <token name="T_PHPDOX_OPEN_BRACKET">(</token>
    <token name="T_CONSTANT_ENCAPSED_STRING">'%F'</token>
    <token name="T_PHPDOX_COMMA">,</token>
    <token name="T_WHITESPACE"> </token>
    <token name="T_VARIABLE">$this</token>
    <token name="T_OBJECT_OPERATOR">-&gt;</token>
    <token name="T_STRING">testSuiteTimes</token>
    <token name="T_PHPDOX_OPEN_SQUARE">[</token>
    <token name="T_VARIABLE">$this</token>
    <token name="T_OBJECT_OPERATOR">-&gt;</token>
    <token name="T_STRING">testSuiteLevel</token>
    <token name="T_PHPDOX_CLOSE_SQUARE">]</token>
    <token name="T_PHPDOX_CLOSE_BRACKET">)</token>
  </line>
  <line no="342">
    <token name="T_WHITESPACE">        </token>
    <token name="T_PHPDOX_CLOSE_BRACKET">)</token>
    <token name="T_PHPDOX_SEMICOLON">;</token>
  </line>
  <line no="343"/>
  <line no="344">
    <token name="T_WHITESPACE">        </token>
    <token name="T_IF">if</token>
    <token name="T_WHITESPACE"> </token>
    <token name="T_PHPDOX_OPEN_BRACKET">(</token>
    <token name="T_VARIABLE">$this</token>
    <token name="T_OBJECT_OPERATOR">-&gt;</token>
    <token name="T_STRING">testSuiteLevel</token>
    <token name="T_WHITESPACE"> </token>
    <token name="T_PHPDOX_GT">&gt;</token>
    <token name="T_WHITESPACE"> </token>
    <token name="T_LNUMBER">1</token>
    <token name="T_PHPDOX_CLOSE_BRACKET">)</token>
    <token name="T_WHITESPACE"> </token>
    <token name="T_PHPDOX_OPEN_CURLY">{</token>
  </line>
  <line no="345">
    <token name="T_WHITESPACE">            </token>
    <token name="T_VARIABLE">$this</token>
    <token name="T_OBJECT_OPERATOR">-&gt;</token>
    <token name="T_STRING">testSuiteTests</token>
    <token name="T_PHPDOX_OPEN_SQUARE">[</token>
    <token name="T_VARIABLE">$this</token>
    <token name="T_OBJECT_OPERATOR">-&gt;</token>
    <token name="T_STRING">testSuiteLevel</token>
    <token name="T_WHITESPACE"> </token>
    <token name="T_PHPDOX_MINUS">-</token>
    <token name="T_WHITESPACE"> </token>
    <token name="T_LNUMBER">1</token>
    <token name="T_PHPDOX_CLOSE_SQUARE">]</token>
    <token name="T_WHITESPACE">      </token>
    <token name="T_PLUS_EQUAL">+=</token>
    <token name="T_WHITESPACE"> </token>
    <token name="T_VARIABLE">$this</token>
    <token name="T_OBJECT_OPERATOR">-&gt;</token>
    <token name="T_STRING">testSuiteTests</token>
    <token name="T_PHPDOX_OPEN_SQUARE">[</token>
    <token name="T_VARIABLE">$this</token>
    <token name="T_OBJECT_OPERATOR">-&gt;</token>
    <token name="T_STRING">testSuiteLevel</token>
    <token name="T_PHPDOX_CLOSE_SQUARE">]</token>
    <token name="T_PHPDOX_SEMICOLON">;</token>
  </line>
  <line no="346">
    <token name="T_WHITESPACE">            </token>
    <token name="T_VARIABLE">$this</token>
    <token name="T_OBJECT_OPERATOR">-&gt;</token>
    <token name="T_STRING">testSuiteAssertions</token>
    <token name="T_PHPDOX_OPEN_SQUARE">[</token>
    <token name="T_VARIABLE">$this</token>
    <token name="T_OBJECT_OPERATOR">-&gt;</token>
    <token name="T_STRING">testSuiteLevel</token>
    <token name="T_WHITESPACE"> </token>
    <token name="T_PHPDOX_MINUS">-</token>
    <token name="T_WHITESPACE"> </token>
    <token name="T_LNUMBER">1</token>
    <token name="T_PHPDOX_CLOSE_SQUARE">]</token>
    <token name="T_WHITESPACE"> </token>
    <token name="T_PLUS_EQUAL">+=</token>
    <token name="T_WHITESPACE"> </token>
    <token name="T_VARIABLE">$this</token>
    <token name="T_OBJECT_OPERATOR">-&gt;</token>
    <token name="T_STRING">testSuiteAssertions</token>
    <token name="T_PHPDOX_OPEN_SQUARE">[</token>
    <token name="T_VARIABLE">$this</token>
    <token name="T_OBJECT_OPERATOR">-&gt;</token>
    <token name="T_STRING">testSuiteLevel</token>
    <token name="T_PHPDOX_CLOSE_SQUARE">]</token>
    <token name="T_PHPDOX_SEMICOLON">;</token>
  </line>
  <line no="347">
    <token name="T_WHITESPACE">            </token>
    <token name="T_VARIABLE">$this</token>
    <token name="T_OBJECT_OPERATOR">-&gt;</token>
    <token name="T_STRING">testSuiteErrors</token>
    <token name="T_PHPDOX_OPEN_SQUARE">[</token>
    <token name="T_VARIABLE">$this</token>
    <token name="T_OBJECT_OPERATOR">-&gt;</token>
    <token name="T_STRING">testSuiteLevel</token>
    <token name="T_WHITESPACE"> </token>
    <token name="T_PHPDOX_MINUS">-</token>
    <token name="T_WHITESPACE"> </token>
    <token name="T_LNUMBER">1</token>
    <token name="T_PHPDOX_CLOSE_SQUARE">]</token>
    <token name="T_WHITESPACE">     </token>
    <token name="T_PLUS_EQUAL">+=</token>
    <token name="T_WHITESPACE"> </token>
    <token name="T_VARIABLE">$this</token>
    <token name="T_OBJECT_OPERATOR">-&gt;</token>
    <token name="T_STRING">testSuiteErrors</token>
    <token name="T_PHPDOX_OPEN_SQUARE">[</token>
    <token name="T_VARIABLE">$this</token>
    <token name="T_OBJECT_OPERATOR">-&gt;</token>
    <token name="T_STRING">testSuiteLevel</token>
    <token name="T_PHPDOX_CLOSE_SQUARE">]</token>
    <token name="T_PHPDOX_SEMICOLON">;</token>
  </line>
  <line no="348">
    <token name="T_WHITESPACE">            </token>
    <token name="T_VARIABLE">$this</token>
    <token name="T_OBJECT_OPERATOR">-&gt;</token>
    <token name="T_STRING">testSuiteFailures</token>
    <token name="T_PHPDOX_OPEN_SQUARE">[</token>
    <token name="T_VARIABLE">$this</token>
    <token name="T_OBJECT_OPERATOR">-&gt;</token>
    <token name="T_STRING">testSuiteLevel</token>
    <token name="T_WHITESPACE"> </token>
    <token name="T_PHPDOX_MINUS">-</token>
    <token name="T_WHITESPACE"> </token>
    <token name="T_LNUMBER">1</token>
    <token name="T_PHPDOX_CLOSE_SQUARE">]</token>
    <token name="T_WHITESPACE">   </token>
    <token name="T_PLUS_EQUAL">+=</token>
    <token name="T_WHITESPACE"> </token>
    <token name="T_VARIABLE">$this</token>
    <token name="T_OBJECT_OPERATOR">-&gt;</token>
    <token name="T_STRING">testSuiteFailures</token>
    <token name="T_PHPDOX_OPEN_SQUARE">[</token>
    <token name="T_VARIABLE">$this</token>
    <token name="T_OBJECT_OPERATOR">-&gt;</token>
    <token name="T_STRING">testSuiteLevel</token>
    <token name="T_PHPDOX_CLOSE_SQUARE">]</token>
    <token name="T_PHPDOX_SEMICOLON">;</token>
  </line>
  <line no="349">
    <token name="T_WHITESPACE">            </token>
    <token name="T_VARIABLE">$this</token>
    <token name="T_OBJECT_OPERATOR">-&gt;</token>
    <token name="T_STRING">testSuiteTimes</token>
    <token name="T_PHPDOX_OPEN_SQUARE">[</token>
    <token name="T_VARIABLE">$this</token>
    <token name="T_OBJECT_OPERATOR">-&gt;</token>
    <token name="T_STRING">testSuiteLevel</token>
    <token name="T_WHITESPACE"> </token>
    <token name="T_PHPDOX_MINUS">-</token>
    <token name="T_WHITESPACE"> </token>
    <token name="T_LNUMBER">1</token>
    <token name="T_PHPDOX_CLOSE_SQUARE">]</token>
    <token name="T_WHITESPACE">      </token>
    <token name="T_PLUS_EQUAL">+=</token>
    <token name="T_WHITESPACE"> </token>
    <token name="T_VARIABLE">$this</token>
    <token name="T_OBJECT_OPERATOR">-&gt;</token>
    <token name="T_STRING">testSuiteTimes</token>
    <token name="T_PHPDOX_OPEN_SQUARE">[</token>
    <token name="T_VARIABLE">$this</token>
    <token name="T_OBJECT_OPERATOR">-&gt;</token>
    <token name="T_STRING">testSuiteLevel</token>
    <token name="T_PHPDOX_CLOSE_SQUARE">]</token>
    <token name="T_PHPDOX_SEMICOLON">;</token>
  </line>
  <line no="350">
    <token name="T_WHITESPACE">        </token>
    <token name="T_PHPDOX_CLOSE_CURLY">}</token>
  </line>
  <line no="351"/>
  <line no="352">
    <token name="T_WHITESPACE">        </token>
    <token name="T_VARIABLE">$this</token>
    <token name="T_OBJECT_OPERATOR">-&gt;</token>
    <token name="T_STRING">testSuiteLevel</token>
    <token name="T_DEC">--</token>
    <token name="T_PHPDOX_SEMICOLON">;</token>
  </line>
  <line no="353">
    <token name="T_WHITESPACE">    </token>
    <token name="T_PHPDOX_CLOSE_CURLY">}</token>
  </line>
  <line no="354"/>
  <line no="355">
    <token name="T_WHITESPACE">    </token>
    <token name="T_DOC_COMMENT">/**</token>
  </line>
  <line no="356">
    <token name="T_DOC_COMMENT">     * A test started.</token>
  </line>
  <line no="357">
    <token name="T_DOC_COMMENT">     *</token>
  </line>
  <line no="358">
    <token name="T_DOC_COMMENT">     * @param PHPUnit_Framework_Test $test</token>
  </line>
  <line no="359">
    <token name="T_DOC_COMMENT">     */</token>
  </line>
  <line no="360">
    <token name="T_WHITESPACE">    </token>
    <token name="T_PUBLIC">public</token>
    <token name="T_WHITESPACE"> </token>
    <token name="T_FUNCTION">function</token>
    <token name="T_WHITESPACE"> </token>
    <token name="T_STRING">startTest</token>
    <token name="T_PHPDOX_OPEN_BRACKET">(</token>
    <token name="T_STRING">PHPUnit_Framework_Test</token>
    <token name="T_WHITESPACE"> </token>
    <token name="T_VARIABLE">$test</token>
    <token name="T_PHPDOX_CLOSE_BRACKET">)</token>
  </line>
  <line no="361">
    <token name="T_WHITESPACE">    </token>
    <token name="T_PHPDOX_OPEN_CURLY">{</token>
  </line>
  <line no="362">
    <token name="T_WHITESPACE">        </token>
    <token name="T_VARIABLE">$testCase</token>
    <token name="T_WHITESPACE"> </token>
    <token name="T_PHPDOX_EQUAL">=</token>
    <token name="T_WHITESPACE"> </token>
    <token name="T_VARIABLE">$this</token>
    <token name="T_OBJECT_OPERATOR">-&gt;</token>
    <token name="T_STRING">document</token>
    <token name="T_OBJECT_OPERATOR">-&gt;</token>
    <token name="T_STRING">createElement</token>
    <token name="T_PHPDOX_OPEN_BRACKET">(</token>
    <token name="T_CONSTANT_ENCAPSED_STRING">'testcase'</token>
    <token name="T_PHPDOX_CLOSE_BRACKET">)</token>
    <token name="T_PHPDOX_SEMICOLON">;</token>
  </line>
  <line no="363">
    <token name="T_WHITESPACE">        </token>
    <token name="T_VARIABLE">$testCase</token>
    <token name="T_OBJECT_OPERATOR">-&gt;</token>
    <token name="T_STRING">setAttribute</token>
    <token name="T_PHPDOX_OPEN_BRACKET">(</token>
    <token name="T_CONSTANT_ENCAPSED_STRING">'name'</token>
    <token name="T_PHPDOX_COMMA">,</token>
    <token name="T_WHITESPACE"> </token>
    <token name="T_VARIABLE">$test</token>
    <token name="T_OBJECT_OPERATOR">-&gt;</token>
    <token name="T_STRING">getName</token>
    <token name="T_PHPDOX_OPEN_BRACKET">(</token>
    <token name="T_PHPDOX_CLOSE_BRACKET">)</token>
    <token name="T_PHPDOX_CLOSE_BRACKET">)</token>
    <token name="T_PHPDOX_SEMICOLON">;</token>
  </line>
  <line no="364"/>
  <line no="365">
    <token name="T_WHITESPACE">        </token>
    <token name="T_IF">if</token>
    <token name="T_WHITESPACE"> </token>
    <token name="T_PHPDOX_OPEN_BRACKET">(</token>
    <token name="T_VARIABLE">$test</token>
    <token name="T_WHITESPACE"> </token>
    <token name="T_INSTANCEOF">instanceof</token>
    <token name="T_WHITESPACE"> </token>
    <token name="T_STRING">PHPUnit_Framework_TestCase</token>
    <token name="T_PHPDOX_CLOSE_BRACKET">)</token>
    <token name="T_WHITESPACE"> </token>
    <token name="T_PHPDOX_OPEN_CURLY">{</token>
  </line>
  <line no="366">
    <token name="T_WHITESPACE">            </token>
    <token name="T_VARIABLE">$class</token>
    <token name="T_WHITESPACE">      </token>
    <token name="T_PHPDOX_EQUAL">=</token>
    <token name="T_WHITESPACE"> </token>
    <token name="T_NEW">new</token>
    <token name="T_WHITESPACE"> </token>
    <token name="T_STRING">ReflectionClass</token>
    <token name="T_PHPDOX_OPEN_BRACKET">(</token>
    <token name="T_VARIABLE">$test</token>
    <token name="T_PHPDOX_CLOSE_BRACKET">)</token>
    <token name="T_PHPDOX_SEMICOLON">;</token>
  </line>
  <line no="367">
    <token name="T_WHITESPACE">            </token>
    <token name="T_VARIABLE">$methodName</token>
    <token name="T_WHITESPACE"> </token>
    <token name="T_PHPDOX_EQUAL">=</token>
    <token name="T_WHITESPACE"> </token>
    <token name="T_VARIABLE">$test</token>
    <token name="T_OBJECT_OPERATOR">-&gt;</token>
    <token name="T_STRING">getName</token>
    <token name="T_PHPDOX_OPEN_BRACKET">(</token>
    <token name="T_PHPDOX_CLOSE_BRACKET">)</token>
    <token name="T_PHPDOX_SEMICOLON">;</token>
  </line>
  <line no="368"/>
  <line no="369">
    <token name="T_WHITESPACE">            </token>
    <token name="T_IF">if</token>
    <token name="T_WHITESPACE"> </token>
    <token name="T_PHPDOX_OPEN_BRACKET">(</token>
    <token name="T_VARIABLE">$class</token>
    <token name="T_OBJECT_OPERATOR">-&gt;</token>
    <token name="T_STRING">hasMethod</token>
    <token name="T_PHPDOX_OPEN_BRACKET">(</token>
    <token name="T_VARIABLE">$methodName</token>
    <token name="T_PHPDOX_CLOSE_BRACKET">)</token>
    <token name="T_PHPDOX_CLOSE_BRACKET">)</token>
    <token name="T_WHITESPACE"> </token>
    <token name="T_PHPDOX_OPEN_CURLY">{</token>
  </line>
  <line no="370">
    <token name="T_WHITESPACE">                </token>
    <token name="T_VARIABLE">$method</token>
    <token name="T_WHITESPACE"> </token>
    <token name="T_PHPDOX_EQUAL">=</token>
    <token name="T_WHITESPACE"> </token>
    <token name="T_VARIABLE">$class</token>
    <token name="T_OBJECT_OPERATOR">-&gt;</token>
    <token name="T_STRING">getMethod</token>
    <token name="T_PHPDOX_OPEN_BRACKET">(</token>
    <token name="T_VARIABLE">$test</token>
    <token name="T_OBJECT_OPERATOR">-&gt;</token>
    <token name="T_STRING">getName</token>
    <token name="T_PHPDOX_OPEN_BRACKET">(</token>
    <token name="T_PHPDOX_CLOSE_BRACKET">)</token>
    <token name="T_PHPDOX_CLOSE_BRACKET">)</token>
    <token name="T_PHPDOX_SEMICOLON">;</token>
  </line>
  <line no="371"/>
  <line no="372">
    <token name="T_WHITESPACE">                </token>
    <token name="T_VARIABLE">$testCase</token>
    <token name="T_OBJECT_OPERATOR">-&gt;</token>
    <token name="T_STRING">setAttribute</token>
    <token name="T_PHPDOX_OPEN_BRACKET">(</token>
    <token name="T_CONSTANT_ENCAPSED_STRING">'class'</token>
    <token name="T_PHPDOX_COMMA">,</token>
    <token name="T_WHITESPACE"> </token>
    <token name="T_VARIABLE">$class</token>
    <token name="T_OBJECT_OPERATOR">-&gt;</token>
    <token name="T_STRING">getName</token>
    <token name="T_PHPDOX_OPEN_BRACKET">(</token>
    <token name="T_PHPDOX_CLOSE_BRACKET">)</token>
    <token name="T_PHPDOX_CLOSE_BRACKET">)</token>
    <token name="T_PHPDOX_SEMICOLON">;</token>
  </line>
  <line no="373">
    <token name="T_WHITESPACE">                </token>
    <token name="T_VARIABLE">$testCase</token>
    <token name="T_OBJECT_OPERATOR">-&gt;</token>
    <token name="T_STRING">setAttribute</token>
    <token name="T_PHPDOX_OPEN_BRACKET">(</token>
    <token name="T_CONSTANT_ENCAPSED_STRING">'file'</token>
    <token name="T_PHPDOX_COMMA">,</token>
    <token name="T_WHITESPACE"> </token>
    <token name="T_VARIABLE">$class</token>
    <token name="T_OBJECT_OPERATOR">-&gt;</token>
    <token name="T_STRING">getFileName</token>
    <token name="T_PHPDOX_OPEN_BRACKET">(</token>
    <token name="T_PHPDOX_CLOSE_BRACKET">)</token>
    <token name="T_PHPDOX_CLOSE_BRACKET">)</token>
    <token name="T_PHPDOX_SEMICOLON">;</token>
  </line>
  <line no="374">
    <token name="T_WHITESPACE">                </token>
    <token name="T_VARIABLE">$testCase</token>
    <token name="T_OBJECT_OPERATOR">-&gt;</token>
    <token name="T_STRING">setAttribute</token>
    <token name="T_PHPDOX_OPEN_BRACKET">(</token>
    <token name="T_CONSTANT_ENCAPSED_STRING">'line'</token>
    <token name="T_PHPDOX_COMMA">,</token>
    <token name="T_WHITESPACE"> </token>
    <token name="T_VARIABLE">$method</token>
    <token name="T_OBJECT_OPERATOR">-&gt;</token>
    <token name="T_STRING">getStartLine</token>
    <token name="T_PHPDOX_OPEN_BRACKET">(</token>
    <token name="T_PHPDOX_CLOSE_BRACKET">)</token>
    <token name="T_PHPDOX_CLOSE_BRACKET">)</token>
    <token name="T_PHPDOX_SEMICOLON">;</token>
  </line>
  <line no="375">
    <token name="T_WHITESPACE">            </token>
    <token name="T_PHPDOX_CLOSE_CURLY">}</token>
  </line>
  <line no="376">
    <token name="T_WHITESPACE">        </token>
    <token name="T_PHPDOX_CLOSE_CURLY">}</token>
  </line>
  <line no="377"/>
  <line no="378">
    <token name="T_WHITESPACE">        </token>
    <token name="T_VARIABLE">$this</token>
    <token name="T_OBJECT_OPERATOR">-&gt;</token>
    <token name="T_STRING">currentTestCase</token>
    <token name="T_WHITESPACE"> </token>
    <token name="T_PHPDOX_EQUAL">=</token>
    <token name="T_WHITESPACE"> </token>
    <token name="T_VARIABLE">$testCase</token>
    <token name="T_PHPDOX_SEMICOLON">;</token>
  </line>
  <line no="379">
    <token name="T_WHITESPACE">    </token>
    <token name="T_PHPDOX_CLOSE_CURLY">}</token>
  </line>
  <line no="380"/>
  <line no="381">
    <token name="T_WHITESPACE">    </token>
    <token name="T_DOC_COMMENT">/**</token>
  </line>
  <line no="382">
    <token name="T_DOC_COMMENT">     * A test ended.</token>
  </line>
  <line no="383">
    <token name="T_DOC_COMMENT">     *</token>
  </line>
  <line no="384">
    <token name="T_DOC_COMMENT">     * @param PHPUnit_Framework_Test $test</token>
  </line>
  <line no="385">
    <token name="T_DOC_COMMENT">     * @param float                  $time</token>
  </line>
  <line no="386">
    <token name="T_DOC_COMMENT">     */</token>
  </line>
  <line no="387">
    <token name="T_WHITESPACE">    </token>
    <token name="T_PUBLIC">public</token>
    <token name="T_WHITESPACE"> </token>
    <token name="T_FUNCTION">function</token>
    <token name="T_WHITESPACE"> </token>
    <token name="T_STRING">endTest</token>
    <token name="T_PHPDOX_OPEN_BRACKET">(</token>
    <token name="T_STRING">PHPUnit_Framework_Test</token>
    <token name="T_WHITESPACE"> </token>
    <token name="T_VARIABLE">$test</token>
    <token name="T_PHPDOX_COMMA">,</token>
    <token name="T_WHITESPACE"> </token>
    <token name="T_VARIABLE">$time</token>
    <token name="T_PHPDOX_CLOSE_BRACKET">)</token>
  </line>
  <line no="388">
    <token name="T_WHITESPACE">    </token>
    <token name="T_PHPDOX_OPEN_CURLY">{</token>
  </line>
  <line no="389">
    <token name="T_WHITESPACE">        </token>
    <token name="T_IF">if</token>
    <token name="T_WHITESPACE"> </token>
    <token name="T_PHPDOX_OPEN_BRACKET">(</token>
    <token name="T_VARIABLE">$this</token>
    <token name="T_OBJECT_OPERATOR">-&gt;</token>
    <token name="T_STRING">attachCurrentTestCase</token>
    <token name="T_PHPDOX_CLOSE_BRACKET">)</token>
    <token name="T_WHITESPACE"> </token>
    <token name="T_PHPDOX_OPEN_CURLY">{</token>
  </line>
  <line no="390">
    <token name="T_WHITESPACE">            </token>
    <token name="T_IF">if</token>
    <token name="T_WHITESPACE"> </token>
    <token name="T_PHPDOX_OPEN_BRACKET">(</token>
    <token name="T_VARIABLE">$test</token>
    <token name="T_WHITESPACE"> </token>
    <token name="T_INSTANCEOF">instanceof</token>
    <token name="T_WHITESPACE"> </token>
    <token name="T_STRING">PHPUnit_Framework_TestCase</token>
    <token name="T_PHPDOX_CLOSE_BRACKET">)</token>
    <token name="T_WHITESPACE"> </token>
    <token name="T_PHPDOX_OPEN_CURLY">{</token>
  </line>
  <line no="391">
    <token name="T_WHITESPACE">                </token>
    <token name="T_VARIABLE">$numAssertions</token>
    <token name="T_WHITESPACE"> </token>
    <token name="T_PHPDOX_EQUAL">=</token>
    <token name="T_WHITESPACE"> </token>
    <token name="T_VARIABLE">$test</token>
    <token name="T_OBJECT_OPERATOR">-&gt;</token>
    <token name="T_STRING">getNumAssertions</token>
    <token name="T_PHPDOX_OPEN_BRACKET">(</token>
    <token name="T_PHPDOX_CLOSE_BRACKET">)</token>
    <token name="T_PHPDOX_SEMICOLON">;</token>
  </line>
  <line no="392">
    <token name="T_WHITESPACE">                </token>
    <token name="T_VARIABLE">$this</token>
    <token name="T_OBJECT_OPERATOR">-&gt;</token>
    <token name="T_STRING">testSuiteAssertions</token>
    <token name="T_PHPDOX_OPEN_SQUARE">[</token>
    <token name="T_VARIABLE">$this</token>
    <token name="T_OBJECT_OPERATOR">-&gt;</token>
    <token name="T_STRING">testSuiteLevel</token>
    <token name="T_PHPDOX_CLOSE_SQUARE">]</token>
    <token name="T_WHITESPACE"> </token>
    <token name="T_PLUS_EQUAL">+=</token>
    <token name="T_WHITESPACE"> </token>
    <token name="T_VARIABLE">$numAssertions</token>
    <token name="T_PHPDOX_SEMICOLON">;</token>
  </line>
  <line no="393"/>
  <line no="394">
    <token name="T_WHITESPACE">                </token>
    <token name="T_VARIABLE">$this</token>
    <token name="T_OBJECT_OPERATOR">-&gt;</token>
    <token name="T_STRING">currentTestCase</token>
    <token name="T_OBJECT_OPERATOR">-&gt;</token>
    <token name="T_STRING">setAttribute</token>
    <token name="T_PHPDOX_OPEN_BRACKET">(</token>
  </line>
  <line no="395">
    <token name="T_WHITESPACE">                    </token>
    <token name="T_CONSTANT_ENCAPSED_STRING">'assertions'</token>
    <token name="T_PHPDOX_COMMA">,</token>
  </line>
  <line no="396">
    <token name="T_WHITESPACE">                    </token>
    <token name="T_VARIABLE">$numAssertions</token>
  </line>
  <line no="397">
    <token name="T_WHITESPACE">                </token>
    <token name="T_PHPDOX_CLOSE_BRACKET">)</token>
    <token name="T_PHPDOX_SEMICOLON">;</token>
  </line>
  <line no="398">
    <token name="T_WHITESPACE">            </token>
    <token name="T_PHPDOX_CLOSE_CURLY">}</token>
  </line>
  <line no="399"/>
  <line no="400">
    <token name="T_WHITESPACE">            </token>
    <token name="T_VARIABLE">$this</token>
    <token name="T_OBJECT_OPERATOR">-&gt;</token>
    <token name="T_STRING">currentTestCase</token>
    <token name="T_OBJECT_OPERATOR">-&gt;</token>
    <token name="T_STRING">setAttribute</token>
    <token name="T_PHPDOX_OPEN_BRACKET">(</token>
  </line>
  <line no="401">
    <token name="T_WHITESPACE">                </token>
    <token name="T_CONSTANT_ENCAPSED_STRING">'time'</token>
    <token name="T_PHPDOX_COMMA">,</token>
  </line>
  <line no="402">
    <token name="T_WHITESPACE">                </token>
    <token name="T_STRING">sprintf</token>
    <token name="T_PHPDOX_OPEN_BRACKET">(</token>
    <token name="T_CONSTANT_ENCAPSED_STRING">'%F'</token>
    <token name="T_PHPDOX_COMMA">,</token>
    <token name="T_WHITESPACE"> </token>
    <token name="T_VARIABLE">$time</token>
    <token name="T_PHPDOX_CLOSE_BRACKET">)</token>
  </line>
  <line no="403">
    <token name="T_WHITESPACE">            </token>
    <token name="T_PHPDOX_CLOSE_BRACKET">)</token>
    <token name="T_PHPDOX_SEMICOLON">;</token>
  </line>
  <line no="404"/>
  <line no="405">
    <token name="T_WHITESPACE">            </token>
    <token name="T_VARIABLE">$this</token>
    <token name="T_OBJECT_OPERATOR">-&gt;</token>
    <token name="T_STRING">testSuites</token>
    <token name="T_PHPDOX_OPEN_SQUARE">[</token>
    <token name="T_VARIABLE">$this</token>
    <token name="T_OBJECT_OPERATOR">-&gt;</token>
    <token name="T_STRING">testSuiteLevel</token>
    <token name="T_PHPDOX_CLOSE_SQUARE">]</token>
    <token name="T_OBJECT_OPERATOR">-&gt;</token>
    <token name="T_STRING">appendChild</token>
    <token name="T_PHPDOX_OPEN_BRACKET">(</token>
  </line>
  <line no="406">
    <token name="T_WHITESPACE">                </token>
    <token name="T_VARIABLE">$this</token>
    <token name="T_OBJECT_OPERATOR">-&gt;</token>
    <token name="T_STRING">currentTestCase</token>
  </line>
  <line no="407">
    <token name="T_WHITESPACE">            </token>
    <token name="T_PHPDOX_CLOSE_BRACKET">)</token>
    <token name="T_PHPDOX_SEMICOLON">;</token>
  </line>
  <line no="408"/>
  <line no="409">
    <token name="T_WHITESPACE">            </token>
    <token name="T_VARIABLE">$this</token>
    <token name="T_OBJECT_OPERATOR">-&gt;</token>
    <token name="T_STRING">testSuiteTests</token>
    <token name="T_PHPDOX_OPEN_SQUARE">[</token>
    <token name="T_VARIABLE">$this</token>
    <token name="T_OBJECT_OPERATOR">-&gt;</token>
    <token name="T_STRING">testSuiteLevel</token>
    <token name="T_PHPDOX_CLOSE_SQUARE">]</token>
    <token name="T_INC">++</token>
    <token name="T_PHPDOX_SEMICOLON">;</token>
  </line>
  <line no="410">
    <token name="T_WHITESPACE">            </token>
    <token name="T_VARIABLE">$this</token>
    <token name="T_OBJECT_OPERATOR">-&gt;</token>
    <token name="T_STRING">testSuiteTimes</token>
    <token name="T_PHPDOX_OPEN_SQUARE">[</token>
    <token name="T_VARIABLE">$this</token>
    <token name="T_OBJECT_OPERATOR">-&gt;</token>
    <token name="T_STRING">testSuiteLevel</token>
    <token name="T_PHPDOX_CLOSE_SQUARE">]</token>
    <token name="T_WHITESPACE"> </token>
    <token name="T_PLUS_EQUAL">+=</token>
    <token name="T_WHITESPACE"> </token>
    <token name="T_VARIABLE">$time</token>
    <token name="T_PHPDOX_SEMICOLON">;</token>
  </line>
  <line no="411"/>
  <line no="412">
    <token name="T_WHITESPACE">            </token>
    <token name="T_IF">if</token>
    <token name="T_WHITESPACE"> </token>
    <token name="T_PHPDOX_OPEN_BRACKET">(</token>
    <token name="T_STRING">method_exists</token>
    <token name="T_PHPDOX_OPEN_BRACKET">(</token>
    <token name="T_VARIABLE">$test</token>
    <token name="T_PHPDOX_COMMA">,</token>
    <token name="T_WHITESPACE"> </token>
    <token name="T_CONSTANT_ENCAPSED_STRING">'hasOutput'</token>
    <token name="T_PHPDOX_CLOSE_BRACKET">)</token>
    <token name="T_WHITESPACE"> </token>
    <token name="T_BOOLEAN_AND">&amp;&amp;</token>
    <token name="T_WHITESPACE"> </token>
    <token name="T_VARIABLE">$test</token>
    <token name="T_OBJECT_OPERATOR">-&gt;</token>
    <token name="T_STRING">hasOutput</token>
    <token name="T_PHPDOX_OPEN_BRACKET">(</token>
    <token name="T_PHPDOX_CLOSE_BRACKET">)</token>
    <token name="T_PHPDOX_CLOSE_BRACKET">)</token>
    <token name="T_WHITESPACE"> </token>
    <token name="T_PHPDOX_OPEN_CURLY">{</token>
  </line>
  <line no="413">
    <token name="T_WHITESPACE">                </token>
    <token name="T_VARIABLE">$systemOut</token>
    <token name="T_WHITESPACE"> </token>
    <token name="T_PHPDOX_EQUAL">=</token>
    <token name="T_WHITESPACE"> </token>
    <token name="T_VARIABLE">$this</token>
    <token name="T_OBJECT_OPERATOR">-&gt;</token>
    <token name="T_STRING">document</token>
    <token name="T_OBJECT_OPERATOR">-&gt;</token>
    <token name="T_STRING">createElement</token>
    <token name="T_PHPDOX_OPEN_BRACKET">(</token>
    <token name="T_CONSTANT_ENCAPSED_STRING">'system-out'</token>
    <token name="T_PHPDOX_CLOSE_BRACKET">)</token>
    <token name="T_PHPDOX_SEMICOLON">;</token>
  </line>
  <line no="414">
    <token name="T_WHITESPACE">                </token>
    <token name="T_VARIABLE">$systemOut</token>
    <token name="T_OBJECT_OPERATOR">-&gt;</token>
    <token name="T_STRING">appendChild</token>
    <token name="T_PHPDOX_OPEN_BRACKET">(</token>
  </line>
  <line no="415">
    <token name="T_WHITESPACE">                    </token>
    <token name="T_VARIABLE">$this</token>
    <token name="T_OBJECT_OPERATOR">-&gt;</token>
    <token name="T_STRING">document</token>
    <token name="T_OBJECT_OPERATOR">-&gt;</token>
    <token name="T_STRING">createTextNode</token>
    <token name="T_PHPDOX_OPEN_BRACKET">(</token>
    <token name="T_VARIABLE">$test</token>
    <token name="T_OBJECT_OPERATOR">-&gt;</token>
    <token name="T_STRING">getActualOutput</token>
    <token name="T_PHPDOX_OPEN_BRACKET">(</token>
    <token name="T_PHPDOX_CLOSE_BRACKET">)</token>
    <token name="T_PHPDOX_CLOSE_BRACKET">)</token>
  </line>
  <line no="416">
    <token name="T_WHITESPACE">                </token>
    <token name="T_PHPDOX_CLOSE_BRACKET">)</token>
    <token name="T_PHPDOX_SEMICOLON">;</token>
  </line>
  <line no="417">
    <token name="T_WHITESPACE">                </token>
    <token name="T_VARIABLE">$this</token>
    <token name="T_OBJECT_OPERATOR">-&gt;</token>
    <token name="T_STRING">currentTestCase</token>
    <token name="T_OBJECT_OPERATOR">-&gt;</token>
    <token name="T_STRING">appendChild</token>
    <token name="T_PHPDOX_OPEN_BRACKET">(</token>
    <token name="T_VARIABLE">$systemOut</token>
    <token name="T_PHPDOX_CLOSE_BRACKET">)</token>
    <token name="T_PHPDOX_SEMICOLON">;</token>
  </line>
  <line no="418">
    <token name="T_WHITESPACE">            </token>
    <token name="T_PHPDOX_CLOSE_CURLY">}</token>
  </line>
  <line no="419">
    <token name="T_WHITESPACE">        </token>
    <token name="T_PHPDOX_CLOSE_CURLY">}</token>
  </line>
  <line no="420"/>
  <line no="421">
    <token name="T_WHITESPACE">        </token>
    <token name="T_VARIABLE">$this</token>
    <token name="T_OBJECT_OPERATOR">-&gt;</token>
    <token name="T_STRING">attachCurrentTestCase</token>
    <token name="T_WHITESPACE"> </token>
    <token name="T_PHPDOX_EQUAL">=</token>
    <token name="T_WHITESPACE"> </token>
    <token name="T_STRING">true</token>
    <token name="T_PHPDOX_SEMICOLON">;</token>
  </line>
  <line no="422">
    <token name="T_WHITESPACE">        </token>
    <token name="T_VARIABLE">$this</token>
    <token name="T_OBJECT_OPERATOR">-&gt;</token>
    <token name="T_STRING">currentTestCase</token>
    <token name="T_WHITESPACE">       </token>
    <token name="T_PHPDOX_EQUAL">=</token>
    <token name="T_WHITESPACE"> </token>
    <token name="T_STRING">null</token>
    <token name="T_PHPDOX_SEMICOLON">;</token>
  </line>
  <line no="423">
    <token name="T_WHITESPACE">    </token>
    <token name="T_PHPDOX_CLOSE_CURLY">}</token>
  </line>
  <line no="424"/>
  <line no="425">
    <token name="T_WHITESPACE">    </token>
    <token name="T_DOC_COMMENT">/**</token>
  </line>
  <line no="426">
    <token name="T_DOC_COMMENT">     * Returns the XML as a string.</token>
  </line>
  <line no="427">
    <token name="T_DOC_COMMENT">     *</token>
  </line>
  <line no="428">
    <token name="T_DOC_COMMENT">     * @return string</token>
  </line>
  <line no="429">
    <token name="T_DOC_COMMENT">     *</token>
  </line>
  <line no="430">
    <token name="T_DOC_COMMENT">     * @since  Method available since Release 2.2.0</token>
  </line>
  <line no="431">
    <token name="T_DOC_COMMENT">     */</token>
  </line>
  <line no="432">
    <token name="T_WHITESPACE">    </token>
    <token name="T_PUBLIC">public</token>
    <token name="T_WHITESPACE"> </token>
    <token name="T_FUNCTION">function</token>
    <token name="T_WHITESPACE"> </token>
    <token name="T_STRING">getXML</token>
    <token name="T_PHPDOX_OPEN_BRACKET">(</token>
    <token name="T_PHPDOX_CLOSE_BRACKET">)</token>
  </line>
  <line no="433">
    <token name="T_WHITESPACE">    </token>
    <token name="T_PHPDOX_OPEN_CURLY">{</token>
  </line>
  <line no="434">
    <token name="T_WHITESPACE">        </token>
    <token name="T_RETURN">return</token>
    <token name="T_WHITESPACE"> </token>
    <token name="T_VARIABLE">$this</token>
    <token name="T_OBJECT_OPERATOR">-&gt;</token>
    <token name="T_STRING">document</token>
    <token name="T_OBJECT_OPERATOR">-&gt;</token>
    <token name="T_STRING">saveXML</token>
    <token name="T_PHPDOX_OPEN_BRACKET">(</token>
    <token name="T_PHPDOX_CLOSE_BRACKET">)</token>
    <token name="T_PHPDOX_SEMICOLON">;</token>
  </line>
  <line no="435">
    <token name="T_WHITESPACE">    </token>
    <token name="T_PHPDOX_CLOSE_CURLY">}</token>
  </line>
  <line no="436"/>
  <line no="437">
    <token name="T_WHITESPACE">    </token>
    <token name="T_DOC_COMMENT">/**</token>
  </line>
  <line no="438">
    <token name="T_DOC_COMMENT">     * Enables or disables the writing of the document</token>
  </line>
  <line no="439">
    <token name="T_DOC_COMMENT">     * in flush().</token>
  </line>
  <line no="440">
    <token name="T_DOC_COMMENT">     *</token>
  </line>
  <line no="441">
    <token name="T_DOC_COMMENT">     * This is a "hack" needed for the integration of</token>
  </line>
  <line no="442">
    <token name="T_DOC_COMMENT">     * PHPUnit with Phing.</token>
  </line>
  <line no="443">
    <token name="T_DOC_COMMENT">     *</token>
  </line>
  <line no="444">
    <token name="T_DOC_COMMENT">     * @return string</token>
  </line>
  <line no="445">
    <token name="T_DOC_COMMENT">     *</token>
  </line>
  <line no="446">
    <token name="T_DOC_COMMENT">     * @since  Method available since Release 2.2.0</token>
  </line>
  <line no="447">
    <token name="T_DOC_COMMENT">     */</token>
  </line>
  <line no="448">
    <token name="T_WHITESPACE">    </token>
    <token name="T_PUBLIC">public</token>
    <token name="T_WHITESPACE"> </token>
    <token name="T_FUNCTION">function</token>
    <token name="T_WHITESPACE"> </token>
    <token name="T_STRING">setWriteDocument</token>
    <token name="T_PHPDOX_OPEN_BRACKET">(</token>
    <token name="T_VARIABLE">$flag</token>
    <token name="T_PHPDOX_CLOSE_BRACKET">)</token>
  </line>
  <line no="449">
    <token name="T_WHITESPACE">    </token>
    <token name="T_PHPDOX_OPEN_CURLY">{</token>
  </line>
  <line no="450">
    <token name="T_WHITESPACE">        </token>
    <token name="T_IF">if</token>
    <token name="T_WHITESPACE"> </token>
    <token name="T_PHPDOX_OPEN_BRACKET">(</token>
    <token name="T_STRING">is_bool</token>
    <token name="T_PHPDOX_OPEN_BRACKET">(</token>
    <token name="T_VARIABLE">$flag</token>
    <token name="T_PHPDOX_CLOSE_BRACKET">)</token>
    <token name="T_PHPDOX_CLOSE_BRACKET">)</token>
    <token name="T_WHITESPACE"> </token>
    <token name="T_PHPDOX_OPEN_CURLY">{</token>
  </line>
  <line no="451">
    <token name="T_WHITESPACE">            </token>
    <token name="T_VARIABLE">$this</token>
    <token name="T_OBJECT_OPERATOR">-&gt;</token>
    <token name="T_STRING">writeDocument</token>
    <token name="T_WHITESPACE"> </token>
    <token name="T_PHPDOX_EQUAL">=</token>
    <token name="T_WHITESPACE"> </token>
    <token name="T_VARIABLE">$flag</token>
    <token name="T_PHPDOX_SEMICOLON">;</token>
  </line>
  <line no="452">
    <token name="T_WHITESPACE">        </token>
    <token name="T_PHPDOX_CLOSE_CURLY">}</token>
  </line>
  <line no="453">
    <token name="T_WHITESPACE">    </token>
    <token name="T_PHPDOX_CLOSE_CURLY">}</token>
  </line>
  <line no="454">
    <token name="T_PHPDOX_CLOSE_CURLY">}</token>
  </line>
  <line no="455"/>
</source>
