<?xml version="1.0"?>
<source xmlns="http://xml.phpdox.net/token">
  <file xmlns="http://xml.phpdox.net/src" path="/home/robert/Desktop/Hogeschool/2ejaars Development/DevBOpdrachten/project56/http/laravel/vendor/phpspec/phpspec/src/PhpSpec/Formatter" file="JUnitFormatter.php" realpath="/home/robert/Desktop/Hogeschool/2ejaars Development/DevBOpdrachten/project56/http/laravel/vendor/phpspec/phpspec/src/PhpSpec/Formatter/JUnitFormatter.php" size="6160" time="2015-12-17T18:44:10+00:00" unixtime="1450377850" sha1="c224e973ba2eb7c912329bae83973c5f904da86b" relative="vendor/phpspec/phpspec/src/PhpSpec/Formatter/JUnitFormatter.php"/>
  <line no="1">
    <token name="T_OPEN_TAG">&lt;?php</token>
  </line>
  <line no="2"/>
  <line no="3">
    <token name="T_COMMENT">/*</token>
  </line>
  <line no="4">
    <token name="T_COMMENT"> * This file is part of PhpSpec, A php toolset to drive emergent</token>
  </line>
  <line no="5">
    <token name="T_COMMENT"> * design by specification.</token>
  </line>
  <line no="6">
    <token name="T_COMMENT"> *</token>
  </line>
  <line no="7">
    <token name="T_COMMENT"> * (c) Marcello Duarte &lt;marcello.duarte@gmail.com&gt;</token>
  </line>
  <line no="8">
    <token name="T_COMMENT"> * (c) Konstantin Kudryashov &lt;ever.zet@gmail.com&gt;</token>
  </line>
  <line no="9">
    <token name="T_COMMENT"> *</token>
  </line>
  <line no="10">
    <token name="T_COMMENT"> * For the full copyright and license information, please view the LICENSE</token>
  </line>
  <line no="11">
    <token name="T_COMMENT"> * file that was distributed with this source code.</token>
  </line>
  <line no="12">
    <token name="T_COMMENT"> */</token>
  </line>
  <line no="13"/>
  <line no="14">
    <token name="T_NAMESPACE">namespace</token>
    <token name="T_WHITESPACE"> </token>
    <token name="T_STRING">PhpSpec</token>
    <token name="T_NS_SEPARATOR">\</token>
    <token name="T_STRING">Formatter</token>
    <token name="T_PHPDOX_SEMICOLON">;</token>
  </line>
  <line no="15"/>
  <line no="16">
    <token name="T_USE">use</token>
    <token name="T_WHITESPACE"> </token>
    <token name="T_STRING">PhpSpec</token>
    <token name="T_NS_SEPARATOR">\</token>
    <token name="T_STRING">IO</token>
    <token name="T_NS_SEPARATOR">\</token>
    <token name="T_STRING">IOInterface</token>
    <token name="T_WHITESPACE"> </token>
    <token name="T_AS">as</token>
    <token name="T_WHITESPACE"> </token>
    <token name="T_STRING">IO</token>
    <token name="T_PHPDOX_SEMICOLON">;</token>
  </line>
  <line no="17">
    <token name="T_USE">use</token>
    <token name="T_WHITESPACE"> </token>
    <token name="T_STRING">PhpSpec</token>
    <token name="T_NS_SEPARATOR">\</token>
    <token name="T_STRING">Formatter</token>
    <token name="T_NS_SEPARATOR">\</token>
    <token name="T_STRING">Presenter</token>
    <token name="T_NS_SEPARATOR">\</token>
    <token name="T_STRING">PresenterInterface</token>
    <token name="T_PHPDOX_SEMICOLON">;</token>
  </line>
  <line no="18">
    <token name="T_USE">use</token>
    <token name="T_WHITESPACE"> </token>
    <token name="T_STRING">PhpSpec</token>
    <token name="T_NS_SEPARATOR">\</token>
    <token name="T_STRING">Listener</token>
    <token name="T_NS_SEPARATOR">\</token>
    <token name="T_STRING">StatisticsCollector</token>
    <token name="T_PHPDOX_SEMICOLON">;</token>
  </line>
  <line no="19">
    <token name="T_USE">use</token>
    <token name="T_WHITESPACE"> </token>
    <token name="T_STRING">PhpSpec</token>
    <token name="T_NS_SEPARATOR">\</token>
    <token name="T_STRING">Event</token>
    <token name="T_NS_SEPARATOR">\</token>
    <token name="T_STRING">ExampleEvent</token>
    <token name="T_PHPDOX_SEMICOLON">;</token>
  </line>
  <line no="20">
    <token name="T_USE">use</token>
    <token name="T_WHITESPACE"> </token>
    <token name="T_STRING">PhpSpec</token>
    <token name="T_NS_SEPARATOR">\</token>
    <token name="T_STRING">Event</token>
    <token name="T_NS_SEPARATOR">\</token>
    <token name="T_STRING">SuiteEvent</token>
    <token name="T_PHPDOX_SEMICOLON">;</token>
  </line>
  <line no="21">
    <token name="T_USE">use</token>
    <token name="T_WHITESPACE"> </token>
    <token name="T_STRING">PhpSpec</token>
    <token name="T_NS_SEPARATOR">\</token>
    <token name="T_STRING">Event</token>
    <token name="T_NS_SEPARATOR">\</token>
    <token name="T_STRING">SpecificationEvent</token>
    <token name="T_PHPDOX_SEMICOLON">;</token>
  </line>
  <line no="22"/>
  <line no="23">
    <token name="T_DOC_COMMENT">/**</token>
  </line>
  <line no="24">
    <token name="T_DOC_COMMENT"> * The JUnit Formatter</token>
  </line>
  <line no="25">
    <token name="T_DOC_COMMENT"> *</token>
  </line>
  <line no="26">
    <token name="T_DOC_COMMENT"> * @author Gildas Quemener &lt;gildas.quemener@gmail.com&gt;</token>
  </line>
  <line no="27">
    <token name="T_DOC_COMMENT"> */</token>
  </line>
  <line no="28">
    <token name="T_CLASS">class</token>
    <token name="T_WHITESPACE"> </token>
    <token name="T_STRING">JUnitFormatter</token>
    <token name="T_WHITESPACE"> </token>
    <token name="T_EXTENDS">extends</token>
    <token name="T_WHITESPACE"> </token>
    <token name="T_STRING">BasicFormatter</token>
  </line>
  <line no="29">
    <token name="T_PHPDOX_OPEN_CURLY">{</token>
  </line>
  <line no="30">
    <token name="T_WHITESPACE">    </token>
    <token name="T_DOC_COMMENT">/** @var array */</token>
  </line>
  <line no="31">
    <token name="T_WHITESPACE">    </token>
    <token name="T_PROTECTED">protected</token>
    <token name="T_WHITESPACE"> </token>
    <token name="T_VARIABLE">$testCaseNodes</token>
    <token name="T_WHITESPACE"> </token>
    <token name="T_PHPDOX_EQUAL">=</token>
    <token name="T_WHITESPACE"> </token>
    <token name="T_ARRAY">array</token>
    <token name="T_PHPDOX_OPEN_BRACKET">(</token>
    <token name="T_PHPDOX_CLOSE_BRACKET">)</token>
    <token name="T_PHPDOX_SEMICOLON">;</token>
  </line>
  <line no="32"/>
  <line no="33">
    <token name="T_WHITESPACE">    </token>
    <token name="T_DOC_COMMENT">/** @var array */</token>
  </line>
  <line no="34">
    <token name="T_WHITESPACE">    </token>
    <token name="T_PROTECTED">protected</token>
    <token name="T_WHITESPACE"> </token>
    <token name="T_VARIABLE">$testSuiteNodes</token>
    <token name="T_WHITESPACE"> </token>
    <token name="T_PHPDOX_EQUAL">=</token>
    <token name="T_WHITESPACE"> </token>
    <token name="T_ARRAY">array</token>
    <token name="T_PHPDOX_OPEN_BRACKET">(</token>
    <token name="T_PHPDOX_CLOSE_BRACKET">)</token>
    <token name="T_PHPDOX_SEMICOLON">;</token>
  </line>
  <line no="35"/>
  <line no="36">
    <token name="T_WHITESPACE">    </token>
    <token name="T_DOC_COMMENT">/** @var array */</token>
  </line>
  <line no="37">
    <token name="T_WHITESPACE">    </token>
    <token name="T_PROTECTED">protected</token>
    <token name="T_WHITESPACE"> </token>
    <token name="T_VARIABLE">$exampleStatusCounts</token>
    <token name="T_WHITESPACE"> </token>
    <token name="T_PHPDOX_EQUAL">=</token>
    <token name="T_WHITESPACE"> </token>
    <token name="T_ARRAY">array</token>
    <token name="T_PHPDOX_OPEN_BRACKET">(</token>
    <token name="T_PHPDOX_CLOSE_BRACKET">)</token>
    <token name="T_PHPDOX_SEMICOLON">;</token>
  </line>
  <line no="38"/>
  <line no="39">
    <token name="T_WHITESPACE">    </token>
    <token name="T_DOC_COMMENT">/** @var array */</token>
  </line>
  <line no="40">
    <token name="T_WHITESPACE">    </token>
    <token name="T_PROTECTED">protected</token>
    <token name="T_WHITESPACE"> </token>
    <token name="T_VARIABLE">$jUnitStatuses</token>
    <token name="T_WHITESPACE"> </token>
    <token name="T_PHPDOX_EQUAL">=</token>
    <token name="T_WHITESPACE"> </token>
    <token name="T_ARRAY">array</token>
    <token name="T_PHPDOX_OPEN_BRACKET">(</token>
  </line>
  <line no="41">
    <token name="T_WHITESPACE">        </token>
    <token name="T_STRING">ExampleEvent</token>
    <token name="T_DOUBLE_COLON">::</token>
    <token name="T_STRING">PASSED</token>
    <token name="T_WHITESPACE">  </token>
    <token name="T_DOUBLE_ARROW">=&gt;</token>
    <token name="T_WHITESPACE"> </token>
    <token name="T_CONSTANT_ENCAPSED_STRING">'passed'</token>
    <token name="T_PHPDOX_COMMA">,</token>
  </line>
  <line no="42">
    <token name="T_WHITESPACE">        </token>
    <token name="T_STRING">ExampleEvent</token>
    <token name="T_DOUBLE_COLON">::</token>
    <token name="T_STRING">PENDING</token>
    <token name="T_WHITESPACE"> </token>
    <token name="T_DOUBLE_ARROW">=&gt;</token>
    <token name="T_WHITESPACE"> </token>
    <token name="T_CONSTANT_ENCAPSED_STRING">'pending'</token>
    <token name="T_PHPDOX_COMMA">,</token>
  </line>
  <line no="43">
    <token name="T_WHITESPACE">        </token>
    <token name="T_STRING">ExampleEvent</token>
    <token name="T_DOUBLE_COLON">::</token>
    <token name="T_STRING">SKIPPED</token>
    <token name="T_WHITESPACE"> </token>
    <token name="T_DOUBLE_ARROW">=&gt;</token>
    <token name="T_WHITESPACE"> </token>
    <token name="T_CONSTANT_ENCAPSED_STRING">'skipped'</token>
    <token name="T_PHPDOX_COMMA">,</token>
  </line>
  <line no="44">
    <token name="T_WHITESPACE">        </token>
    <token name="T_STRING">ExampleEvent</token>
    <token name="T_DOUBLE_COLON">::</token>
    <token name="T_STRING">FAILED</token>
    <token name="T_WHITESPACE">  </token>
    <token name="T_DOUBLE_ARROW">=&gt;</token>
    <token name="T_WHITESPACE"> </token>
    <token name="T_CONSTANT_ENCAPSED_STRING">'failed'</token>
    <token name="T_PHPDOX_COMMA">,</token>
  </line>
  <line no="45">
    <token name="T_WHITESPACE">        </token>
    <token name="T_STRING">ExampleEvent</token>
    <token name="T_DOUBLE_COLON">::</token>
    <token name="T_STRING">BROKEN</token>
    <token name="T_WHITESPACE">  </token>
    <token name="T_DOUBLE_ARROW">=&gt;</token>
    <token name="T_WHITESPACE"> </token>
    <token name="T_CONSTANT_ENCAPSED_STRING">'broken'</token>
    <token name="T_PHPDOX_COMMA">,</token>
  </line>
  <line no="46">
    <token name="T_WHITESPACE">    </token>
    <token name="T_PHPDOX_CLOSE_BRACKET">)</token>
    <token name="T_PHPDOX_SEMICOLON">;</token>
  </line>
  <line no="47"/>
  <line no="48">
    <token name="T_WHITESPACE">    </token>
    <token name="T_DOC_COMMENT">/** @var array */</token>
  </line>
  <line no="49">
    <token name="T_WHITESPACE">    </token>
    <token name="T_PROTECTED">protected</token>
    <token name="T_WHITESPACE"> </token>
    <token name="T_VARIABLE">$resultTags</token>
    <token name="T_WHITESPACE"> </token>
    <token name="T_PHPDOX_EQUAL">=</token>
    <token name="T_WHITESPACE"> </token>
    <token name="T_ARRAY">array</token>
    <token name="T_PHPDOX_OPEN_BRACKET">(</token>
  </line>
  <line no="50">
    <token name="T_WHITESPACE">        </token>
    <token name="T_STRING">ExampleEvent</token>
    <token name="T_DOUBLE_COLON">::</token>
    <token name="T_STRING">FAILED</token>
    <token name="T_WHITESPACE">  </token>
    <token name="T_DOUBLE_ARROW">=&gt;</token>
    <token name="T_WHITESPACE"> </token>
    <token name="T_CONSTANT_ENCAPSED_STRING">'failure'</token>
    <token name="T_PHPDOX_COMMA">,</token>
  </line>
  <line no="51">
    <token name="T_WHITESPACE">        </token>
    <token name="T_STRING">ExampleEvent</token>
    <token name="T_DOUBLE_COLON">::</token>
    <token name="T_STRING">BROKEN</token>
    <token name="T_WHITESPACE">  </token>
    <token name="T_DOUBLE_ARROW">=&gt;</token>
    <token name="T_WHITESPACE"> </token>
    <token name="T_CONSTANT_ENCAPSED_STRING">'error'</token>
    <token name="T_PHPDOX_COMMA">,</token>
  </line>
  <line no="52">
    <token name="T_WHITESPACE">        </token>
    <token name="T_STRING">ExampleEvent</token>
    <token name="T_DOUBLE_COLON">::</token>
    <token name="T_STRING">SKIPPED</token>
    <token name="T_WHITESPACE"> </token>
    <token name="T_DOUBLE_ARROW">=&gt;</token>
    <token name="T_WHITESPACE"> </token>
    <token name="T_CONSTANT_ENCAPSED_STRING">'skipped'</token>
    <token name="T_PHPDOX_COMMA">,</token>
  </line>
  <line no="53">
    <token name="T_WHITESPACE">    </token>
    <token name="T_PHPDOX_CLOSE_BRACKET">)</token>
    <token name="T_PHPDOX_SEMICOLON">;</token>
  </line>
  <line no="54"/>
  <line no="55">
    <token name="T_WHITESPACE">    </token>
    <token name="T_PUBLIC">public</token>
    <token name="T_WHITESPACE"> </token>
    <token name="T_FUNCTION">function</token>
    <token name="T_WHITESPACE"> </token>
    <token name="T_STRING">__construct</token>
    <token name="T_PHPDOX_OPEN_BRACKET">(</token>
    <token name="T_STRING">PresenterInterface</token>
    <token name="T_WHITESPACE"> </token>
    <token name="T_VARIABLE">$presenter</token>
    <token name="T_PHPDOX_COMMA">,</token>
    <token name="T_WHITESPACE"> </token>
    <token name="T_STRING">IO</token>
    <token name="T_WHITESPACE"> </token>
    <token name="T_VARIABLE">$io</token>
    <token name="T_PHPDOX_COMMA">,</token>
    <token name="T_WHITESPACE"> </token>
    <token name="T_STRING">StatisticsCollector</token>
    <token name="T_WHITESPACE"> </token>
    <token name="T_VARIABLE">$stats</token>
    <token name="T_PHPDOX_CLOSE_BRACKET">)</token>
  </line>
  <line no="56">
    <token name="T_WHITESPACE">    </token>
    <token name="T_PHPDOX_OPEN_CURLY">{</token>
  </line>
  <line no="57">
    <token name="T_WHITESPACE">        </token>
    <token name="T_STRING">parent</token>
    <token name="T_DOUBLE_COLON">::</token>
    <token name="T_STRING">__construct</token>
    <token name="T_PHPDOX_OPEN_BRACKET">(</token>
    <token name="T_VARIABLE">$presenter</token>
    <token name="T_PHPDOX_COMMA">,</token>
    <token name="T_WHITESPACE"> </token>
    <token name="T_VARIABLE">$io</token>
    <token name="T_PHPDOX_COMMA">,</token>
    <token name="T_WHITESPACE"> </token>
    <token name="T_VARIABLE">$stats</token>
    <token name="T_PHPDOX_CLOSE_BRACKET">)</token>
    <token name="T_PHPDOX_SEMICOLON">;</token>
  </line>
  <line no="58"/>
  <line no="59">
    <token name="T_WHITESPACE">        </token>
    <token name="T_VARIABLE">$this</token>
    <token name="T_OBJECT_OPERATOR">-&gt;</token>
    <token name="T_STRING">initTestCaseNodes</token>
    <token name="T_PHPDOX_OPEN_BRACKET">(</token>
    <token name="T_PHPDOX_CLOSE_BRACKET">)</token>
    <token name="T_PHPDOX_SEMICOLON">;</token>
  </line>
  <line no="60">
    <token name="T_WHITESPACE">    </token>
    <token name="T_PHPDOX_CLOSE_CURLY">}</token>
  </line>
  <line no="61"/>
  <line no="62">
    <token name="T_WHITESPACE">    </token>
    <token name="T_DOC_COMMENT">/**</token>
  </line>
  <line no="63">
    <token name="T_DOC_COMMENT">     * Set testcase nodes</token>
  </line>
  <line no="64">
    <token name="T_DOC_COMMENT">     *</token>
  </line>
  <line no="65">
    <token name="T_DOC_COMMENT">     * @param array $testCaseNodes</token>
  </line>
  <line no="66">
    <token name="T_DOC_COMMENT">     */</token>
  </line>
  <line no="67">
    <token name="T_WHITESPACE">    </token>
    <token name="T_PUBLIC">public</token>
    <token name="T_WHITESPACE"> </token>
    <token name="T_FUNCTION">function</token>
    <token name="T_WHITESPACE"> </token>
    <token name="T_STRING">setTestCaseNodes</token>
    <token name="T_PHPDOX_OPEN_BRACKET">(</token>
    <token name="T_ARRAY">array</token>
    <token name="T_WHITESPACE"> </token>
    <token name="T_VARIABLE">$testCaseNodes</token>
    <token name="T_PHPDOX_CLOSE_BRACKET">)</token>
  </line>
  <line no="68">
    <token name="T_WHITESPACE">    </token>
    <token name="T_PHPDOX_OPEN_CURLY">{</token>
  </line>
  <line no="69">
    <token name="T_WHITESPACE">        </token>
    <token name="T_VARIABLE">$this</token>
    <token name="T_OBJECT_OPERATOR">-&gt;</token>
    <token name="T_STRING">testCaseNodes</token>
    <token name="T_WHITESPACE"> </token>
    <token name="T_PHPDOX_EQUAL">=</token>
    <token name="T_WHITESPACE"> </token>
    <token name="T_VARIABLE">$testCaseNodes</token>
    <token name="T_PHPDOX_SEMICOLON">;</token>
  </line>
  <line no="70">
    <token name="T_WHITESPACE">    </token>
    <token name="T_PHPDOX_CLOSE_CURLY">}</token>
  </line>
  <line no="71"/>
  <line no="72">
    <token name="T_WHITESPACE">    </token>
    <token name="T_DOC_COMMENT">/**</token>
  </line>
  <line no="73">
    <token name="T_DOC_COMMENT">     * Get testcase nodes</token>
  </line>
  <line no="74">
    <token name="T_DOC_COMMENT">     *</token>
  </line>
  <line no="75">
    <token name="T_DOC_COMMENT">     * @return array</token>
  </line>
  <line no="76">
    <token name="T_DOC_COMMENT">     */</token>
  </line>
  <line no="77">
    <token name="T_WHITESPACE">    </token>
    <token name="T_PUBLIC">public</token>
    <token name="T_WHITESPACE"> </token>
    <token name="T_FUNCTION">function</token>
    <token name="T_WHITESPACE"> </token>
    <token name="T_STRING">getTestCaseNodes</token>
    <token name="T_PHPDOX_OPEN_BRACKET">(</token>
    <token name="T_PHPDOX_CLOSE_BRACKET">)</token>
  </line>
  <line no="78">
    <token name="T_WHITESPACE">    </token>
    <token name="T_PHPDOX_OPEN_CURLY">{</token>
  </line>
  <line no="79">
    <token name="T_WHITESPACE">        </token>
    <token name="T_RETURN">return</token>
    <token name="T_WHITESPACE"> </token>
    <token name="T_VARIABLE">$this</token>
    <token name="T_OBJECT_OPERATOR">-&gt;</token>
    <token name="T_STRING">testCaseNodes</token>
    <token name="T_PHPDOX_SEMICOLON">;</token>
  </line>
  <line no="80">
    <token name="T_WHITESPACE">    </token>
    <token name="T_PHPDOX_CLOSE_CURLY">}</token>
  </line>
  <line no="81"/>
  <line no="82">
    <token name="T_WHITESPACE">    </token>
    <token name="T_DOC_COMMENT">/**</token>
  </line>
  <line no="83">
    <token name="T_DOC_COMMENT">     * Set testsuite nodes</token>
  </line>
  <line no="84">
    <token name="T_DOC_COMMENT">     *</token>
  </line>
  <line no="85">
    <token name="T_DOC_COMMENT">     * @param array $testSuiteNodes</token>
  </line>
  <line no="86">
    <token name="T_DOC_COMMENT">     */</token>
  </line>
  <line no="87">
    <token name="T_WHITESPACE">    </token>
    <token name="T_PUBLIC">public</token>
    <token name="T_WHITESPACE"> </token>
    <token name="T_FUNCTION">function</token>
    <token name="T_WHITESPACE"> </token>
    <token name="T_STRING">setTestSuiteNodes</token>
    <token name="T_PHPDOX_OPEN_BRACKET">(</token>
    <token name="T_ARRAY">array</token>
    <token name="T_WHITESPACE"> </token>
    <token name="T_VARIABLE">$testSuiteNodes</token>
    <token name="T_PHPDOX_CLOSE_BRACKET">)</token>
  </line>
  <line no="88">
    <token name="T_WHITESPACE">    </token>
    <token name="T_PHPDOX_OPEN_CURLY">{</token>
  </line>
  <line no="89">
    <token name="T_WHITESPACE">        </token>
    <token name="T_VARIABLE">$this</token>
    <token name="T_OBJECT_OPERATOR">-&gt;</token>
    <token name="T_STRING">testSuiteNodes</token>
    <token name="T_WHITESPACE"> </token>
    <token name="T_PHPDOX_EQUAL">=</token>
    <token name="T_WHITESPACE"> </token>
    <token name="T_VARIABLE">$testSuiteNodes</token>
    <token name="T_PHPDOX_SEMICOLON">;</token>
  </line>
  <line no="90">
    <token name="T_WHITESPACE">    </token>
    <token name="T_PHPDOX_CLOSE_CURLY">}</token>
  </line>
  <line no="91"/>
  <line no="92">
    <token name="T_WHITESPACE">    </token>
    <token name="T_DOC_COMMENT">/**</token>
  </line>
  <line no="93">
    <token name="T_DOC_COMMENT">     * Get testsuite nodes</token>
  </line>
  <line no="94">
    <token name="T_DOC_COMMENT">     *</token>
  </line>
  <line no="95">
    <token name="T_DOC_COMMENT">     * @return array</token>
  </line>
  <line no="96">
    <token name="T_DOC_COMMENT">     */</token>
  </line>
  <line no="97">
    <token name="T_WHITESPACE">    </token>
    <token name="T_PUBLIC">public</token>
    <token name="T_WHITESPACE"> </token>
    <token name="T_FUNCTION">function</token>
    <token name="T_WHITESPACE"> </token>
    <token name="T_STRING">getTestSuiteNodes</token>
    <token name="T_PHPDOX_OPEN_BRACKET">(</token>
    <token name="T_PHPDOX_CLOSE_BRACKET">)</token>
  </line>
  <line no="98">
    <token name="T_WHITESPACE">    </token>
    <token name="T_PHPDOX_OPEN_CURLY">{</token>
  </line>
  <line no="99">
    <token name="T_WHITESPACE">        </token>
    <token name="T_RETURN">return</token>
    <token name="T_WHITESPACE"> </token>
    <token name="T_VARIABLE">$this</token>
    <token name="T_OBJECT_OPERATOR">-&gt;</token>
    <token name="T_STRING">testSuiteNodes</token>
    <token name="T_PHPDOX_SEMICOLON">;</token>
  </line>
  <line no="100">
    <token name="T_WHITESPACE">    </token>
    <token name="T_PHPDOX_CLOSE_CURLY">}</token>
  </line>
  <line no="101"/>
  <line no="102">
    <token name="T_WHITESPACE">    </token>
    <token name="T_DOC_COMMENT">/**</token>
  </line>
  <line no="103">
    <token name="T_DOC_COMMENT">     * Set example status counts</token>
  </line>
  <line no="104">
    <token name="T_DOC_COMMENT">     *</token>
  </line>
  <line no="105">
    <token name="T_DOC_COMMENT">     * @param array $exampleStatusCounts</token>
  </line>
  <line no="106">
    <token name="T_DOC_COMMENT">     */</token>
  </line>
  <line no="107">
    <token name="T_WHITESPACE">    </token>
    <token name="T_PUBLIC">public</token>
    <token name="T_WHITESPACE"> </token>
    <token name="T_FUNCTION">function</token>
    <token name="T_WHITESPACE"> </token>
    <token name="T_STRING">setExampleStatusCounts</token>
    <token name="T_PHPDOX_OPEN_BRACKET">(</token>
    <token name="T_ARRAY">array</token>
    <token name="T_WHITESPACE"> </token>
    <token name="T_VARIABLE">$exampleStatusCounts</token>
    <token name="T_PHPDOX_CLOSE_BRACKET">)</token>
  </line>
  <line no="108">
    <token name="T_WHITESPACE">    </token>
    <token name="T_PHPDOX_OPEN_CURLY">{</token>
  </line>
  <line no="109">
    <token name="T_WHITESPACE">        </token>
    <token name="T_VARIABLE">$this</token>
    <token name="T_OBJECT_OPERATOR">-&gt;</token>
    <token name="T_STRING">exampleStatusCounts</token>
    <token name="T_WHITESPACE"> </token>
    <token name="T_PHPDOX_EQUAL">=</token>
    <token name="T_WHITESPACE"> </token>
    <token name="T_VARIABLE">$exampleStatusCounts</token>
    <token name="T_PHPDOX_SEMICOLON">;</token>
  </line>
  <line no="110">
    <token name="T_WHITESPACE">    </token>
    <token name="T_PHPDOX_CLOSE_CURLY">}</token>
  </line>
  <line no="111"/>
  <line no="112">
    <token name="T_WHITESPACE">    </token>
    <token name="T_DOC_COMMENT">/**</token>
  </line>
  <line no="113">
    <token name="T_DOC_COMMENT">     * Get example status counts</token>
  </line>
  <line no="114">
    <token name="T_DOC_COMMENT">     *</token>
  </line>
  <line no="115">
    <token name="T_DOC_COMMENT">     * @return array</token>
  </line>
  <line no="116">
    <token name="T_DOC_COMMENT">     */</token>
  </line>
  <line no="117">
    <token name="T_WHITESPACE">    </token>
    <token name="T_PUBLIC">public</token>
    <token name="T_WHITESPACE"> </token>
    <token name="T_FUNCTION">function</token>
    <token name="T_WHITESPACE"> </token>
    <token name="T_STRING">getExampleStatusCounts</token>
    <token name="T_PHPDOX_OPEN_BRACKET">(</token>
    <token name="T_PHPDOX_CLOSE_BRACKET">)</token>
  </line>
  <line no="118">
    <token name="T_WHITESPACE">    </token>
    <token name="T_PHPDOX_OPEN_CURLY">{</token>
  </line>
  <line no="119">
    <token name="T_WHITESPACE">        </token>
    <token name="T_RETURN">return</token>
    <token name="T_WHITESPACE"> </token>
    <token name="T_VARIABLE">$this</token>
    <token name="T_OBJECT_OPERATOR">-&gt;</token>
    <token name="T_STRING">exampleStatusCounts</token>
    <token name="T_PHPDOX_SEMICOLON">;</token>
  </line>
  <line no="120">
    <token name="T_WHITESPACE">    </token>
    <token name="T_PHPDOX_CLOSE_CURLY">}</token>
  </line>
  <line no="121"/>
  <line no="122">
    <token name="T_WHITESPACE">    </token>
    <token name="T_DOC_COMMENT">/**</token>
  </line>
  <line no="123">
    <token name="T_DOC_COMMENT">     * {@inheritdoc}</token>
  </line>
  <line no="124">
    <token name="T_DOC_COMMENT">     */</token>
  </line>
  <line no="125">
    <token name="T_WHITESPACE">    </token>
    <token name="T_PUBLIC">public</token>
    <token name="T_WHITESPACE"> </token>
    <token name="T_FUNCTION">function</token>
    <token name="T_WHITESPACE"> </token>
    <token name="T_STRING">afterExample</token>
    <token name="T_PHPDOX_OPEN_BRACKET">(</token>
    <token name="T_STRING">ExampleEvent</token>
    <token name="T_WHITESPACE"> </token>
    <token name="T_VARIABLE">$event</token>
    <token name="T_PHPDOX_CLOSE_BRACKET">)</token>
  </line>
  <line no="126">
    <token name="T_WHITESPACE">    </token>
    <token name="T_PHPDOX_OPEN_CURLY">{</token>
  </line>
  <line no="127">
    <token name="T_WHITESPACE">        </token>
    <token name="T_VARIABLE">$testCaseNode</token>
    <token name="T_WHITESPACE"> </token>
    <token name="T_PHPDOX_EQUAL">=</token>
    <token name="T_WHITESPACE"> </token>
    <token name="T_STRING">sprintf</token>
    <token name="T_PHPDOX_OPEN_BRACKET">(</token>
  </line>
  <line no="128">
    <token name="T_WHITESPACE">            </token>
    <token name="T_CONSTANT_ENCAPSED_STRING">'&lt;testcase name="%s" time="%F" classname="%s" status="%s"'</token>
    <token name="T_PHPDOX_COMMA">,</token>
  </line>
  <line no="129">
    <token name="T_WHITESPACE">            </token>
    <token name="T_VARIABLE">$event</token>
    <token name="T_OBJECT_OPERATOR">-&gt;</token>
    <token name="T_STRING">getTitle</token>
    <token name="T_PHPDOX_OPEN_BRACKET">(</token>
    <token name="T_PHPDOX_CLOSE_BRACKET">)</token>
    <token name="T_PHPDOX_COMMA">,</token>
  </line>
  <line no="130">
    <token name="T_WHITESPACE">            </token>
    <token name="T_VARIABLE">$event</token>
    <token name="T_OBJECT_OPERATOR">-&gt;</token>
    <token name="T_STRING">getTime</token>
    <token name="T_PHPDOX_OPEN_BRACKET">(</token>
    <token name="T_PHPDOX_CLOSE_BRACKET">)</token>
    <token name="T_PHPDOX_COMMA">,</token>
  </line>
  <line no="131">
    <token name="T_WHITESPACE">            </token>
    <token name="T_VARIABLE">$event</token>
    <token name="T_OBJECT_OPERATOR">-&gt;</token>
    <token name="T_STRING">getSpecification</token>
    <token name="T_PHPDOX_OPEN_BRACKET">(</token>
    <token name="T_PHPDOX_CLOSE_BRACKET">)</token>
    <token name="T_OBJECT_OPERATOR">-&gt;</token>
    <token name="T_STRING">getClassReflection</token>
    <token name="T_PHPDOX_OPEN_BRACKET">(</token>
    <token name="T_PHPDOX_CLOSE_BRACKET">)</token>
    <token name="T_OBJECT_OPERATOR">-&gt;</token>
    <token name="T_STRING">getName</token>
    <token name="T_PHPDOX_OPEN_BRACKET">(</token>
    <token name="T_PHPDOX_CLOSE_BRACKET">)</token>
    <token name="T_PHPDOX_COMMA">,</token>
  </line>
  <line no="132">
    <token name="T_WHITESPACE">            </token>
    <token name="T_VARIABLE">$this</token>
    <token name="T_OBJECT_OPERATOR">-&gt;</token>
    <token name="T_STRING">jUnitStatuses</token>
    <token name="T_PHPDOX_OPEN_SQUARE">[</token>
    <token name="T_VARIABLE">$event</token>
    <token name="T_OBJECT_OPERATOR">-&gt;</token>
    <token name="T_STRING">getResult</token>
    <token name="T_PHPDOX_OPEN_BRACKET">(</token>
    <token name="T_PHPDOX_CLOSE_BRACKET">)</token>
    <token name="T_PHPDOX_CLOSE_SQUARE">]</token>
  </line>
  <line no="133">
    <token name="T_WHITESPACE">        </token>
    <token name="T_PHPDOX_CLOSE_BRACKET">)</token>
    <token name="T_PHPDOX_SEMICOLON">;</token>
  </line>
  <line no="134"/>
  <line no="135">
    <token name="T_WHITESPACE">        </token>
    <token name="T_VARIABLE">$this</token>
    <token name="T_OBJECT_OPERATOR">-&gt;</token>
    <token name="T_STRING">exampleStatusCounts</token>
    <token name="T_PHPDOX_OPEN_SQUARE">[</token>
    <token name="T_VARIABLE">$event</token>
    <token name="T_OBJECT_OPERATOR">-&gt;</token>
    <token name="T_STRING">getResult</token>
    <token name="T_PHPDOX_OPEN_BRACKET">(</token>
    <token name="T_PHPDOX_CLOSE_BRACKET">)</token>
    <token name="T_PHPDOX_CLOSE_SQUARE">]</token>
    <token name="T_INC">++</token>
    <token name="T_PHPDOX_SEMICOLON">;</token>
  </line>
  <line no="136"/>
  <line no="137">
    <token name="T_WHITESPACE">        </token>
    <token name="T_IF">if</token>
    <token name="T_WHITESPACE"> </token>
    <token name="T_PHPDOX_OPEN_BRACKET">(</token>
    <token name="T_STRING">in_array</token>
    <token name="T_PHPDOX_OPEN_BRACKET">(</token>
    <token name="T_VARIABLE">$event</token>
    <token name="T_OBJECT_OPERATOR">-&gt;</token>
    <token name="T_STRING">getResult</token>
    <token name="T_PHPDOX_OPEN_BRACKET">(</token>
    <token name="T_PHPDOX_CLOSE_BRACKET">)</token>
    <token name="T_PHPDOX_COMMA">,</token>
    <token name="T_WHITESPACE"> </token>
    <token name="T_ARRAY">array</token>
    <token name="T_PHPDOX_OPEN_BRACKET">(</token>
    <token name="T_STRING">ExampleEvent</token>
    <token name="T_DOUBLE_COLON">::</token>
    <token name="T_STRING">BROKEN</token>
    <token name="T_PHPDOX_COMMA">,</token>
    <token name="T_WHITESPACE"> </token>
    <token name="T_STRING">ExampleEvent</token>
    <token name="T_DOUBLE_COLON">::</token>
    <token name="T_STRING">FAILED</token>
    <token name="T_PHPDOX_CLOSE_BRACKET">)</token>
    <token name="T_PHPDOX_CLOSE_BRACKET">)</token>
    <token name="T_PHPDOX_CLOSE_BRACKET">)</token>
    <token name="T_WHITESPACE"> </token>
    <token name="T_PHPDOX_OPEN_CURLY">{</token>
  </line>
  <line no="138">
    <token name="T_WHITESPACE">            </token>
    <token name="T_VARIABLE">$exception</token>
    <token name="T_WHITESPACE"> </token>
    <token name="T_PHPDOX_EQUAL">=</token>
    <token name="T_WHITESPACE"> </token>
    <token name="T_VARIABLE">$event</token>
    <token name="T_OBJECT_OPERATOR">-&gt;</token>
    <token name="T_STRING">getException</token>
    <token name="T_PHPDOX_OPEN_BRACKET">(</token>
    <token name="T_PHPDOX_CLOSE_BRACKET">)</token>
    <token name="T_PHPDOX_SEMICOLON">;</token>
  </line>
  <line no="139">
    <token name="T_WHITESPACE">            </token>
    <token name="T_VARIABLE">$testCaseNode</token>
    <token name="T_WHITESPACE"> </token>
    <token name="T_CONCAT_EQUAL">.=</token>
    <token name="T_WHITESPACE"> </token>
    <token name="T_STRING">sprintf</token>
    <token name="T_PHPDOX_OPEN_BRACKET">(</token>
  </line>
  <line no="140">
    <token name="T_WHITESPACE">                </token>
    <token name="T_CONSTANT_ENCAPSED_STRING">'&gt;'</token>
    <token name="T_PHPDOX_DOT">.</token>
    <token name="T_CONSTANT_ENCAPSED_STRING">"\n"</token>
    <token name="T_PHPDOX_DOT">.</token>
  </line>
  <line no="141">
    <token name="T_WHITESPACE">                </token>
    <token name="T_CONSTANT_ENCAPSED_STRING">'&lt;%s type="%s" message="%s" /&gt;'</token>
    <token name="T_PHPDOX_DOT">.</token>
    <token name="T_CONSTANT_ENCAPSED_STRING">"\n"</token>
    <token name="T_PHPDOX_DOT">.</token>
  </line>
  <line no="142">
    <token name="T_WHITESPACE">                </token>
    <token name="T_CONSTANT_ENCAPSED_STRING">'&lt;system-err&gt;'</token>
    <token name="T_PHPDOX_DOT">.</token>
    <token name="T_CONSTANT_ENCAPSED_STRING">"\n"</token>
    <token name="T_PHPDOX_DOT">.</token>
  </line>
  <line no="143">
    <token name="T_WHITESPACE">                </token>
    <token name="T_CONSTANT_ENCAPSED_STRING">'&lt;![CDATA['</token>
    <token name="T_PHPDOX_DOT">.</token>
    <token name="T_CONSTANT_ENCAPSED_STRING">"\n"</token>
    <token name="T_PHPDOX_DOT">.</token>
  </line>
  <line no="144">
    <token name="T_WHITESPACE">                </token>
    <token name="T_CONSTANT_ENCAPSED_STRING">'%s'</token>
    <token name="T_PHPDOX_DOT">.</token>
    <token name="T_CONSTANT_ENCAPSED_STRING">"\n"</token>
    <token name="T_PHPDOX_DOT">.</token>
  </line>
  <line no="145">
    <token name="T_WHITESPACE">                </token>
    <token name="T_CONSTANT_ENCAPSED_STRING">']]&gt;'</token>
    <token name="T_PHPDOX_DOT">.</token>
    <token name="T_CONSTANT_ENCAPSED_STRING">"\n"</token>
    <token name="T_PHPDOX_DOT">.</token>
  </line>
  <line no="146">
    <token name="T_WHITESPACE">                </token>
    <token name="T_CONSTANT_ENCAPSED_STRING">'&lt;/system-err&gt;'</token>
    <token name="T_PHPDOX_DOT">.</token>
    <token name="T_CONSTANT_ENCAPSED_STRING">"\n"</token>
    <token name="T_PHPDOX_DOT">.</token>
  </line>
  <line no="147">
    <token name="T_WHITESPACE">                </token>
    <token name="T_CONSTANT_ENCAPSED_STRING">'&lt;/testcase&gt;'</token>
    <token name="T_PHPDOX_COMMA">,</token>
  </line>
  <line no="148">
    <token name="T_WHITESPACE">                </token>
    <token name="T_VARIABLE">$this</token>
    <token name="T_OBJECT_OPERATOR">-&gt;</token>
    <token name="T_STRING">resultTags</token>
    <token name="T_PHPDOX_OPEN_SQUARE">[</token>
    <token name="T_VARIABLE">$event</token>
    <token name="T_OBJECT_OPERATOR">-&gt;</token>
    <token name="T_STRING">getResult</token>
    <token name="T_PHPDOX_OPEN_BRACKET">(</token>
    <token name="T_PHPDOX_CLOSE_BRACKET">)</token>
    <token name="T_PHPDOX_CLOSE_SQUARE">]</token>
    <token name="T_PHPDOX_COMMA">,</token>
  </line>
  <line no="149">
    <token name="T_WHITESPACE">                </token>
    <token name="T_STRING">get_class</token>
    <token name="T_PHPDOX_OPEN_BRACKET">(</token>
    <token name="T_VARIABLE">$exception</token>
    <token name="T_PHPDOX_CLOSE_BRACKET">)</token>
    <token name="T_PHPDOX_COMMA">,</token>
  </line>
  <line no="150">
    <token name="T_WHITESPACE">                </token>
    <token name="T_STRING">htmlspecialchars</token>
    <token name="T_PHPDOX_OPEN_BRACKET">(</token>
    <token name="T_VARIABLE">$exception</token>
    <token name="T_OBJECT_OPERATOR">-&gt;</token>
    <token name="T_STRING">getMessage</token>
    <token name="T_PHPDOX_OPEN_BRACKET">(</token>
    <token name="T_PHPDOX_CLOSE_BRACKET">)</token>
    <token name="T_PHPDOX_CLOSE_BRACKET">)</token>
    <token name="T_PHPDOX_COMMA">,</token>
  </line>
  <line no="151">
    <token name="T_WHITESPACE">                </token>
    <token name="T_VARIABLE">$exception</token>
    <token name="T_OBJECT_OPERATOR">-&gt;</token>
    <token name="T_STRING">getTraceAsString</token>
    <token name="T_PHPDOX_OPEN_BRACKET">(</token>
    <token name="T_PHPDOX_CLOSE_BRACKET">)</token>
  </line>
  <line no="152">
    <token name="T_WHITESPACE">            </token>
    <token name="T_PHPDOX_CLOSE_BRACKET">)</token>
    <token name="T_PHPDOX_SEMICOLON">;</token>
  </line>
  <line no="153">
    <token name="T_WHITESPACE">        </token>
    <token name="T_PHPDOX_CLOSE_CURLY">}</token>
    <token name="T_WHITESPACE"> </token>
    <token name="T_ELSEIF">elseif</token>
    <token name="T_WHITESPACE"> </token>
    <token name="T_PHPDOX_OPEN_BRACKET">(</token>
    <token name="T_STRING">ExampleEvent</token>
    <token name="T_DOUBLE_COLON">::</token>
    <token name="T_STRING">SKIPPED</token>
    <token name="T_WHITESPACE"> </token>
    <token name="T_IS_IDENTICAL">===</token>
    <token name="T_WHITESPACE"> </token>
    <token name="T_VARIABLE">$event</token>
    <token name="T_OBJECT_OPERATOR">-&gt;</token>
    <token name="T_STRING">getResult</token>
    <token name="T_PHPDOX_OPEN_BRACKET">(</token>
    <token name="T_PHPDOX_CLOSE_BRACKET">)</token>
    <token name="T_PHPDOX_CLOSE_BRACKET">)</token>
    <token name="T_WHITESPACE"> </token>
    <token name="T_PHPDOX_OPEN_CURLY">{</token>
  </line>
  <line no="154">
    <token name="T_WHITESPACE">            </token>
    <token name="T_VARIABLE">$testCaseNode</token>
    <token name="T_WHITESPACE"> </token>
    <token name="T_CONCAT_EQUAL">.=</token>
    <token name="T_WHITESPACE"> </token>
    <token name="T_STRING">sprintf</token>
    <token name="T_PHPDOX_OPEN_BRACKET">(</token>
  </line>
  <line no="155">
    <token name="T_WHITESPACE">                </token>
    <token name="T_CONSTANT_ENCAPSED_STRING">'&gt;'</token>
    <token name="T_PHPDOX_DOT">.</token>
    <token name="T_CONSTANT_ENCAPSED_STRING">"\n"</token>
    <token name="T_PHPDOX_DOT">.</token>
  </line>
  <line no="156">
    <token name="T_WHITESPACE">                </token>
    <token name="T_CONSTANT_ENCAPSED_STRING">'\&lt;skipped&gt;&lt;![CDATA[ %s ]]&gt;\&lt;/skipped&gt;'</token>
    <token name="T_PHPDOX_DOT">.</token>
    <token name="T_CONSTANT_ENCAPSED_STRING">"\n"</token>
    <token name="T_PHPDOX_DOT">.</token>
  </line>
  <line no="157">
    <token name="T_WHITESPACE">                </token>
    <token name="T_CONSTANT_ENCAPSED_STRING">'&lt;/testcase&gt;'</token>
    <token name="T_PHPDOX_COMMA">,</token>
  </line>
  <line no="158">
    <token name="T_WHITESPACE">                </token>
    <token name="T_STRING">htmlspecialchars</token>
    <token name="T_PHPDOX_OPEN_BRACKET">(</token>
    <token name="T_VARIABLE">$event</token>
    <token name="T_OBJECT_OPERATOR">-&gt;</token>
    <token name="T_STRING">getException</token>
    <token name="T_PHPDOX_OPEN_BRACKET">(</token>
    <token name="T_PHPDOX_CLOSE_BRACKET">)</token>
    <token name="T_OBJECT_OPERATOR">-&gt;</token>
    <token name="T_STRING">getMessage</token>
    <token name="T_PHPDOX_OPEN_BRACKET">(</token>
    <token name="T_PHPDOX_CLOSE_BRACKET">)</token>
    <token name="T_PHPDOX_CLOSE_BRACKET">)</token>
  </line>
  <line no="159">
    <token name="T_WHITESPACE">            </token>
    <token name="T_PHPDOX_CLOSE_BRACKET">)</token>
    <token name="T_PHPDOX_SEMICOLON">;</token>
  </line>
  <line no="160">
    <token name="T_WHITESPACE">        </token>
    <token name="T_PHPDOX_CLOSE_CURLY">}</token>
    <token name="T_WHITESPACE"> </token>
    <token name="T_ELSE">else</token>
    <token name="T_WHITESPACE"> </token>
    <token name="T_PHPDOX_OPEN_CURLY">{</token>
  </line>
  <line no="161">
    <token name="T_WHITESPACE">            </token>
    <token name="T_VARIABLE">$testCaseNode</token>
    <token name="T_WHITESPACE"> </token>
    <token name="T_CONCAT_EQUAL">.=</token>
    <token name="T_WHITESPACE"> </token>
    <token name="T_CONSTANT_ENCAPSED_STRING">' /&gt;'</token>
    <token name="T_PHPDOX_SEMICOLON">;</token>
  </line>
  <line no="162">
    <token name="T_WHITESPACE">        </token>
    <token name="T_PHPDOX_CLOSE_CURLY">}</token>
  </line>
  <line no="163"/>
  <line no="164">
    <token name="T_WHITESPACE">        </token>
    <token name="T_VARIABLE">$this</token>
    <token name="T_OBJECT_OPERATOR">-&gt;</token>
    <token name="T_STRING">testCaseNodes</token>
    <token name="T_PHPDOX_OPEN_SQUARE">[</token>
    <token name="T_PHPDOX_CLOSE_SQUARE">]</token>
    <token name="T_WHITESPACE"> </token>
    <token name="T_PHPDOX_EQUAL">=</token>
    <token name="T_WHITESPACE"> </token>
    <token name="T_VARIABLE">$testCaseNode</token>
    <token name="T_PHPDOX_SEMICOLON">;</token>
  </line>
  <line no="165">
    <token name="T_WHITESPACE">    </token>
    <token name="T_PHPDOX_CLOSE_CURLY">}</token>
  </line>
  <line no="166"/>
  <line no="167">
    <token name="T_WHITESPACE">    </token>
    <token name="T_DOC_COMMENT">/**</token>
  </line>
  <line no="168">
    <token name="T_DOC_COMMENT">     * {@inheritdoc}</token>
  </line>
  <line no="169">
    <token name="T_DOC_COMMENT">     */</token>
  </line>
  <line no="170">
    <token name="T_WHITESPACE">    </token>
    <token name="T_PUBLIC">public</token>
    <token name="T_WHITESPACE"> </token>
    <token name="T_FUNCTION">function</token>
    <token name="T_WHITESPACE"> </token>
    <token name="T_STRING">afterSpecification</token>
    <token name="T_PHPDOX_OPEN_BRACKET">(</token>
    <token name="T_STRING">SpecificationEvent</token>
    <token name="T_WHITESPACE"> </token>
    <token name="T_VARIABLE">$event</token>
    <token name="T_PHPDOX_CLOSE_BRACKET">)</token>
  </line>
  <line no="171">
    <token name="T_WHITESPACE">    </token>
    <token name="T_PHPDOX_OPEN_CURLY">{</token>
  </line>
  <line no="172">
    <token name="T_WHITESPACE">        </token>
    <token name="T_VARIABLE">$this</token>
    <token name="T_OBJECT_OPERATOR">-&gt;</token>
    <token name="T_STRING">testSuiteNodes</token>
    <token name="T_PHPDOX_OPEN_SQUARE">[</token>
    <token name="T_PHPDOX_CLOSE_SQUARE">]</token>
    <token name="T_WHITESPACE"> </token>
    <token name="T_PHPDOX_EQUAL">=</token>
    <token name="T_WHITESPACE"> </token>
    <token name="T_STRING">sprintf</token>
    <token name="T_PHPDOX_OPEN_BRACKET">(</token>
  </line>
  <line no="173">
    <token name="T_WHITESPACE">            </token>
    <token name="T_CONSTANT_ENCAPSED_STRING">'&lt;testsuite name="%s" time="%F" tests="%s" failures="%s" errors="%s" skipped="%s"&gt;'</token>
    <token name="T_PHPDOX_DOT">.</token>
    <token name="T_CONSTANT_ENCAPSED_STRING">"\n"</token>
    <token name="T_PHPDOX_DOT">.</token>
  </line>
  <line no="174">
    <token name="T_WHITESPACE">            </token>
    <token name="T_CONSTANT_ENCAPSED_STRING">'%s'</token>
    <token name="T_PHPDOX_DOT">.</token>
    <token name="T_CONSTANT_ENCAPSED_STRING">"\n"</token>
    <token name="T_PHPDOX_DOT">.</token>
  </line>
  <line no="175">
    <token name="T_WHITESPACE">            </token>
    <token name="T_CONSTANT_ENCAPSED_STRING">'&lt;/testsuite&gt;'</token>
    <token name="T_PHPDOX_COMMA">,</token>
  </line>
  <line no="176">
    <token name="T_WHITESPACE">            </token>
    <token name="T_VARIABLE">$event</token>
    <token name="T_OBJECT_OPERATOR">-&gt;</token>
    <token name="T_STRING">getTitle</token>
    <token name="T_PHPDOX_OPEN_BRACKET">(</token>
    <token name="T_PHPDOX_CLOSE_BRACKET">)</token>
    <token name="T_PHPDOX_COMMA">,</token>
  </line>
  <line no="177">
    <token name="T_WHITESPACE">            </token>
    <token name="T_VARIABLE">$event</token>
    <token name="T_OBJECT_OPERATOR">-&gt;</token>
    <token name="T_STRING">getTime</token>
    <token name="T_PHPDOX_OPEN_BRACKET">(</token>
    <token name="T_PHPDOX_CLOSE_BRACKET">)</token>
    <token name="T_PHPDOX_COMMA">,</token>
  </line>
  <line no="178">
    <token name="T_WHITESPACE">            </token>
    <token name="T_STRING">count</token>
    <token name="T_PHPDOX_OPEN_BRACKET">(</token>
    <token name="T_VARIABLE">$this</token>
    <token name="T_OBJECT_OPERATOR">-&gt;</token>
    <token name="T_STRING">testCaseNodes</token>
    <token name="T_PHPDOX_CLOSE_BRACKET">)</token>
    <token name="T_PHPDOX_COMMA">,</token>
  </line>
  <line no="179">
    <token name="T_WHITESPACE">            </token>
    <token name="T_VARIABLE">$this</token>
    <token name="T_OBJECT_OPERATOR">-&gt;</token>
    <token name="T_STRING">exampleStatusCounts</token>
    <token name="T_PHPDOX_OPEN_SQUARE">[</token>
    <token name="T_STRING">ExampleEvent</token>
    <token name="T_DOUBLE_COLON">::</token>
    <token name="T_STRING">FAILED</token>
    <token name="T_PHPDOX_CLOSE_SQUARE">]</token>
    <token name="T_PHPDOX_COMMA">,</token>
  </line>
  <line no="180">
    <token name="T_WHITESPACE">            </token>
    <token name="T_VARIABLE">$this</token>
    <token name="T_OBJECT_OPERATOR">-&gt;</token>
    <token name="T_STRING">exampleStatusCounts</token>
    <token name="T_PHPDOX_OPEN_SQUARE">[</token>
    <token name="T_STRING">ExampleEvent</token>
    <token name="T_DOUBLE_COLON">::</token>
    <token name="T_STRING">BROKEN</token>
    <token name="T_PHPDOX_CLOSE_SQUARE">]</token>
    <token name="T_PHPDOX_COMMA">,</token>
  </line>
  <line no="181">
    <token name="T_WHITESPACE">            </token>
    <token name="T_VARIABLE">$this</token>
    <token name="T_OBJECT_OPERATOR">-&gt;</token>
    <token name="T_STRING">exampleStatusCounts</token>
    <token name="T_PHPDOX_OPEN_SQUARE">[</token>
    <token name="T_STRING">ExampleEvent</token>
    <token name="T_DOUBLE_COLON">::</token>
    <token name="T_STRING">PENDING</token>
    <token name="T_PHPDOX_CLOSE_SQUARE">]</token>
    <token name="T_WHITESPACE"> </token>
    <token name="T_PHPDOX_PLUS">+</token>
    <token name="T_WHITESPACE"> </token>
    <token name="T_VARIABLE">$this</token>
    <token name="T_OBJECT_OPERATOR">-&gt;</token>
    <token name="T_STRING">exampleStatusCounts</token>
    <token name="T_PHPDOX_OPEN_SQUARE">[</token>
    <token name="T_STRING">ExampleEvent</token>
    <token name="T_DOUBLE_COLON">::</token>
    <token name="T_STRING">SKIPPED</token>
    <token name="T_PHPDOX_CLOSE_SQUARE">]</token>
    <token name="T_PHPDOX_COMMA">,</token>
  </line>
  <line no="182">
    <token name="T_WHITESPACE">            </token>
    <token name="T_STRING">implode</token>
    <token name="T_PHPDOX_OPEN_BRACKET">(</token>
    <token name="T_CONSTANT_ENCAPSED_STRING">"\n"</token>
    <token name="T_PHPDOX_COMMA">,</token>
    <token name="T_WHITESPACE"> </token>
    <token name="T_VARIABLE">$this</token>
    <token name="T_OBJECT_OPERATOR">-&gt;</token>
    <token name="T_STRING">testCaseNodes</token>
    <token name="T_PHPDOX_CLOSE_BRACKET">)</token>
  </line>
  <line no="183">
    <token name="T_WHITESPACE">        </token>
    <token name="T_PHPDOX_CLOSE_BRACKET">)</token>
    <token name="T_PHPDOX_SEMICOLON">;</token>
  </line>
  <line no="184"/>
  <line no="185">
    <token name="T_WHITESPACE">        </token>
    <token name="T_VARIABLE">$this</token>
    <token name="T_OBJECT_OPERATOR">-&gt;</token>
    <token name="T_STRING">initTestCaseNodes</token>
    <token name="T_PHPDOX_OPEN_BRACKET">(</token>
    <token name="T_PHPDOX_CLOSE_BRACKET">)</token>
    <token name="T_PHPDOX_SEMICOLON">;</token>
  </line>
  <line no="186">
    <token name="T_WHITESPACE">    </token>
    <token name="T_PHPDOX_CLOSE_CURLY">}</token>
  </line>
  <line no="187"/>
  <line no="188">
    <token name="T_WHITESPACE">    </token>
    <token name="T_DOC_COMMENT">/**</token>
  </line>
  <line no="189">
    <token name="T_DOC_COMMENT">     * {@inheritdoc}</token>
  </line>
  <line no="190">
    <token name="T_DOC_COMMENT">     */</token>
  </line>
  <line no="191">
    <token name="T_WHITESPACE">    </token>
    <token name="T_PUBLIC">public</token>
    <token name="T_WHITESPACE"> </token>
    <token name="T_FUNCTION">function</token>
    <token name="T_WHITESPACE"> </token>
    <token name="T_STRING">afterSuite</token>
    <token name="T_PHPDOX_OPEN_BRACKET">(</token>
    <token name="T_STRING">SuiteEvent</token>
    <token name="T_WHITESPACE"> </token>
    <token name="T_VARIABLE">$event</token>
    <token name="T_PHPDOX_CLOSE_BRACKET">)</token>
  </line>
  <line no="192">
    <token name="T_WHITESPACE">    </token>
    <token name="T_PHPDOX_OPEN_CURLY">{</token>
  </line>
  <line no="193">
    <token name="T_WHITESPACE">        </token>
    <token name="T_VARIABLE">$stats</token>
    <token name="T_WHITESPACE"> </token>
    <token name="T_PHPDOX_EQUAL">=</token>
    <token name="T_WHITESPACE"> </token>
    <token name="T_VARIABLE">$this</token>
    <token name="T_OBJECT_OPERATOR">-&gt;</token>
    <token name="T_STRING">getStatisticsCollector</token>
    <token name="T_PHPDOX_OPEN_BRACKET">(</token>
    <token name="T_PHPDOX_CLOSE_BRACKET">)</token>
    <token name="T_PHPDOX_SEMICOLON">;</token>
  </line>
  <line no="194"/>
  <line no="195">
    <token name="T_WHITESPACE">        </token>
    <token name="T_VARIABLE">$output</token>
    <token name="T_WHITESPACE"> </token>
    <token name="T_PHPDOX_EQUAL">=</token>
    <token name="T_WHITESPACE"> </token>
    <token name="T_STRING">sprintf</token>
    <token name="T_PHPDOX_OPEN_BRACKET">(</token>
  </line>
  <line no="196">
    <token name="T_WHITESPACE">            </token>
    <token name="T_CONSTANT_ENCAPSED_STRING">'&lt;?xml version="1.0" encoding="UTF-8" ?&gt;'</token>
    <token name="T_WHITESPACE"> </token>
    <token name="T_PHPDOX_DOT">.</token>
    <token name="T_WHITESPACE"> </token>
    <token name="T_CONSTANT_ENCAPSED_STRING">"\n"</token>
    <token name="T_WHITESPACE"> </token>
    <token name="T_PHPDOX_DOT">.</token>
  </line>
  <line no="197">
    <token name="T_WHITESPACE">            </token>
    <token name="T_CONSTANT_ENCAPSED_STRING">'&lt;testsuites time="%F" tests="%s" failures="%s" errors="%s"&gt;'</token>
    <token name="T_WHITESPACE"> </token>
    <token name="T_PHPDOX_DOT">.</token>
    <token name="T_WHITESPACE"> </token>
    <token name="T_CONSTANT_ENCAPSED_STRING">"\n"</token>
    <token name="T_WHITESPACE"> </token>
    <token name="T_PHPDOX_DOT">.</token>
  </line>
  <line no="198">
    <token name="T_WHITESPACE">            </token>
    <token name="T_CONSTANT_ENCAPSED_STRING">'%s'</token>
    <token name="T_WHITESPACE"> </token>
    <token name="T_PHPDOX_DOT">.</token>
    <token name="T_WHITESPACE"> </token>
    <token name="T_CONSTANT_ENCAPSED_STRING">"\n"</token>
    <token name="T_WHITESPACE"> </token>
    <token name="T_PHPDOX_DOT">.</token>
  </line>
  <line no="199">
    <token name="T_WHITESPACE">            </token>
    <token name="T_CONSTANT_ENCAPSED_STRING">'&lt;/testsuites&gt;'</token>
    <token name="T_PHPDOX_COMMA">,</token>
  </line>
  <line no="200">
    <token name="T_WHITESPACE">            </token>
    <token name="T_VARIABLE">$event</token>
    <token name="T_OBJECT_OPERATOR">-&gt;</token>
    <token name="T_STRING">getTime</token>
    <token name="T_PHPDOX_OPEN_BRACKET">(</token>
    <token name="T_PHPDOX_CLOSE_BRACKET">)</token>
    <token name="T_PHPDOX_COMMA">,</token>
  </line>
  <line no="201">
    <token name="T_WHITESPACE">            </token>
    <token name="T_VARIABLE">$stats</token>
    <token name="T_OBJECT_OPERATOR">-&gt;</token>
    <token name="T_STRING">getEventsCount</token>
    <token name="T_PHPDOX_OPEN_BRACKET">(</token>
    <token name="T_PHPDOX_CLOSE_BRACKET">)</token>
    <token name="T_PHPDOX_COMMA">,</token>
  </line>
  <line no="202">
    <token name="T_WHITESPACE">            </token>
    <token name="T_STRING">count</token>
    <token name="T_PHPDOX_OPEN_BRACKET">(</token>
    <token name="T_VARIABLE">$stats</token>
    <token name="T_OBJECT_OPERATOR">-&gt;</token>
    <token name="T_STRING">getFailedEvents</token>
    <token name="T_PHPDOX_OPEN_BRACKET">(</token>
    <token name="T_PHPDOX_CLOSE_BRACKET">)</token>
    <token name="T_PHPDOX_CLOSE_BRACKET">)</token>
    <token name="T_PHPDOX_COMMA">,</token>
  </line>
  <line no="203">
    <token name="T_WHITESPACE">            </token>
    <token name="T_STRING">count</token>
    <token name="T_PHPDOX_OPEN_BRACKET">(</token>
    <token name="T_VARIABLE">$stats</token>
    <token name="T_OBJECT_OPERATOR">-&gt;</token>
    <token name="T_STRING">getBrokenEvents</token>
    <token name="T_PHPDOX_OPEN_BRACKET">(</token>
    <token name="T_PHPDOX_CLOSE_BRACKET">)</token>
    <token name="T_PHPDOX_CLOSE_BRACKET">)</token>
    <token name="T_PHPDOX_COMMA">,</token>
  </line>
  <line no="204">
    <token name="T_WHITESPACE">            </token>
    <token name="T_STRING">implode</token>
    <token name="T_PHPDOX_OPEN_BRACKET">(</token>
    <token name="T_CONSTANT_ENCAPSED_STRING">"\n"</token>
    <token name="T_PHPDOX_COMMA">,</token>
    <token name="T_WHITESPACE"> </token>
    <token name="T_VARIABLE">$this</token>
    <token name="T_OBJECT_OPERATOR">-&gt;</token>
    <token name="T_STRING">testSuiteNodes</token>
    <token name="T_PHPDOX_CLOSE_BRACKET">)</token>
  </line>
  <line no="205">
    <token name="T_WHITESPACE">        </token>
    <token name="T_PHPDOX_CLOSE_BRACKET">)</token>
    <token name="T_PHPDOX_SEMICOLON">;</token>
  </line>
  <line no="206"/>
  <line no="207">
    <token name="T_WHITESPACE">        </token>
    <token name="T_VARIABLE">$this</token>
    <token name="T_OBJECT_OPERATOR">-&gt;</token>
    <token name="T_STRING">getIo</token>
    <token name="T_PHPDOX_OPEN_BRACKET">(</token>
    <token name="T_PHPDOX_CLOSE_BRACKET">)</token>
    <token name="T_OBJECT_OPERATOR">-&gt;</token>
    <token name="T_STRING">write</token>
    <token name="T_PHPDOX_OPEN_BRACKET">(</token>
    <token name="T_VARIABLE">$output</token>
    <token name="T_PHPDOX_CLOSE_BRACKET">)</token>
    <token name="T_PHPDOX_SEMICOLON">;</token>
  </line>
  <line no="208">
    <token name="T_WHITESPACE">    </token>
    <token name="T_PHPDOX_CLOSE_CURLY">}</token>
  </line>
  <line no="209"/>
  <line no="210">
    <token name="T_WHITESPACE">    </token>
    <token name="T_DOC_COMMENT">/**</token>
  </line>
  <line no="211">
    <token name="T_DOC_COMMENT">     * Initialize test case nodes and example status counts</token>
  </line>
  <line no="212">
    <token name="T_DOC_COMMENT">     */</token>
  </line>
  <line no="213">
    <token name="T_WHITESPACE">    </token>
    <token name="T_PROTECTED">protected</token>
    <token name="T_WHITESPACE"> </token>
    <token name="T_FUNCTION">function</token>
    <token name="T_WHITESPACE"> </token>
    <token name="T_STRING">initTestCaseNodes</token>
    <token name="T_PHPDOX_OPEN_BRACKET">(</token>
    <token name="T_PHPDOX_CLOSE_BRACKET">)</token>
  </line>
  <line no="214">
    <token name="T_WHITESPACE">    </token>
    <token name="T_PHPDOX_OPEN_CURLY">{</token>
  </line>
  <line no="215">
    <token name="T_WHITESPACE">        </token>
    <token name="T_VARIABLE">$this</token>
    <token name="T_OBJECT_OPERATOR">-&gt;</token>
    <token name="T_STRING">testCaseNodes</token>
    <token name="T_WHITESPACE">       </token>
    <token name="T_PHPDOX_EQUAL">=</token>
    <token name="T_WHITESPACE"> </token>
    <token name="T_ARRAY">array</token>
    <token name="T_PHPDOX_OPEN_BRACKET">(</token>
    <token name="T_PHPDOX_CLOSE_BRACKET">)</token>
    <token name="T_PHPDOX_SEMICOLON">;</token>
  </line>
  <line no="216">
    <token name="T_WHITESPACE">        </token>
    <token name="T_VARIABLE">$this</token>
    <token name="T_OBJECT_OPERATOR">-&gt;</token>
    <token name="T_STRING">exampleStatusCounts</token>
    <token name="T_WHITESPACE"> </token>
    <token name="T_PHPDOX_EQUAL">=</token>
    <token name="T_WHITESPACE"> </token>
    <token name="T_ARRAY">array</token>
    <token name="T_PHPDOX_OPEN_BRACKET">(</token>
  </line>
  <line no="217">
    <token name="T_WHITESPACE">            </token>
    <token name="T_STRING">ExampleEvent</token>
    <token name="T_DOUBLE_COLON">::</token>
    <token name="T_STRING">PASSED</token>
    <token name="T_WHITESPACE">  </token>
    <token name="T_DOUBLE_ARROW">=&gt;</token>
    <token name="T_WHITESPACE"> </token>
    <token name="T_LNUMBER">0</token>
    <token name="T_PHPDOX_COMMA">,</token>
  </line>
  <line no="218">
    <token name="T_WHITESPACE">            </token>
    <token name="T_STRING">ExampleEvent</token>
    <token name="T_DOUBLE_COLON">::</token>
    <token name="T_STRING">PENDING</token>
    <token name="T_WHITESPACE"> </token>
    <token name="T_DOUBLE_ARROW">=&gt;</token>
    <token name="T_WHITESPACE"> </token>
    <token name="T_LNUMBER">0</token>
    <token name="T_PHPDOX_COMMA">,</token>
  </line>
  <line no="219">
    <token name="T_WHITESPACE">            </token>
    <token name="T_STRING">ExampleEvent</token>
    <token name="T_DOUBLE_COLON">::</token>
    <token name="T_STRING">SKIPPED</token>
    <token name="T_WHITESPACE"> </token>
    <token name="T_DOUBLE_ARROW">=&gt;</token>
    <token name="T_WHITESPACE"> </token>
    <token name="T_LNUMBER">0</token>
    <token name="T_PHPDOX_COMMA">,</token>
  </line>
  <line no="220">
    <token name="T_WHITESPACE">            </token>
    <token name="T_STRING">ExampleEvent</token>
    <token name="T_DOUBLE_COLON">::</token>
    <token name="T_STRING">FAILED</token>
    <token name="T_WHITESPACE">  </token>
    <token name="T_DOUBLE_ARROW">=&gt;</token>
    <token name="T_WHITESPACE"> </token>
    <token name="T_LNUMBER">0</token>
    <token name="T_PHPDOX_COMMA">,</token>
  </line>
  <line no="221">
    <token name="T_WHITESPACE">            </token>
    <token name="T_STRING">ExampleEvent</token>
    <token name="T_DOUBLE_COLON">::</token>
    <token name="T_STRING">BROKEN</token>
    <token name="T_WHITESPACE">  </token>
    <token name="T_DOUBLE_ARROW">=&gt;</token>
    <token name="T_WHITESPACE"> </token>
    <token name="T_LNUMBER">0</token>
    <token name="T_PHPDOX_COMMA">,</token>
  </line>
  <line no="222">
    <token name="T_WHITESPACE">        </token>
    <token name="T_PHPDOX_CLOSE_BRACKET">)</token>
    <token name="T_PHPDOX_SEMICOLON">;</token>
  </line>
  <line no="223">
    <token name="T_WHITESPACE">    </token>
    <token name="T_PHPDOX_CLOSE_CURLY">}</token>
  </line>
  <line no="224">
    <token name="T_PHPDOX_CLOSE_CURLY">}</token>
  </line>
  <line no="225"/>
</source>
